Shoreburn Cormeadow Ostham Highhaven Icenesse Winterland Bluedell Icebridge Fairfort Bluedale Wildemarsh Mallowness Orwyn Windbridge Springwynne Marbleiron Verthedge Westmill Aelhurst Shadowgrass Shoreburn
20
Shoreburn Shoreburn
Verthedge Oldmoor Verthedge Bluewyn
Icebridge Esterash Fairsage Snowsage Butterhill Mallowway Mistshore Newley Eastcastle
Icenesse Wolflea Rosemill Rosegate Icenesse Newmill Southwheat
Aelhurst Goldcrest Silverwitch Oakmere Brightrock Morwald
Mallowness Greyice Bluelake Mallowness
Springwynne Orbarrow Westerlight Bushgate Flowermill Fairice Silverlea
Shadowgrass Lochmage Highmont Southpine Redlake Buttermead Ostwynne Violetfay Silverbarrow
Orwyn Butterway Fieldedge Courtwall Greensummer
Westmill Strongfall Applecastle Esterfall Westmill Woodice
Marbleiron Stoneglass Foxhaven Starryhill Marbleiron Westvale
Winterland Stonefair Newby Violetley Summermage Eriwall Flowerfield Wooddell Freymere
Highhaven Mallowbridge Redwell Goldwyvern Janholt Wellbank
Windbridge Windbridge Coldville
Bluedell Northriver Bluedell Erilyn Corbank Seamoor Greenshore Lightmere
Bluedale Bluedale Ironriver Orfort
Ostham Clearland Foxvale Dellwyn Blackbush Irondeer Courtcastle
Wildemarsh Courtedge Fogland Wildemarsh
Cormeadow Wellmage Valhaven Butterbush Snowshore Springfox Morwall
Fairfort Clearnesse Deephedge Freyview Brightmere Ironshore Northwynne
