FacultyClub FPF Evans HearstGym Hesse NorthGate GreekTheatre 1914Fountain NewspapersLibrary EthnicLibrary UniversityHouse Wurster SpaceLab Demography TheologicalLibrary BAMPFA BanwayBuilding Dwinelle RecreationalSports Anthony FacultyClub
20
FacultyClub FacultyClub EarthquakeLibrary Morrison MLK
BanwayBuilding Koshland Sproul MathLibrary BerkeleyLawLibrary BanwayBuilding
Anthony Hilgard MediaCenter DonnerLaboratory
Wurster StowPlaza AndersenAuditorium InternationalHouse Davis SimpsonCenter FoxCottage MaxwellField Latimer
TheologicalLibrary OBrien Wheeler EnergyBuilding Stephens Birge IdaHouse
HearstGym Pimentel HearstGym
NorthGate Etcheverry EarthLibrary TAAP Underhill NorthGate
RecreationalSports LeConte
Demography PacificFilmArchive Cheit MartinezCommons VisualCenter
NewspapersLibrary StudentUnion LawrenceofScience AnthropologyLibrary OptometryLibrary NewspapersLibrary MSRI HearstFieldAnnex McCone LawSchool Boalt
BAMPFA Mulford BancroftDance Unit3 IRLE SpringerGateway Campbell AlumniHouse Hildebrand
SpaceLab CareerCenter Wellman Soda
EthnicLibrary SproulPlaza MelvinLaboratory Senior EthnicLibrary HearstGreekTheatre
GreekTheatre BrainImagingCenter Manville WooHonFai AquaticCenter Bowles SocialLibrary Bechtel
Dwinelle Spieker CITRIS Giauque
UniversityHouse UniversityHouse Warren CesarChavez HearstFountain VLSB Stanley Durant FoundersRock
Evans PhysicsLibrary Evans EastAsianLibrary
Hesse Investigative UpperHearstParking
FPF SutardjaDai Library FPF HealthServices BancroftLibrary
1914Fountain BioscienceLibrary Durham Jacobs ArtHistoryLibrary BerkeleyWayWest SEAsianLibrary EngineeringLibrary LatinAmerican
