1 81 78 45 78 81 110 17 184 146 53 10 182 115 158 96 39 76 155 76 39 35 133 84 133 35 39 76 155 23 154 171 72 82 45 78 81 110 92 74 75 56 63 36 51 132 50 105 47 6 114 133 35 199 91 104 73 185 77 10 182 146 184 50 108 38 63 56 84 133 35 39 76 155 23 143 2 126 193 86 36 51 132 34 187 154 171 76 39 144 43 167 169 84 133 35 39 76 155 23 143 111 138 38 108 50 184 146 182 10 77 185 196 62 60 26 48 119 195 78 81 110 143 111 179 24 11 160 86 36 51 132 34 187 154 171 76 39 144 43 184 146 182 10 77 185 73 104 165 81 16 126 75 56 84 133 99 15 105 3 14 178 70 161 69 93 120 49 157 153 150 144 39 76 155 23 143 111 9 99 45 78 81 1
19
1 2 5 7 33 49 65 71 81 94
105 3 14 15 19 47
53 4 6 10 21 22 44 46 53 55 57 77 85 95
24 11 24 29 37 60 66 98
193 86
167 25 32 67 79 83 101
154 23
155 27 39 42 54 76 87 90
92 18 31 34 62 74 75 92 97 100
38 38 61
84 8 28 84
48 26 48 89
72 41 43 52 56 72 82
158 70 88 96
36 36 51 63 80
73 73 91
69 13 30 64 68 69 93
17 12 17 50 58
45 9 16 20 35 40 45 59 78 99
