159 109 180 193 24 20 41 148 51 65 186 65 165 184 76 137 19 152 172 119 86 129 142 127 61 188 85 54 200 10 171 133 17 161 100 181 23 149 4 44 60 196 60 44 107 189 59 147 101 132 163 53 168 187 135 187 29 175 13 16 179 16 178 8 167 1 112 127 61 188 85 54 200 46 49 136 71 15 167 1 112 127 61 188 85 54 200 10 171 133 17 161 141 48 182 153 93 56 84 16 178 8 167 1 112 127 61 188 85 54 200 46 192 130 64 57 79 160 88 131 44 4 149 23 181 100 33 100 59 147 101 132 163 53 168 195 136 71 15 167 8 178 16 84 56 93 153 182 48 141 36 66 10 200 46 192 130 64 57 63 121 166 121 63 57 79 160 118 84 16 178 8 167 1 112 127 61 188 85 54 200 46 192 130 107 44 4 149 23 181 100 33 75 77 159 164 6 197 114 31 124 117 7 72 45 25 104 11 30 81 156 64 130 192 46 200 54 85 188 61 127 109 159 5 153 93 154 179 16 178 8 167 1 94 108 150 103 175 13 16 178 8 167 1 112 127 61 188 85 54 200 46 192 130 64 156 81 164 159 5 153 93 65 165 184 76 149 23 181 100 139 91 87 91 139 71 15 167 1 112 127 61 188 85 54 200 46 192 130 64 156 81 164 159 5 153 93 154 179 16 84 118 160 79 170 158 74 185 74 129 55 42 170 79 160 118 84 16 178 8 167 1 112 127 61 188 85 54 200 46 192 130 64 156 81 164 159
20
159 77 190 109 22
24 122 193 180 24
33 128 174 111 34
182 47 48
166 169 63 121 145 88
6 43 32 52 106 6
185 185 158 74 99 82 102 123
56 93 126 138 79 64 191 96 155 3 28 140 156 14 11 192
135 157 101 132 53 40 59
150 38
49 15
41 86 76 41 148
87 87 139
175 35 116 114 13
181 100 199 21 181
179 2 178 154
196 134 107 120 4 60
142 36 146 71 46 17 85 10 37 61 133 167 200
186 65 172 97 137 98 51 26 165
124 72 45 31 7
