50 31 50 141 50 170 50 147 50 85 50 78 50 30 50 82 50 77 50 143 50 146 50 112 50 117 50 123 50 51 50 55 50 109 62 109 84 109 50
19
50 0 1 4 7 9 10 13 14 18 23 25 27 29 36 38 40 41 44 47 49 53 54 56 57 61 69 71 76 80 81 83 86 88 89 92 96 99 101 102 107 108 110 111 113 115 118 120 121 124 125 126 127 128 129 133 134 136 138 139 142 144 148 153 156 157 161 162 164 169 172 176 177 179 180 181 182 185 186 187 195 197 198
84 84
62 62
55 55
51 51
123 123
117 117
112 112
146 146
143 143
77 77
82 82
30 30
78 78
85 85
147 147
170 170
141 141
31 31
