Satish HQG39M PMXEOGGIQ H35F ZVKJMH7669 4FEG MLKOJ Q7ZEY FWM5C YDG8AEOM QWHT GT9LU 2CUB41BE KUDS LTI99R HM48FZD0 G4QE3I KBI1CALMNJ EBO9YD47 PFQFEJGD4C Satish
20
Satish IHN21LA4 4C88SXD 01G9IQ2 PUW25N
LTI99R 9QJRN 4UE11 LQQ5IH ZMZIWZ MXJIYJYNH4 CKNDWG 5HULMUDLAQ
G4QE3I G4QE3I EFIKTK4Y0Y G90OCSZY KCOFJD 8UPUEGO ARTWTP9 ZH2INF 3J6SSA GH8C 4P0LGP0 FM2G14H8I FPZT H1LQ91V
4FEG ET82NVH9 2BLLD3SK 7622OJ E5HD VGYKKKOFLZ
QWHT P6RI91D87 79KTC8AS9
PFQFEJGD4C 3WJYJDDU FM2HEMVR1 ZZACWP Q7Z37G5
KBI1CALMNJ KBI1CALMNJ
H35F YSRPP
FWM5C 8MDFNIK8AY W71YV1R66L 9V10EOH FWM5C E9DZLL M649OA
2CUB41BE YQB2CII950 7T8I47 ETNCY9XH2 VOAV C8WREP 02X2C J2ETZ1C CV6NHW7M
HM48FZD0 HBQM42U 26PG QW15YTSV M35E H41HZ6 E2DHWGC HM48FZD0 O44VZ GILAN21GR3 GN4G0L2
EBO9YD47 DDB26ZHC
YDG8AEOM A8WYICH3 DYYG23O
Q7ZEY CB93 A118 PIW6IC50D ZMQ5BH Q7ZEY L7QS0UEPJ 7GAD3F
MLKOJ B690 YU3U1T 1UCE 0TRB9358 JX6GCY MLKOJ
HQG39M HQG39M EEZS LM7KL5G3V M71OYIS RP28W1 B3R68HYWZ
KUDS SQLSVN CXQDH6YMZ8 5XYO 4VE7V
ZVKJMH7669 GNVXN 8TH7QVQY 6PVQIBNB9
GT9LU ETB2 3IXHQXHYBV LBR67PCKBJ 2B1K6EW9CL 9K8PLAET
PMXEOGGIQ DNIV2BOR2P 91ZONFE DST5W4G0 PMXEOGGIQ E37ZKA8WK
