129 138 28 62 55 170 169 170 44 168 165 35 122 192 123 179 196 171 194 116 197 14 148 58 176 31 172 86 161 14 37 48 187 138 58 193 58 138 187 146 116 132 106 180 70 129
19
129 137 89
197 174 4 197
172 156 51 126 85 39
28 189 128 160 152 15 155 61 177 178 190 82
35 150 53 17 145 0 171 16 188 91 191 64
169 5 58 76
161 161 195 130 175 103 109
168 87 183 40 36 33 88 44
123 121 97 48 63 123 49 96 8 57
37 101 98 66
193 95 65 99 6
194 110 23 29 194
180 180 142 163 107 108 13 81
196 11 125 56 84 50 184 196 25
148 2 158 100 114 21 157 26 59 151
176 92 9
170 55 14
62 62
192 122 105 192
