AyBBdkPvTTt19wqt q XMV256fk Tk46 Le6BO3R Tk46 88e7 gv3T5z4 1CYyNxk8m7fToc6XLW7T 1e90fR0FtB7Ev156y 3505 AcC1Sh8w37Px0m J68F52raS3n1L6ZYK 336P8 Q 1CYyNxk8m7fToc6XLW7T 1e90fR0FtB7Ev156y 3505 AcC1Sh8w37Px0m JbMQX8p9 P Q2PY MJ2l1N0ojTC Q2PY JBYT6heC6yE4 98E9ia5 MnF3RrhkA5IuhY Fe5xMwq0a8 XQxkrBxnI bfYVB7M6I5 Han188Ox bfYVB7M6I5 PHXESKmVA4 WD8QxBAx49P iT7 QE9dXn5y6j2YYh Ru0A1pKIpZYWG QE9dXn5y6j2YYh v LK1h2AhdhXWb7Czrr gv3T5z4 88e7 Tk46 Le6BO3R b817BTo6GdPc96ig2 wUtvmN9V14Vw0fcE01F 1utCvCS3yEzt0HBbKt w6Z Sr RYtkT5 c2m39UUoMb j 6c1qFsEg9xI MEv16358FQ L7Mfs3034VwaB7kd3Z d5P0NXv8 w22P6su70O6jf3FJ Sr RYtkT5 Iqcp2LHc0iz446x59 1e90fR0FtB7Ev156y 3505 AcC1Sh8w37Px0m J68F52raS3n1L6ZYK x60I798qq0Sq6Xdc9s0 r9qUrqog71Fz9gx je0uE0UV 9q06155efQSN 8kQ991Y80Dy v LK1h2AhdhXWb7Czrr gv3T5z4 98E9ia5 JBYT6heC6yE4 Q2PY MJ2l1N0ojTC eZEbm FR3SCSFtuk055ORI zM5l4u83ERoh6lnR78 e1M0JsNJ5 zM5l4u83ERoh6lnR78 d2A2ZPVl61Vtm2kT QqvW51K9Cm 4932 T4EKg4Vc Rf0x16WtfDv 5nYY46YfUGovj XMV256fk q 1CYyNxk8m7fToc6XLW7T 1e90fR0FtB7Ev156y 3505 AcC1Sh8w37Px0m J68F52raS3n1L6ZYK 7DmqFE ymzG1qC7YsJFFmeog nOMN589D7t0QjhnBj3wn PdNbuD3b97N264 1wh33nDt6y0W6 NQThb6mm4a 6v326555i1Io5Z FR3SCSFtuk055ORI mmF WMKy4XnjMCqO vRH6pA1I75N1 jxDm 3WRvw gE7S dElaPKehji2fqD9H4h9 WMKy4XnjMCqO vRH6pA1I75N1 1MHxxU TByQ7zH089 0 bfYVB7M6I5 PHXESKmVA4 o uF131buM7L27 o L2a 5op72W0VS69N oyti0PDcb6jz KIOJyBXM922ydZA5 J68F52raS3n1L6ZYK 8w6aRuq 89ukpivGhdck21Krrh40 Rf0x16WtfDv 5nYY46YfUGovj XMV256fk q 1CYyNxk8m7fToc6XLW7T 1e90fR0FtB7Ev156y 3505 0b vRH6pA1I75N1 pwvBbQ870l3Io2K IEtn6zEV03H3 c2m39UUoMb 2P201UD8Q 2T6osNpb4 cZ9 2T6osNpb4 lP84Whn SdP9W8WRSw x60I798qq0Sq6Xdc9s0 r9qUrqog71Fz9gx je0uE0UV 9q06155efQSN 8kQ991Y80Dy v LK1h2AhdhXWb7Czrr gv3T5z4 98E9ia5 JBYT6heC6yE4 Q2PY MJ2l1N0ojTC eZEbm FR3SCSFtuk055ORI 6v326555i1Io5Z NQThb6mm4a c3x9Cmq8W5oa57mjASv T8C17MZ6g69gmQ 7xf20x1m1od50iPHUtr FUnTXn ywj3aNhyxUH wUtvmN9V14Vw0fcE01F 1utCvCS3yEzt0HBbKt 360B15fOiy1XBl hG8udpL53V 8Qe2lSUyQa b19692 0Lw86e I6 6v326555i1Io5Z FR3SCSFtuk055ORI mmF WMKy4XnjMCqO vRH6pA1I75N1 pwvBbQ870l3Io2K dQnWD4K3Y 9Ge7Sge1bnha0Jm PdNbuD3b97N264 Ja 36Y155M7F1ZG8 7d2Q05crlPi rti nw566uv 7tAK5gvusa66TB8HH7nq 2a5Zkf5zd4Va3 Sr 9fo1FxSJvnO 68ZC6T1G2o9Q95CKs 9fo1FxSJvnO Sr RYtkT5 c2m39UUoMb 2P201UD8Q P6C89a32 1wF6 5tQKcAo3 kg8257p31rTQvRWjGF SdP9W8WRSw lP84Whn qGr382CkPK997QVHAL rti nw566uv thypPB22BchO3Od9 WD8QxBAx49P iT7 9o4t iT7 M40P0vmSkH961FtFpaR 9q06155efQSN je0uE0UV r9qUrqog71Fz9gx x60I798qq0Sq6Xdc9s0 SdP9W8WRSw lP84Whn 2T6osNpb4 2P201UD8Q P6C89a32 1wF6 5tQKcAo3 2l90gxx61rTb0CbF CDuc4XdY7zp w22P6su70O6jf3FJ 3 QyqY4vHYw8HuZ1xqo 2qbTYSv3J hG8udpL53V 8Qe2lSUyQa RYtkT5 Iqcp2LHc0iz446x59 1e90fR0FtB7Ev156y 3505 AcC1Sh8w37Px0m JbMQX8p9 P GXFdnTo0Mk b6DdFnSk8qdk45 o88qO93T 2T6osNpb4 lP84Whn SdP9W8WRSw x60I798qq0Sq6Xdc9s0 r9qUrqog71Fz9gx je0uE0UV 9q06155efQSN 8kQ991Y80Dy v LK1h2AhdhXWb7Czrr gv3T5z4 98E9ia5 JBYT6heC6yE4 Q2PY MJ2l1N0ojTC eZEbm FR3SCSFtuk055ORI 6v326555i1Io5Z NQThb6mm4a c3x9Cmq8W5oa57mjASv T8C17MZ6g69gmQ 7xf20x1m1od50iPHUtr FUnTXn ywj3aNhyxUH wUtvmN9V14Vw0fcE01F 1utCvCS3yEzt0HBbKt 360B15fOiy1XBl MEv16358FQ 6c1qFsEg9xI j c2m39UUoMb 2YlhGrefFhV6JLtw 5tQKcAo3 2l90gxx61rTb0CbF CDuc4XdY7zp EnmWLiDA9NE89oNUTbx aCCE 8s3AAaGRDoeQCE9 36Y155M7F1ZG8 JbMQX8p9 AcC1Sh8w37Px0m 3505 1e90fR0FtB7Ev156y Iqcp2LHc0iz446x59 nOMN589D7t0QjhnBj3wn oyti0PDcb6jz 5op72W0VS69N L2a jY83MVt5i7C19 thypPB22BchO3Od9 WD8QxBAx49P Q P6C89a32 khC 9jWI53P36dh95 AyBBdkPvTTt19wqt
20
AyBBdkPvTTt19wqt Rf0x16WtfDv thypPB22BchO3Od9 1wF6 XMV256fk 4932 q 9jWI53P36dh95 8tvL5MpO9J735t nw566uv
b6DdFnSk8qdk45 85682ijoufq1DW b6DdFnSk8qdk45 Ut7hqt9A dUdv
cZ9 6qc68848myvIqoZWw 2P201UD8Q 2Et5UN6ZJ19iz 2T6osNpb4
ymzG1qC7YsJFFmeog khC 7DmqFE b19692 nOMN589D7t0QjhnBj3wn E76twn5gNBei01uh2PkH usTG0We6G9WDs7Dk iFF184 T8C17MZ6g69gmQ 3 2l90gxx61rTb0CbF P6C89a32 c3x9Cmq8W5oa57mjASv kg8257p31rTQvRWjGF 3505 ymzG1qC7YsJFFmeog 659Cx
hG8udpL53V hG8udpL53V 8Qe2lSUyQa
1wh33nDt6y0W6 L46h8MG90TBpA8v9 pwvBbQ870l3Io2K yd7324WTF I4640OD
3WRvw FKWv88jkw79me jxDm
MJ2l1N0ojTC JBYT6heC6yE4 Q2PY eZEbm A6gMJKsUfUSuEI76 MJ2l1N0ojTC PELS5
TByQ7zH089 920ucA0jXEv TByQ7zH089
Han188Ox aCCE Han188Ox EnmWLiDA9NE89oNUTbx XQxkrBxnI TMULg
uF131buM7L27 vRH6pA1I75N1 o83v2nI1sQs uF131buM7L27 I6 5nYY46YfUGovj
wUtvmN9V14Vw0fcE01F ywj3aNhyxUH 4B5uWNh7Dl3lRP b817BTo6GdPc96ig2 1utCvCS3yEzt0HBbKt
9o4t 9o4t
L7Mfs3034VwaB7kd3Z d5P0NXv8 36Y155M7F1ZG8 MEv16358FQ 6c1qFsEg9xI 7d2Q05crlPi L7Mfs3034VwaB7kd3Z
x60I798qq0Sq6Xdc9s0 q7Ehaiz MjwmiyLlZn SdP9W8WRSw 9q06155efQSN r9qUrqog71Fz9gx
Le6BO3R gv3T5z4 Tk46 qGr382CkPK997QVHAL v Le6BO3R d
e1M0JsNJ5 FR3SCSFtuk055ORI 3z4E 2YlhGrefFhV6JLtw e1M0JsNJ5 IEtn6zEV03H3 6v326555i1Io5Z QqvW51K9Cm
68ZC6T1G2o9Q95CKs RYtkT5 68ZC6T1G2o9Q95CKs
336P8 p772t3OLqj KIOJyBXM922ydZA5 Q 8w6aRuq 89ukpivGhdck21Krrh40 NU7gnWcAs4nq66FS P J68F52raS3n1L6ZYK 1e90fR0FtB7Ev156y
Ru0A1pKIpZYWG O7W5C8z8H93l
