0 90 113 166 178 175 167 153 121 49 40 184 69 184 129 114 174 93 124 166 143 32 143 166 178 175 167 153 121 49 40 100 134 44 165 44 134 100 168 196 162 136 142 57 16 197 23 89 138 160 94 148 71 191 112 108 54 172 74 172 102 143 166 178 175 167 153 121 11 75 164 77 139 12 153 167 149 84 130 195 130 84 185 61 70 61 185 179 117 173 105 141 64 162 196 168 126 20 106 76 34 163 124 166 178 175 167 153 121 49 40 184 129 114 174 81 107 179 185 85 136 162 196 168 126 101 2 182 88 198 103 169 25 166 143 135 27 135 143 166 178 175 167 153 121 49 40 184 129 114 174 81 107 142 199 39 199 154 151 145 95 147 99 124 166 178 175 167 153 121 49 40 184 129 114 174 81 107 179 185 85 136 162 196 168 126 101 2 182 88 198 18 42 48 127 124 166 178 175 167 153 121 49 40 184 129 114 174 81 107 179 185 85 136 162 196 168 126 101 2 182 88 198 18 57 53 140 0 112 96 150 96 180 84 185 179 117 173 105 141 64 162 196 168 126 101 171 188 0 140 143 166 124 163 115 6 198 18 57 142 116 157 47 110 125 77 118 151 145 114 129 184 40 158 109 5 13 17 21 122 14 61 185 179 117 173 105 141 64 162 196 168 126 101 171 188 0
20
0 0 4 5 7 8 12 15 26 37 41 43 45 49 50 52 59 62 67 71 73 79 82 86 89 90 91
182 2 46 78 88
165 44 98
69 35 40 68 69
20 6 20 22 30 53 60 63 64 94
39 39 51 58
74 28 33 54 72 74 83
114 36 38 56 81 93
75 9 11 31 66 75 77 80 85 97
21 10 13 14 17 21
150 29 96
195 24 55 84
70 3 61 65 70
95 95
27 27
34 19 34 76 87
48 42 48
57 1 16 18 23 47 57
32 25 32 99
113 92
