74 123 8 115 63 174 63 115 148 192 13 45 29 83 139 161 18 154 184 136 171 143 170 15 40 196 175 170 143 171 136 184 154 109 199 102 199 121 195 99 82 7 166 126 94 163 129 22 8 123 109 199 121 6 89 76 21 120 187 197 169 26 169 153 159 107 112 134 92 67 92 196 175 170 143 171 136 184 154 109 199 121 195 99 137 10 137 79 175 196 133 54 179 176 142 28 155 90 64 73 152 75 188 183 25 66 173 132 48 5 48 71 68 126 166 7 130 151 182 151 39 117 3 43 70 122 184 154 109 199 121 195 99 29 100 63 106 36 106 63 115 148 192 13 45 29 99 195 86 134 112 107 159 153 169 26 81 167 162 91 131 53 98 189 147 103 27 103 51 199 121 195 99 82 72 100 63 115 148 105 117 39 151 149 143 171 136 184 154 18 161 20 94 163 129 22 40 196 175 155 90 64 48 71 35 12 172 144 93 85 16 152 75 185 183 108 183 185 75 152 73 64 48 71 68 126 166 7 130 52 177 144 172 95 147 189 98 102 199 109 123 74
19
74 81 91 123
27 27 32 51 103
28 14 56 58 54 77 90 95 113 118 130 142 155 179 190
102 47 50 53 59 73 88 98 99 111 114 152 198 199
89 89
83 16 45 60 83 105 116 125 140 157
21 31 76 120
26 4 17 61 86 107 112 127 128 146 165 167 178 193 200
108 108
67 134
25 23 44 66 138
40 94 133 154 163 171
161 11 18 20 96 109 136 139 143 161 184
36 97
173 72 100 132 173
5 5 12 52
174 63 115 174 192
182 39 135 158
7 42 80 129
