LAMASA01 LAMASA07 LAMASA08 LAMASA09 LAMASA10 LAMASA11 LAMASB07 LAMASB06 LAMASB03 LAMASB04 LAMASB03 LAMASB02 LAMASA11 LAMASB07 LAMASB08 LAMASB09 LAMASB10 LAMASB11 LAMASC07 LAMASC08 LAMASC09 LAMASC10 LAMASC11 LAMBSA01 LAMBSA07 LAMBSA08 LAMBSA09 LAMBSA10 LAMBSA11 LAMBSB07 LAMBSB06 LAMBSB03 LAMBSB04 LAMBSB03 LAMBSB02 LAMBSA11 LAMBSB07 LAMBSB08 LAMBSB09 LAMBSB10 LAMBSB11 LAMBSC07 LAMBSC08 LAMBSC09 LAMBSC10 LAMBSC11 LBMASA01 LBMASA07 LBMASA08 LBMASA09 LBMASA10 LBMASA11 LBMASB07 LBMASB06 LBMASB03 LBMASB04 LBMASB03 LBMASB02 LBMASA11 LBMASB07 LBMASB08 LBMASB09 LBMASB10 LBMASB11 LBMASC07 LBMASC08 LBMASC09 LBMASC10 LBMASC11 LBMBSA01 LBMBSA07 LBMBSA06 LBMBSA03 LBMBSA04 LBMBSA03 LBMBSA02 LBMBSA13 LBMBSA01 LBMBSA07 LBMBSA08 LBMBSA09 LBMBSA10 LBMBSA11 LBMBSB07 LBMBSB08 LBMBSB09 LBMBSB10 LBMBSB11 LBMBSC07 LBMBSC06 LBMBSC03 LBMBSC04 LBMBSC03 LBMBSC02 LBMBSC13 LBMBSB11 LBMBSC07 LBMBSC08 LBMBSC09 LBMBSC10 LBMBSC11 LBMBSC12 LBMBSC11 LBMBSC10 LBMBSC09 LBMBSC08 LBMBSC07 LBMBSB11 LBMBSB10 LBMBSB09 LBMBSB08 LBMBSB07 LBMBSA11 LBMBSB02 LBMBSB03 LBMBSB04 LBMBSB03 LBMBSB02 LBMBSA11 LBMBSA10 LBMBSA09 LBMBSA08 LBMBSA07 LBMBSA01 LBMASC11 LBMASC10 LBMASC09 LBMASC08 LBMASC07 LBMASB11 LBMASC13 LBMASC02 LBMASC03 LBMASC04 LBMASC03 LBMASC02 LBMASC13 LBMASB11 LBMASB10 LBMASB09 LBMASB08 LBMASB07 LBMASA11 LBMASA10 LBMASA09 LBMASA08 LBMASA07 LBMASA01 LBMASA13 LBMASA02 LBMASA03 LBMASA04 LBMASA03 LBMASA02 LBMASA13 LBMASA01 LAMBSC11 LAMBSC10 LAMBSC09 LAMBSC08 LAMBSC07 LAMBSB11 LAMBSC13 LAMBSC02 LAMBSC03 LAMBSC04 LAMBSC03 LAMBSC02 LAMBSC13 LAMBSB11 LAMBSB10 LAMBSB09 LAMBSB08 LAMBSB07 LAMBSA11 LAMBSA10 LAMBSA09 LAMBSA08 LAMBSA07 LAMBSA01 LAMBSA13 LAMBSA02 LAMBSA03 LAMBSA04 LAMBSA03 LAMBSA02 LAMBSA13 LAMBSA01 LAMASC11 LAMASC10 LAMASC09 LAMASC08 LAMASC07 LAMASB11 LAMASC13 LAMASC02 LAMASC03 LAMASC04 LAMASC03 LAMASC02 LAMASC13 LAMASB11 LAMASB10 LAMASB09 LAMASB08 LAMASB07 LAMASA11 LAMASA10 LAMASA09 LAMASA08 LAMASA07 LAMASA01
19
LAMASA01 LAMASA02 LAMASA04 LAMASA05 LAMASA08
LBMBSC12 LBMBSC08 LBMBSC09 LBMBSC10 LBMBSC11 LBMBSC12
LBMASA04 LBMASA02 LBMASA04 LBMASA05
LAMBSA04 LAMBSA02 LAMBSA04 LAMBSA05
LBMBSA04 LBMBSA02 LBMBSA04 LBMBSA05
LAMBSB04 LAMBSB02 LAMBSB04 LAMBSB05
LBMASB04 LBMASB02 LBMASB04 LBMASB05
LBMBSB04 LBMBSB02 LBMBSB04 LBMBSB05
LAMASC04 LAMASC02 LAMASC04 LAMASC05
LAMBSC04 LAMBSC02 LAMBSC04 LAMBSC05
LBMASC04 LBMASC02 LBMASC04 LBMASC05
LBMBSC04 LBMBSB11 LBMBSB12 LBMBSC02 LBMBSC04 LBMBSC05
LAMASB04 LAMASA09 LAMASA10 LAMASA11 LAMASA12 LAMASB02 LAMASB04 LAMASB05
LAMASC07 LAMASB08 LAMASB09 LAMASB10 LAMASB11 LAMASB12 LAMASC08 LAMASC09 LAMASC10
LAMBSC07 LAMBSB08 LAMBSB09 LAMBSB10 LAMBSB11 LAMBSB12 LAMBSC08 LAMBSC09 LAMBSC10
LBMASC07 LBMASB08 LBMASB09 LBMASB10 LBMASB11 LBMASB12 LBMASC08 LBMASC09 LBMASC10 LBMASC11 LBMASC12
LBMBSB07 LBMBSA08 LBMBSA09 LBMBSA10 LBMBSA11 LBMBSA12 LBMBSB08 LBMBSB09 LBMBSB10
LAMBSA07 LAMASC11 LAMASC12 LAMBSA08 LAMBSA09 LAMBSA10 LAMBSA11 LAMBSA12
LBMASA07 LAMBSC11 LAMBSC12 LBMASA08 LBMASA09 LBMASA10 LBMASA11 LBMASA12
