0 135 29 16 24 73 18 158 134 78 111 187 117 187 169 7 176 114 8 131 126 178 133 194 97 34 185 137 83 90 83 137 69 179 129 164 145 58 70 138 172 124 198 81 38 117 187 169 7 176 114 5 27 5 29 16 169 187 117 34 185 137 83 152 150 45 123 100 34 185 137 83 152 150 189 129 179 184 3 125 41 146 84 51 89 68 121 50 9 162 159 162 9 50 190 88 7 176 114 8 60 67 3 184 179 129 65 123 100 191 182 122 94 130 180 195 35 78 134 170 125 41 146 84 51 34 185 137 83 152 150 45 148 61 100 34 185 137 83 152 150 189 129 179 184 3 42 78 134 170 101 14 143 127 118 15 58 70 138 172 124 191 182 122 91 104 13 30 148 196 2 20 160 59 74 171 95 189 129 179 69 137 83 152 7 176 114 8 86 106 172 124 11 57 4 2 53 199 162 9 63 26 110 96 178 133 36 77 25 19 176 7 88 190 50 9 162 199 116 132 76 47 124 172 78 35 38 81 164 150 45 54 68 89 51 34 100 31 14 93 21 168 154 6 115 182 122 91 104 13 0
20
0 2 9 11 13 29 31 53 54 63 64 71
125 12 14 17 28 32 37 40 41 46 47 75 76 84 93 98
171 44 48 74 95
89 4 51 62 68 79 89
131 7 8 60 80 86
148 61 85
123 20 43 45 49 65 72 92 97
27 5 27 30 35 66
24 6 16 22 24 73 87 91 94
110 26
90 3 19 59 83 88 90
198 57
158 18 67 69 78 96 100
117 1 23 34 38 39
118 82
164 33 42 56 81
168 21 99
159 10 50
130 52
58 15 25 36 55 58 70 77
