48 20 169 74 149 104 178 194 157 166 12 21 79 33 89 62 42 158 42 62 173 97 119 93 133 70 45 191 66 73 174 179 102 47 187 7 175 165 28 170 106 64 32 43 17 180 51 84 171 144 182 113 181 96 29 36 55 83 168 185 190 8 84 171 144 182 113 181 96 29 36 55 83 168 188 111 45 70 133 121 120 121 151 57 60 30 11 79 33 89 62 42 158 96 181 135 24 100 81 71 20 169 74 149 92 54 72 108 47 188 168 83 64 106 170 161 63 92 54 50 34 61 154 164 134 86 176 196 141 2 43 17 180 156 52 193 98 16 40 176 196 46 183 66 73 174 179 102 47 188 112 31 162 189 117 38 161 170 106 64 32 0 105 0 156 52 193 98 16 40 176 196 46 183 66 73 174 179 102 47 188 112 31 41 130 41 198 98 16 40 176 196 46 183 66 73 174 179 102 47 80 118 15 4 127 199 155 116 139 160 103 57 60 30 11 79 33 89 62 42 158 96 181 135 24 100 81 71 20 169 74 149 92 54 72 136 152 85 92 54 50 133 70 45 191 96 181 113 89 21 12 166 157 194 44 131 197 154 164 134 86 176 196 46 10 161 170 28 165 175 140 94 180 9 26 102 179 174 73 48 20 169 22 36 163 76 199 127 4 56 128 56 4 127 199 155 116 139 160 103 57 60 30 11 79 33 89 62 42 158 96 181 135 24 100 81 71 20 48
19
48 73 20 135 66 186 46 176 48 10 16 179 138 98
104 149 29 74
190 93 190 78 185
136 136 152 129
128 56 23 39
157 157 123 194 69
108 154 85 58 110 164 108
4 199 118 88 87 2
116 167 155 53
120 19 120
57 141 151 60 191 34 90 64 103 101
79 11 21 79
105 148 147 117
51 5 25 84 180 3 170 171
158 109 107 133 177 163 158 182 181 36 145 42 113 119 35 55
130 126 115 197 9 67
156 193 156 52
31 143 196 38 40 137 125
175 175 7 165
