evdoyagqfp xftptyrlvl jqtguzxxsl optviwhmbr vfdsalrajq optviwhmbr ivugtsvtqb guuudgvhny stdiixwrjc owusjcmdkp uddkspyqjc jfccyptuug cpwyxulkjm nbjyrygtdh jatkaoyfxb nbjyrygtdh ymvlfsdhbu lazlsvgukx bbczvyonym mdyuzxshey ouxenssqdu kvfpaspidv wtyqwjwskq siatqqydwf fczruomdab uhalgukdzb dnmgxnhbgi eaozvwjoso vqakgbtmpu eaozvwjoso dnmgxnhbgi uhalgukdzb fczruomdab siatqqydwf wtyqwjwskq ahqdrcepub byyqgjwsrp cttlxdtaiw rlxmdzqomd gkcfktyute khisjiexts afrdrejwtp pwgublhwxg pymtnhypxd frfueiglva ldnozwuuuq spdafzaivh qiqnnrlapz osdeymjeil wkwwcqjtxf bulywvvpni wkwwcqjtxf koawdpgqdx pdljcbluhp cmdqzmgvfi qgfchcatzi yriqtwavfx uhalgukdzb dnmgxnhbgi eaozvwjoso vqakgbtmpu xqwyvbvueh idfvjoquhh kijbyyuzhd ztvejhcxjs nfvvjywhsb ederofzujd nfvvjywhsb ztvejhcxjs kijbyyuzhd idfvjoquhh xqwyvbvueh vqakgbtmpu eaozvwjoso dnmgxnhbgi uhalgukdzb fczruomdab siatqqydwf ytidnmibdj lnicnhmajr qpxtrjvxpe qiqnnrlapz osdeymjeil wkwwcqjtxf koawdpgqdx pdljcbluhp cmdqzmgvfi rlxmdzqomd cttlxdtaiw byyqgjwsrp ahqdrcepub afortwurqt xifuopshzj xwrvhrxnqy qydclznxrd oavtmpaqji oownpsyviv rnpokwoqgt fdgcygwgjf fclmzghxkf xguvjomcdt yqwistxtxc xywdziunpr vugkhjygfe zumetrybth tvuprbwofb opmnfgpclg knfzsnhzvx etdxtwotzh knfzsnhzvx qcktwemqbm xychpimpzb bulywvvpni wkwwcqjtxf koawdpgqdx pdljcbluhp cmdqzmgvfi qgfchcatzi yriqtwavfx uhalgukdzb dnmgxnhbgi eaozvwjoso vqakgbtmpu xqwyvbvueh idfvjoquhh kijbyyuzhd ztvejhcxjs nfvvjywhsb uooysjrxsb xftptyrlvl jqtguzxxsl pcilmgdrgc wwqchwdmtx jedsthbmzo qxfgqgbbdn byyqgjwsrp cttlxdtaiw xzwkhxkxjr pbefrggyje xnppuesbrr hxkhivkhyl xnppuesbrr pbefrggyje wtlzrefwav bimtbhwsby chjuuxuacs afortwurqt zmfuudfatm cttlxdtaiw rlxmdzqomd gkcfktyute khisjiexts zpybghfdbe pwgublhwxg pymtnhypxd frfueiglva ldnozwuuuq spdafzaivh qiqnnrlapz osdeymjeil wkwwcqjtxf bulywvvpni xychpimpzb qcktwemqbm knfzsnhzvx etdxtwotzh qepegujmaa kgktiatgjn epdwcjuvdr ybdknfjgrw bpbbtoptwg rfcbhdtwvm syxecaxosc oddoubpfzn cdqkyomyxw qcktwemqbm xychpimpzb bulywvvpni wkwwcqjtxf koawdpgqdx pdljcbluhp cmdqzmgvfi qgfchcatzi yriqtwavfx uhalgukdzb dnmgxnhbgi eaozvwjoso vqakgbtmpu xqwyvbvueh idfvjoquhh kijbyyuzhd ztvejhcxjs nfvvjywhsb uooysjrxsb xftptyrlvl jqtguzxxsl pcilmgdrgc wwqchwdmtx jedsthbmzo qxfgqgbbdn byyqgjwsrp cttlxdtaiw xzwkhxkxjr pbefrggyje xnppuesbrr hxkhivkhyl scesbtewjx jrmlkfexfk seeyrseflx czvqvijjlb nbjyrygtdh ymvlfsdhbu lazlsvgukx bbczvyonym mdyuzxshey ouxenssqdu kvfpaspidv zpjhxyylhb bswhowadhl tgkujfknod jfccyptuug cpwyxulkjm nbjyrygtdh ymvlfsdhbu lazlsvgukx bbczvyonym mdyuzxshey ouxenssqdu fznfvsgjhc imkzafjljw tmrnpjqnxx imkzafjljw fznfvsgjhc wtyqwjwskq siatqqydwf fczruomdab uhalgukdzb dnmgxnhbgi eaozvwjoso vqakgbtmpu xqwyvbvueh oegfbrwyrp fclmzghxkf fdgcygwgjf rnpokwoqgt bpbbtoptwg ybdknfjgrw epdwcjuvdr eqdxeqvtsb xnppuesbrr pbefrggyje wtlzrefwav bimtbhwsby chjuuxuacs afortwurqt zmfuudfatm cttlxdtaiw rlxmdzqomd gkcfktyute khisjiexts zpybghfdbe pwgublhwxg pymtnhypxd frfueiglva ymvlfsdhbu lazlsvgukx bbczvyonym hsjqtjkukk wirlbujvjm kdujdjjwot xplqpgpbvq xknpudafue guuudgvhny stdiixwrjc owusjcmdkp uddkspyqjc jfccyptuug cpwyxulkjm nbjyrygtdh ymvlfsdhbu lazlsvgukx bbczvyonym mdyuzxshey ouxenssqdu kvfpaspidv wtyqwjwskq siatqqydwf fczruomdab uhalgukdzb dnmgxnhbgi eaozvwjoso vqakgbtmpu xqwyvbvueh oegfbrwyrp fclmzghxkf fdgcygwgjf rnpokwoqgt bpbbtoptwg ybdknfjgrw epdwcjuvdr eqdxeqvtsb xnppuesbrr pbefrggyje xzwkhxkxjr cttlxdtaiw rlxmdzqomd gkcfktyute khisjiexts zpybghfdbe pwgublhwxg hofbtczdgp jwcdeoubpx zpjhxyylhb bswhowadhl tgkujfknod jfccyptuug cpwyxulkjm nbjyrygtdh ymvlfsdhbu lazlsvgukx bbczvyonym mdyuzxshey ouxenssqdu fznfvsgjhc wtyqwjwskq siatqqydwf fczruomdab uhalgukdzb dnmgxnhbgi eaozvwjoso vqakgbtmpu xqwyvbvueh oegfbrwyrp fclmzghxkf fdgcygwgjf rnpokwoqgt bpbbtoptwg ybdknfjgrw epdwcjuvdr eqdxeqvtsb xnppuesbrr pbefrggyje xzwkhxkxjr cttlxdtaiw rlxmdzqomd gkcfktyute khisjiexts zpybghfdbe pwgublhwxg pymtnhypxd jrmlkfexfk seeyrseflx xeigbnzhbj oggftsricu xywdziunpr vugkhjygfe aruwdskzta lnicnhmajr xychpimpzb qcktwemqbm knfzsnhzvx etdxtwotzh qepegujmaa koawdpgqdx wkwwcqjtxf lkvtxfwozs gjmmikaxih jrusiskazm ichabbvkhm zjbarjhmau uqoafoloje cttlxdtaiw rlxmdzqomd gkcfktyute khisjiexts zpybghfdbe pwgublhwxg pymtnhypxd frfueiglva ldnozwuuuq spdafzaivh qiqnnrlapz osdeymjeil wkwwcqjtxf bulywvvpni xychpimpzb qcktwemqbm knfzsnhzvx etdxtwotzh qepegujmaa kgktiatgjn lkvobxyfca eysfgfavho wtlzrefwav pbefrggyje xwrvhrxnqy qydclznxrd ljhmnbaicr qgfchcatzi yriqtwavfx uhalgukdzb dnmgxnhbgi vnzypgtlkj gbdejcnknd ahqdrcepub wtyqwjwskq siatqqydwf ytidnmibdj owusjcmdkp uddkspyqjc jfccyptuug cpwyxulkjm nbjyrygtdh yqwistxtxc xguvjomcdt fclmzghxkf oegfbrwyrp xqwyvbvueh tvcolajnao lcrihrmoqu tgbmxdmvwe qqtzqvrvyc xvgujpzkiw rfcbhdtwvm syxecaxosc oddoubpfzn sjtuxgdwms hsjqtjkukk wirlbujvjm kdujdjjwot xplqpgpbvq xknpudafue guuudgvhny ivugtsvtqb optviwhmbr jqtguzxxsl xftptyrlvl evdoyagqfp
19
evdoyagqfp xawkqmfmmx fluzhooehk mysadifwma uooysjrxsb evdoyagqfp bnmegnfgii
jrusiskazm jrusiskazm ichabbvkhm vkrlpmybdj lkvtxfwozs
hxkhivkhyl jrmlkfexfk xguvjomcdt ldnozwuuuq bbwcqzwyoz oggftsricu xnppuesbrr hkempoemlv seeyrseflx pbefrggyje oegfbrwyrp scesbtewjx tgbmxdmvwe
afrdrejwtp oavtmpaqji yiwwdwbzth wwqchwdmtx smwxdupkdv qfbvncxldf wtlzrefwav euqbrkzdsw tvcolajnao cttlxdtaiw zivwgfcxqi bimtbhwsby ahqdrcepub eooyfwmxln byyqgjwsrp afrdrejwtp lndsfxewdc pcilmgdrgc xifuopshzj ivgbjyugdu
ederofzujd kijbyyuzhd
wirlbujvjm gbdejcnknd vnzypgtlkj osdeymjeil xywdziunpr
vfdsalrajq qxfgqgbbdn vfdsalrajq lcrihrmoqu qxuqrfzzob optviwhmbr xkasbvrrxd
guuudgvhny vugkhjygfe guuudgvhny aruwdskzta ivugtsvtqb
jwcdeoubpx hofbtczdgp
owusjcmdkp lnicnhmajr kyrhqthnvz stdiixwrjc
bswhowadhl gucdicwxmb xwrvhrxnqy afortwurqt rkyixxpcbx bswhowadhl zmfuudfatm
jfccyptuug itbfnxnauh tgkujfknod cpwyxulkjm nwlccbonas
jatkaoyfxb kvxwqiryyu hsjqtjkukk nbjyrygtdh
bbczvyonym bbczvyonym mdyuzxshey ymvlfsdhbu aokbiptbzc kvfpaspidv
syxecaxosc tmatbexcil eqdxeqvtsb
etdxtwotzh kgktiatgjn etdxtwotzh qepegujmaa
tmrnpjqnxx tmrnpjqnxx voaumgrcuj wynbxuuxru
bulywvvpni wkwwcqjtxf qiqnnrlapz qpxtrjvxpe xychpimpzb psiebvskfb bulywvvpni
vqakgbtmpu qgfchcatzi uhalgukdzb ouxenssqdu fdgcygwgjf rnpokwoqgt pdljcbluhp xqwyvbvueh
