AwxIeucriHjf27FhspG GYoLb7PsEtAWv056yRm iEFbnXL3WCYzGIBsQyg OFnyj64xurghSV8Cz13 Px5tLshYW2Qz3OfpKZG 8XdiGJQuvDq0O45cAa3 Ii8bVsylOrdHhDkwu2R NXV1D2dbScZ4y9pUtqW Ii8bVsylOrdHhDkwu2R sho45SEzbYFQpR1CwZm Ii8bVsylOrdHhDkwu2R Z67LKcAUNbXP0xGtue2 Ii8bVsylOrdHhDkwu2R gkIdtam3XO0GhSfHMn2 Ii8bVsylOrdHhDkwu2R RZydCPMgeNYjxh8sAGI Ii8bVsylOrdHhDkwu2R ZDtoyidIR6aqQwg1rfL Ii8bVsylOrdHhDkwu2R v8rJpjBE2GMRcaD7w4V Ii8bVsylOrdHhDkwu2R LKpfxPqdJvaI8C0We3z Ii8bVsylOrdHhDkwu2R p80UhzCbyXmZiGjNTVY mxbN18fatelypn20FLZ p80UhzCbyXmZiGjNTVY Ii8bVsylOrdHhDkwu2R 3WN1qBmcvAExjdM6Gr7 0l5Q4wHKrGTtYmko6uB 3WN1qBmcvAExjdM6Gr7 Ii8bVsylOrdHhDkwu2R LKpfxPqdJvaI8C0We3z sSIU0LhF3iBgWXqmEQk ILEw3dp8bC7yilBnYuX ZyajO0zqmgFGd4PUlik Px5tLshYW2Qz3OfpKZG KJwAq0SmfUlOGo8Pbeh 2SbQ735yxpaYRJGdLNt KJwAq0SmfUlOGo8Pbeh ciYOlIwSpvHz3ybj2mV KJwAq0SmfUlOGo8Pbeh Ou5bfz3rmJwxCBhTatL KJwAq0SmfUlOGo8Pbeh srXSIvPOWTzJ7opbjGc KJwAq0SmfUlOGo8Pbeh 6uZMgYGQI7exhFzP58N 81enwCUSxbBZOYdyVNm sOhbeTrPJkB5zIDlpEx 81enwCUSxbBZOYdyVNm 6uZMgYGQI7exhFzP58N LKpfxPqdJvaI8C0We3z Ii8bVsylOrdHhDkwu2R iYI8LowClq2xG0XWSdZ Vg0kNJFdohWGvTLBXqH yfojKR4t2HQN6IZaeG9 IlfLurGFiMO9W3wUAXR M7vKqQH6U3sGneYpBmr IlfLurGFiMO9W3wUAXR GYoLb7PsEtAWv056yRm AwxIeucriHjf27FhspG
20
AwxIeucriHjf27FhspG AwxIeucriHjf27FhspG NWGQdEXnhM5gUqcJ13T wJPGQIr4Njpk7Re6sbX
srXSIvPOWTzJ7opbjGc srXSIvPOWTzJ7opbjGc
NXV1D2dbScZ4y9pUtqW kC0UP5yi37XTohZLezu NXV1D2dbScZ4y9pUtqW XHfCu7qLi0aIveTUmlM VmTt9Ek3YP0ioL4huqK wdEaysuC74BJzk6lPtZ
iEFbnXL3WCYzGIBsQyg ORVoYgr9pvTkjDEn3z1 SgEu94o85QKaBwRnUqk 8CRHxDVKFZsYB6tMpik dLzEgnCZKowbF2kJImP qR1w8vWKJ9GTMoIVHEe 9k3KERBOiDm5tSLWTuV tW8U5JQYoGLH1fxkDly XfrmtaWRUdFACN809yS 1pEvPaYSub2mW8eItUO JX3fUkTlirV92nytHdI IxZGeW9SUK2QcXf7aJs UhV08bJKBApcNP4O7xl TwZjBSskDY4E9OdRuXv 32iUhWwbaRQdpGN6CP9 Nji35abpK0CTUSlWGuA 8aKYx2SdqPRjFvi6yr4 FhQNEw3VjK7YeUgT8rm LdUAKJjGy23PM8pSE0H weiO89Us3SIvoaPtrB0 SBXYtjvfK32xzIsAgbu OFnyj64xurghSV8Cz13 VMPr01qNctRo2GspAdh 5Sgq2KH8U61EC0W3VNR eqi0fKTM2RdD6zkSAEr J6ComdZW9qLG5V7D2Qb pdb3WuP0IFN8hwBkH69 GpTdeJ4jlQkvCMFtiU8 Jlkixpd2cLWGKCrVSmf mqAocERyYrzi36U5pTt C7gXPVA3YZ2QWdsUkGx ou7YpydAjD9Tzn0MSEv J1VXRSak3EBr6AGsmz7 XMuchaoDbgs8v65ECIF BS8iY9aPlgh1QqrIpVd CN1OwEHxoMR8mP7VXyj
ZyajO0zqmgFGd4PUlik ZyajO0zqmgFGd4PUlik
0l5Q4wHKrGTtYmko6uB SILZWArv6k7FcGhyeb5 3WN1qBmcvAExjdM6Gr7 SWcTa048zDXHmAk67vq 0l5Q4wHKrGTtYmko6uB
mxbN18fatelypn20FLZ sP8cQuHBaxI7wkL0VTS p80UhzCbyXmZiGjNTVY JOjfABw83oFCiaXDvMs mxbN18fatelypn20FLZ EtZy03uSNxdF1kcjeG7
sOhbeTrPJkB5zIDlpEx 81enwCUSxbBZOYdyVNm sOhbeTrPJkB5zIDlpEx
M7vKqQH6U3sGneYpBmr OzSVlAJPB8pD7McueaG IlfLurGFiMO9W3wUAXR bXmHFcCtVZPv4oxBweM M7vKqQH6U3sGneYpBmr
Ou5bfz3rmJwxCBhTatL Ou5bfz3rmJwxCBhTatL
LKpfxPqdJvaI8C0We3z yWzqUasT3R6D74kKJru LKpfxPqdJvaI8C0We3z 2oDxBYX4AFTcdsuyjS7
v8rJpjBE2GMRcaD7w4V iYI8LowClq2xG0XWSdZ v8rJpjBE2GMRcaD7w4V PyJKts960QpjhTLD2OE
ZDtoyidIR6aqQwg1rfL N4xuWFlCoSegmctI20M ZDtoyidIR6aqQwg1rfL r7atW26zvHYEAjxZB5I
RZydCPMgeNYjxh8sAGI p39vLN8ZTmldOHc7FQq RZydCPMgeNYjxh8sAGI ZiPlEIqjAW0gpVoJsT6
gkIdtam3XO0GhSfHMn2 oXD0mSLKMYy5gjbW7s3 gkIdtam3XO0GhSfHMn2
Z67LKcAUNbXP0xGtue2 oqS8bChDzaEOsTV2FZp Z67LKcAUNbXP0xGtue2 4LxtbrVK16vaZhMqPTf DZKQ08WnbkSIqz2rAm6
sho45SEzbYFQpR1CwZm JcQAO3uxterl9IUwhKB sho45SEzbYFQpR1CwZm
8XdiGJQuvDq0O45cAa3 4WPDhRB2vq5G1CNxpiz 8XdiGJQuvDq0O45cAa3 TD1lnWQY5GcdEjtfVzs
ciYOlIwSpvHz3ybj2mV ciYOlIwSpvHz3ybj2mV
2SbQ735yxpaYRJGdLNt KJwAq0SmfUlOGo8Pbeh EyCHsSP5XZrQR0L23jf EwF5nLVG0tZTx9dWU1D uhaSszxK8v16PtwWV50 vBQ8qjbgmCfZIxY2zJP LgX3GoqbTpRCdhOElKA jIi2sVXxaTR5vQNo6uH 5Hz2glV7fhLTxX0iEyu 2SbQ735yxpaYRJGdLNt 4RPkH7Dc2lSytIEjdvZ 8XNwOR4jem9hBP3VKuk KtuJ8324zFfxhcgNUO0 uFkwq6pWAKVEXdDRGQb XBQSWe7pwDs2Ik8lnAv BMxnoGrf91mOZwU8P3C
