0 21 142 141 142 21 84 145 144 145 84 38 148 147 148 38 87 151 150 151 87 47 154 153 154 47 1 157 156 157 1 26 160 159 160 26 9 163 162 163 9 47 166 165 166 47 83 169 168 169 83 46 172 171 172 46 45 175 174 175 45 53 178 177 178 53 11 181 180 181 11 90 184 183 184 90 78 187 186 187 78 57 190 189 190 57 54 193 192 193 54 49 196 195 196 49 0
20
0 100 101 102 103 104 105 106 107 108 109 110 111 112 113 114 115 116 117 118 119 120 121 122 123 124 125 126 127 128 129 130 131 132 133 134 135 136 137 138 139 140 142 143 145 146 148 149 151 152 154 155 157 158 160 161 163 164 166 167 169 170 172 173 175 176 178 179 181 182 184 185 187 188 190 191 193 194 196 197 198 199
141 141
144 144
147 147
150 150
153 153
156 156
159 159
162 162
165 165
168 168
171 171
174 174
177 177
180 180
183 183
186 186
189 189
192 192
195 195
