loc0 loc184 loc94 loc166 loc13 loc157 loc4 loc183 loc6 loc186 loc33 loc114 loc168 loc195 loc150 loc133 loc16 loc142 loc16 loc133 loc69 loc105 loc168 loc87 loc147 loc30 loc183 loc21 loc157 loc13 loc166 loc151 loc43 loc151 loc187 loc97 loc133 loc69 loc105 loc168 loc87 loc147 loc30 loc183 loc21 loc157 loc13 loc121 loc139 loc112 loc38 loc173 loc155 loc14 loc176 loc68 loc167 loc62 loc116 loc161 loc179 loc71 loc170 loc26 loc169 loc34 loc115 loc178 loc52 loc105 loc168 loc87 loc147 loc30 loc183 loc21 loc157 loc13 loc121 loc139 loc109 loc146 loc29 loc155 loc14 loc176 loc23 loc167 loc62 loc116 loc44 loc179 loc71 loc143 loc169 loc34 loc115 loc178 loc52 loc105 loc168 loc87 loc147 loc30 loc183 loc21 loc157 loc120 loc48 loc120 loc4 loc183 loc186 loc33 loc114 loc168 loc195 loc150 loc133 loc16 loc142 loc88 loc115 loc166 loc94 loc193 loc175 loc154 loc164 loc73 loc119 loc199 loc109 loc146 loc29 loc155 loc14 loc176 loc23 loc167 loc62 loc116 loc44 loc179 loc71 loc143 loc169 loc34 loc115 loc178 loc52 loc105 loc168 loc87 loc147 loc30 loc183 loc21 loc157 loc120 loc48 loc135 loc9 loc126 loc27 loc189 loc66 loc183 loc186 loc33 loc114 loc168 loc195 loc150 loc133 loc16 loc142 loc88 loc115 loc166 loc94 loc193 loc49 loc157 loc22 loc111 loc153 loc81 loc144 loc108 loc27 loc189 loc66 loc183 loc186 loc33 loc114 loc168 loc195 loc150 loc133 loc16 loc142 loc88 loc115 loc166 loc94 loc193 loc175 loc154 loc164 loc73 loc136 loc100 loc172 loc82 loc172 loc100 loc136 loc73 loc164 loc154 loc190 loc1 loc153 loc81 loc144 loc108 loc27 loc189 loc66 loc183 loc186 loc33 loc114 loc168 loc195 loc150 loc133 loc16 loc142 loc88 loc115 loc166 loc94 loc193 loc0
20
loc0 loc49 loc58 loc85
loc82 loc55 loc82 loc100
loc119 loc28 loc37 loc73
loc109 loc10 loc19 loc46 loc64
loc112 loc31 loc40 loc76
loc173 loc2 loc5 loc11 loc20 loc29 loc38 loc47 loc65 loc74 loc92
loc14 loc14 loc32 loc56 loc83
loc94 loc50 loc94 loc95
loc68 loc23 loc41 loc68 loc77 loc86
loc153 loc1 loc18 loc36 loc39 loc45 loc54 loc72 loc81 loc90 loc91
loc62 loc59 loc62
loc161 loc17 loc44 loc71 loc80 loc89 loc98
loc9 loc9 loc63 loc99
loc48 loc12 loc27 loc48 loc57 loc66
loc26 loc8 loc26 loc35 loc53
loc43 loc25 loc43
loc13 loc13 loc79
loc4 loc3 loc4 loc21 loc22 loc67 loc75 loc84
loc6 loc6 loc15 loc30 loc33 loc42 loc51 loc52 loc60 loc78 loc93 loc96
loc142 loc7 loc16 loc24 loc34 loc61 loc69 loc70 loc87 loc88 loc97
