99 191 21 98 153 172 69 167 187 35 77 47 115 70 45 59 145 151 136 122 71 83 50 83 71 93 39 45 197 90 153 181 57 174 69 12 187 119 115 63 187 40 104 112 118 15 153 90 134 145 59 139 183 69 99
20
99 99
39 39
63 27 63 75 94 149
197 8 9 20 34 40 56 66 90 92 112 114 123 125 126 130 131 142 150 158 168 186 192
21 0 4 5 25 30 33 41 42 73 78 80 98 103 111 132 146 148 163 166 170 184 188
15 15
35 35 61 97 169 185
50 17 22 24 26 28 68 82 83 88 100 102 106 117 124 127 155 160 161 164 165 171 173 178 190
151 51 151 180
183 183
12 1 12
172 18 172
174 174
59 53 59
181 10 55 181
167 167
122 122
47 47
70 70
119 119
