loc189 loc177 loc53 loc162 loc103 loc82 loc84 loc165 loc56 loc198 loc147 loc122 loc164 loc39 loc134 loc172 loc152 loc112 loc12 loc80 loc189
20
loc189 loc188 loc142 loc0 loc163 loc17
loc39 loc194 loc23 loc39 loc4 loc135 loc58
loc198 loc185 loc50 loc22 loc143 loc77 loc26
loc112 loc125 loc112
loc152 loc104 loc184 loc18 loc153 loc65 loc152 loc32 loc20 loc159
loc82 loc168 loc111 loc62 loc38
loc80 loc61 loc180 loc11 loc31 loc40 loc127 loc154 loc83
loc134 loc96 loc129
loc122 loc158 loc128 loc15 loc76 loc131 loc119 loc156 loc117 loc69 loc27
loc172 loc172 loc25 loc70 loc101 loc136 loc54
loc56 loc146 loc98 loc37
loc12 loc109 loc150 loc74
loc147 loc41 loc147 loc94 loc79
loc177 loc55 loc161 loc47 loc177 loc59 loc108 loc169 loc183
loc84 loc85 loc95 loc133 loc195 loc113 loc100
loc162 loc73 loc162
loc53 loc88 loc191 loc53 loc148
loc103 loc78 loc34 loc16 loc145 loc114
loc165 loc165 loc66
loc164 loc190 loc36 loc139 loc86 loc164
