0 1 69 68 67 66 64 65 64 63 62 60 61 60 59 58 56 55 53 54 53 52 51 50 49 48 47 46 45 44 43 41 34 33 35 36 38 39 40 39 38 36 35 33 32 31 30 28 4 3 5 6 7 8 9 11 12 13 15 16 17 18 17 16 15 13 12 11 9 10 20 21 23 24 25 26 27 26 25 24 23 21 20 10 9 8 7 6 5 3 2 0 1 69 71 72 91 92 98 99 100 101 102 103 102 101 100 99 98 92 91 72 71 69 70 122 124 125 131 132 133 134 135 136 137 136 135 134 133 132 131 125 124 122 123 138 139 140 141 142 143 145 146 151 150 148 149 148 147 145 146 152 153 154 155 156 157 158 159 160 161 160 159 158 157 156 155 154 153 152 146 145 143 142 141 140 139 138 123 122 70 121 163 164 165 166 167 168 169 171 172 177 178 179 180 181 182 181 180 179 178 177 175 173 171 169 170 183 185 186 187 191 192 193 194 195 196 197 198 199 198 197 196 195 194 193 192 191 189 188 186 185 183 170 169 168 167 166 165 164 163 121 70 69 71 72 90 105 106 107 108 109 110 112 113 115 116 117 118 119 120 119 118 117 116 115 113 112 110 109 108 107 106 105 90 72 71 73 74 75 76 77 78 79 80 81 83 84 85 86 87 88 89 88 87 86 85 84 83 81 80 79 78 77 76 75 74 73 71 69 68 67 66 64 63 62 60 59 58 56 55 53 52 51 50 49 48 47 46 45 44 43 41 34 33 32 31 30 28 4 3 2 0
19
0 31 0 1 5 4 2
199 198 199 191 196 188 195
161 158 154 159
89 79 83 80 82
67 76 75 167 163 68 128 166 95 66 94 129 91 73 140 90 96 69 121 93 108 77 78 74 107
65 63 65
61 61 62
58 57 59 58
54 54
51 50 52 51
120 120 113 118
182 181 168 176 175 172 183 170
27 27 21 10 26 22 25 19 24
47 29
18 14 18 17 9 13 11 15
40 39 35 38 42 44 45
149 142 146 153 148 147 141 150
137 132 131 137 134 136
103 100 101
