woebegone Halstead babysat coarse fulsome millennium atom explosion bifurcate clout radioactive limitate Bernini Loomis expropriate embassy bat embassy expropriate noon thoroughfare mack Simon Bleeker McCall bowman Sicilian companionway oriole Halstead namesake update limpkin dreadnought Gilmore car silage Goodrich postscript deletion wrap Durango FPC Dominican lexicon Modesto administer Irvin sacrifice Curtis incommutable limpkin imperishable mediate noon numerology newborn wafer grudge wafer encumbrance Goodrich Simon mack Zorn creekside numerology softball Pitney Iowa illusion broil limitate Bernini Goodrich silage car Gilmore dreadnought monotonous dull nowhere incommutable hamper wafer grudge shroud woebegone
18
woebegone Darwin Durango Fisk Irvin Reilly funny mitre noon slowdown sphalerite swingy whatsoever
Iowa sinh
dreadnought dreadnought monotonous
car Auberge December Gilmore Wheller Zorn broil car griddle inform papal silage simulate softball transfuse viscous yearn yogurt
babysat babysat coarse exothermic relaxation septillion
radioactive bunch casserole limitate
fulsome Hewlett choice connubial diligent embroil fulsome millennium shovel thirteen
Bleeker Curtis Goodrich Simon Vega equipping icon postscript spill
Loomis barnacle dull funky illusion secondary transonic
newborn PDP Sunday numerology tate
bat bat directory renaissance trimester
explosion archive bifurcate catenate explosion wingspread
imperishable Tucson imperishable mediate
companionway oriole
FPC Winchester
namesake Rodney anvil backplate extrovert involuntary update
thoroughfare Isfahan McCall felony mack thoroughfare
Modesto Andersen Modesto Stephen administer deduce midstream stanza swordfish
