Loc151 Loc92 Loc8 Loc172 Loc198 Loc106 Loc64 Loc11 Loc58 Loc95 Loc199 Loc62 Loc26 Loc15 Loc131 Loc152 Loc178 Loc32 Loc191 Loc20 Loc181 Loc151
20
Loc151 Loc177 Loc151
Loc62 Loc6 Loc122 Loc68 Loc120 Loc62 Loc46 Loc43 Loc72
Loc95 Loc94 Loc185 Loc157 Loc38 Loc50 Loc167 Loc17 Loc190 Loc183 Loc111 Loc125
Loc172 Loc16 Loc184 Loc170 Loc41 Loc172 Loc98 Loc115 Loc101 Loc61 Loc165 Loc3 Loc128 Loc134
Loc106 Loc158 Loc182
Loc191 Loc163
Loc11 Loc55 Loc27 Loc195 Loc2 Loc110 Loc24
Loc20 Loc20
Loc178 Loc142
Loc92 Loc49 Loc160 Loc92 Loc33 Loc65 Loc138
Loc15 Loc109 Loc154 Loc194 Loc181 Loc15
Loc26 Loc93 Loc52 Loc70
Loc32 Loc47 Loc34 Loc118 Loc141 Loc32 Loc180
Loc131 Loc4 Loc130 Loc48 Loc131 Loc57 Loc135 Loc171
Loc199 Loc77 Loc127 Loc124 Loc102 Loc99 Loc66 Loc161 Loc89 Loc21 Loc59 Loc13
Loc58 Loc187 Loc173 Loc117 Loc126 Loc58 Loc123
Loc198 Loc36 Loc156 Loc104
Loc152 Loc7 Loc54 Loc96 Loc166
Loc64 Loc147 Loc85 Loc28
Loc8 Loc148
