1 31 70 31 18 63 18 6 119 6 17 60 17 33 67 33 47 113 47 14 75 14 34 50 34 41 106 41 29 96 29 5 90 5 42 89 42 10 76 10 24 88 24 45 74 45 4 51 4 2 62 2 32 135 32 1
19
1 49 56 61 71 72 73 87 91 94 97 111 112 117 123 128 133
74 74 84 92 122
62 62 81
60 60 64 66 136
135 52 57 135 139
113 65 82 113 138 141 142
51 51 100 118 121
106 106 137
90 58 68 90 93
88 88 134
63 63 69 83 102 107 110 114 120 130 131
75 55 75 79 80 86 105 108 109
89 89 104
67 54 59 67 85 103 115 116 124 127 144
76 76 132
96 96 129
50 50 77
70 70 143
119 53 78 95 98 99 101 119 125 126 140
