g3ylJsdLuC idQHxtSnxr dj8JMfo3hX 4znnlMjVra WYEDqSuNRX 723MhcLxt0 1QXjsHNYao gNPoyTno9C I6HmSOF6YH 97ZNlakBoq mwzQG3SxnO IA0Uf143OT 5hWe1EOa3M RxW7o7Y2pP GQ4F0g3Mdj TyL7NE2puV wiMdNn30Xd sxXDJEzMkM euuICgBLD4 r8njDwxc2t WRgtAPt4eZ r8njDwxc2t JD3uem81Lg oIVQ2qkgnR h5Si5BAPN0 oIVQ2qkgnR uIf3wnJUdn 9ZP8NtfLqm pWVnBerIra gTAImjNH8G M2hatQPY96 tubjzjzUpV 1KJyArncTt 5gZkkIkl56 Qbef1n83yE 2eMl9AO5o8 RUc8Sio5IX WvFZJEkTrw aEo62SfMqH j98kcW9qGB onlLq65Azx idQHxtSnxr dj8JMfo3hX 4znnlMjVra WYEDqSuNRX CSjLrGbUz3 FmtLnHv2HY u4FAx2sHZm 1TfvXd6dPZ dC48GQHGzO vajlhYBumL 1QXjsHNYao gNPoyTno9C I6HmSOF6YH 97ZNlakBoq mwzQG3SxnO IA0Uf143OT 5hWe1EOa3M RxW7o7Y2pP GQ4F0g3Mdj TyL7NE2puV wiMdNn30Xd sxXDJEzMkM euuICgBLD4 vUu8ijgxxf bsEkAY2K41 33omYiVXOD bsEkAY2K41 vUu8ijgxxf KUJdxKVZFO 0wTk0mYkLH g2I4si69gU IT4pKw3giW 7wS9dKOnJR VpC9l6m3bG fXy828RCG4 Cqa6jMOeIY KO0qxEFqYe YpRs8m6oyX PcFJuErB3q CxfzSa2YOV 6LMX14aEdy bserQRNqfz Q2bVxDrpEx TBzLS0OAYU 723MhcLxt0 1QXjsHNYao gNPoyTno9C I6HmSOF6YH 97ZNlakBoq mwzQG3SxnO IA0Uf143OT 5hWe1EOa3M RxW7o7Y2pP GQ4F0g3Mdj TyL7NE2puV wiMdNn30Xd sxXDJEzMkM euuICgBLD4 vUu8ijgxxf bsEkAY2K41 33omYiVXOD LeZK9UvMT9 vnZBjkVngj IGpxjveim7 x7iq98BiN3 uNliYB9ELN x7iq98BiN3 IGpxjveim7 rVrpShxAxl Pv5LMSkQii rVrpShxAxl IGpxjveim7 x066w6eh4W 0hs3CNDF4L oIVQ2qkgnR uIf3wnJUdn 9ZP8NtfLqm pWVnBerIra bWDewy6WbV Bx61hYSyg6 K05xB79KZo 2O61j91J3T jVW9blzudJ 2S929yZddP 1QXjsHNYao gNPoyTno9C I6HmSOF6YH 97ZNlakBoq mwzQG3SxnO IA0Uf143OT 5hWe1EOa3M RxW7o7Y2pP GQ4F0g3Mdj TyL7NE2puV wiMdNn30Xd sxXDJEzMkM euuICgBLD4 vUu8ijgxxf bsEkAY2K41 33omYiVXOD LeZK9UvMT9 vnZBjkVngj oVMPVsMWrZ WYEDqSuNRX CSjLrGbUz3 dqqG7Zio8x FqFik17fFH qjDSEKmZMW jBYJ7v19BQ lfdanPGo3c PY68abXYga s4xBpV0FQ8 2OsmeZV9xh u4FAx2sHZm 1TfvXd6dPZ 1N2P3Sa7im srT70dfQEr RN0bCAV6rQ pk0Vh75DnH Qu2MUNKITj yU6iUY8YgO qnkfLCmfDn oEdovEhrWM YpRs8m6oyX PcFJuErB3q CxfzSa2YOV 6LMX14aEdy bserQRNqfz 2O61j91J3T 7ZWqK2F5XG AXNCIbkEJh RxW7o7Y2pP GQ4F0g3Mdj TP2TNyk7wl 2nSOTVmvxV MXIvZpEPtW yvMowGbkvn IGpxjveim7 x7iq98BiN3 uNliYB9ELN LCKLTNE1vp 9LabQjTqkn 2eMl9AO5o8 RUc8Sio5IX WvFZJEkTrw aEo62SfMqH j98kcW9qGB z8wUSSybzM 49R5E9I4Wp z8wUSSybzM bhojeHeddF oIVQ2qkgnR uIf3wnJUdn 9ZP8NtfLqm pWVnBerIra bWDewy6WbV Bx61hYSyg6 K05xB79KZo 2O61j91J3T bserQRNqfz 6LMX14aEdy CxfzSa2YOV PcFJuErB3q YpRs8m6oyX oEdovEhrWM qnkfLCmfDn dMOAUqH7Z3 9LabQjTqkn LCKLTNE1vp uvoepIQg9n kwH6Lwl5ed 4znnlMjVra dj8JMfo3hX idQHxtSnxr vnZBjkVngj oVMPVsMWrZ g2I4si69gU 0wTk0mYkLH KUJdxKVZFO 7g0Idy1nzK BNkM7qaRNw yky49wE4YG QOx0Q2p9eD 5SSy593K31 WvFZJEkTrw RUc8Sio5IX rCoEuOa7EU mwzQG3SxnO 97ZNlakBoq I6HmSOF6YH gNPoyTno9C 1QXjsHNYao vajlhYBumL dC48GQHGzO oWmQcQwHPo WcyuqGYOzU ZjhU7PWKtj QTNhZIciNJ h5Si5BAPN0 oIVQ2qkgnR uIf3wnJUdn 9ZP8NtfLqm pWVnBerIra bWDewy6WbV Bx61hYSyg6 K05xB79KZo 2O61j91J3T bserQRNqfz 6LMX14aEdy CxfzSa2YOV PcFJuErB3q YpRs8m6oyX oEdovEhrWM CUEWGmB7Gt WCfxK7Y8pw HHHZ1vC1rP WvFZJEkTrw RUc8Sio5IX 2eMl9AO5o8 Qbef1n83yE 5gZkkIkl56 1KJyArncTt tubjzjzUpV 8ZKCAWlImg KZfI0wRW9K fWIjO8yhE3 EG1t1o8YrR WDULGPTRTU mcFTstBR1U I6HmSOF6YH 97ZNlakBoq mwzQG3SxnO IA0Uf143OT 5hWe1EOa3M RxW7o7Y2pP GQ4F0g3Mdj TyL7NE2puV wiMdNn30Xd oEdovEhrWM qnkfLCmfDn dMOAUqH7Z3 9LabQjTqkn LCKLTNE1vp uNliYB9ELN x7iq98BiN3 IGpxjveim7 rVrpShxAxl Pv5LMSkQii yky49wE4YG QOx0Q2p9eD 5SSy593K31 WvFZJEkTrw aEo62SfMqH j98kcW9qGB onlLq65Azx idQHxtSnxr g3ylJsdLuC
19
g3ylJsdLuC 0mnwiU4XrT QrJxLpX875 idQHxtSnxr dj8JMfo3hX aEo62SfMqH fecMfiAuGC FvzkpZRSj8 4znnlMjVra jPXsbXPNMq oVMPVsMWrZ onlLq65Azx BUMLJo6sc3
uNliYB9ELN Q1N77BLmyb uvoepIQg9n WvFZJEkTrw dMOAUqH7Z3 LCKLTNE1vp x7iq98BiN3
33omYiVXOD oCk2Yieytb s3eMpsYH00 z9nRKYQ1ub LeZK9UvMT9 5SSy593K31 u4LnQNaaiz Oiowits7js KUJdxKVZFO bsEkAY2K41 t25XjDwQhD Tk8ERvdKxF emYRLTiyj9 vUu8ijgxxf
VpC9l6m3bG XlU2fx0ZPn YAqGe4tKAP fXy828RCG4
WcyuqGYOzU WcyuqGYOzU oWmQcQwHPo
jBYJ7v19BQ lfdanPGo3c qjDSEKmZMW jBYJ7v19BQ
u4FAx2sHZm 0wTk0mYkLH g2I4si69gU IT4pKw3giW pk0Vh75DnH 2OsmeZV9xh u4FAx2sHZm
Pv5LMSkQii WRd4lScvm6 yky49wE4YG Pv5LMSkQii
49R5E9I4Wp CUEWGmB7Gt
WRgtAPt4eZ XW1Wn7EqpN r8njDwxc2t JD3uem81Lg
h5Si5BAPN0 uIf3wnJUdn h5Si5BAPN0 WAi18jd2vJ oIVQ2qkgnR QTNhZIciNJ 0hs3CNDF4L
Q2bVxDrpEx S8BtTu4yH9 YpRs8m6oyX CxfzSa2YOV oEdovEhrWM qnkfLCmfDn yU6iUY8YgO wRn7Oi1bcW biWuM2iRnz
jVW9blzudJ 2O61j91J3T bWDewy6WbV K05xB79KZo 2S929yZddP
dC48GQHGzO 1TfvXd6dPZ gZXiityEnU yvMowGbkvn mbSdju1TJK GQ4F0g3Mdj RN0bCAV6rQ xtp1B5q0W1 TP2TNyk7wl srT70dfQEr
723MhcLxt0 12ECENJIev TBzLS0OAYU Pz3egMzKU8 CSjLrGbUz3 KpxiCfRqh3 723MhcLxt0 1QXjsHNYao
gTAImjNH8G bhojeHeddF M2hatQPY96
EG1t1o8YrR 03xK87sjTf BNkM7qaRNw KHDeTTvJC1 nKHFs5cKTX 8KtuAXHUy3
tubjzjzUpV Pijq8aHqIR tubjzjzUpV
I6HmSOF6YH 97ZNlakBoq IA0Uf143OT 7g0Idy1nzK mwzQG3SxnO TyL7NE2puV
