153 162 54 141 193 196 131 17 12 45 8 18 199 31 85 96 85 86 85 164 135 61 23 141 180 7 110 154 173 14 188 106 191 141 163 18 8 30 42 174 131 196 161 95 187 18 163 141 191 21 198 168 147 174 86 45 135 100 24 153
20
153 124 153 156 137 172 170 20 28
95 145 112 95 161 136 0 77 34 134 79
106 29 113 21 37 11 47 188 93 120 138 169
180 197 68 70 60 122 180
8 140 8
17 131 187
86 86 4 146
193 81 160 36 35 179
31 150 58 182 89 16
135 98 135 194 42 19 177
23 26 3 90 40 23
96 168 118 52 41 49 96 74 128 152 108 83 43
173 119 15 50
110 2 7
18 61 184 195
162 127 163 56
199 126 88 192 147 5
196 196 13
141 129 167 53
45 12 178 99 171
