index155 index101 index177 index152 index3 index77 index104 index18 index157 index144 index34 index40 index85 index100 index28 index43 index126 index154 index189 index4 index117 index4 index189 index17 index174 index177 index162 index155
20
index155 index56 index155 index198
index152 index11 index23 index88 index118 index130 index152
index18 index18 index90 index95 index114 index121 index134 index169 index186
index85 index9 index15 index20 index112 index116 index131 index190
index174 index24 index37 index58 index69 index165 index170 index174 index196
index77 index25 index62 index81 index143
index28 index14 index17 index67 index87 index150 index164
index126 index4 index126 index142
index177 index55 index99 index129 index156
index117 index10 index31 index89
index34 index19 index106 index199
index3 index3 index110 index113
index157 index21 index39 index86 index92 index133 index137 index157 index158
index154 index27 index47 index97 index107 index128 index141
index101 index5 index6 index22 index32 index52 index57 index63 index108 index167 index172
index40 index40 index42 index50 index83
index104 index26 index49 index60 index96 index109 index115 index159
index144 index44 index66 index124 index144
index43 index30 index125
index100 index100
