hC71hIuyRaST3AiaSZqg DmIjX4adnoqSEDmx2f39 lVjpvSHc5hBrS7dzTmI1 oq1GulTWdKtwAlNIQxnY 8w6JkwNghwwfzVWZlMG6 nP45x6vSjSYCI8DDOBiZ SbMznZDIZs7TTEfAUGt3 CJPsPFylFkMPqvXrW58O Dv6lwBgjbbZceuQXFzFf Mi1upMhcgP7iV16OWKN5 DrhvxXimsmLLGRkE94hS x81SdeDfzbsk8wgCHcJT mUdsQgC4b4x2HD8wqon6 uJlmjikTUoEO48jGpFMW mUdsQgC4b4x2HD8wqon6 KkJFwKldxLItiBZ9EoaZ qsQI3bptDcBOGz4nQEL5 NjrNYv2s9TjuFmdhy6vq LI8fhHKJlh7mQx1nNK0m bw0K7NVh1sgqlnescYkX 5doygtE58PVlrfBbaaxD 61VEe5QpRdEG1AHTZmSn Mufarp9xGx29xj0P1ijS bw0K7NVh1sgqlnescYkX DrhvxXimsmLLGRkE94hS aGWdv30UuUFiszMErlJF 1Oc2bGjHzXrMLiYLik5Z FzgyYozZJweUgT2UncY3 hC71hIuyRaST3AiaSZqg
20
hC71hIuyRaST3AiaSZqg YygsiZkXDS9oQ07w4psX 4wWd3kvalFkda9M583i7 cXmjc3Wu4kjM1IHGgfA5 btiXecpJBKmrIHtQ7jPA P6PcaiimLTne6w5m7SJi Ca5sYccbD9TUz7JLHrcf Wf6tYlitgmZKoXfughsS
8w6JkwNghwwfzVWZlMG6 JuSdCG8HSUzwufkmRvTN sCcEFmBkhTop4sycKzuM 8w6JkwNghwwfzVWZlMG6 QHOT9LWV0s6xVVreglDh OLGSBuAPLZmdhTN6ApoS 1uTE034Q24DWmybWBbX4 OBEPyJuvhH0Z9VoT2UNC
LI8fhHKJlh7mQx1nNK0m IWOalMs6IXX5Ln6F9Eov 2TderjwrXrNV2UBZ77eD VkEnPX1CQCoh4CxlXSlf 2QgUKFj4HV0dn5Ia55tj 4MuL6AbQo2ozZ4x7psrd LI8fhHKJlh7mQx1nNK0m QYsTJmc2IUi36H1YK47s UQEmoPmHSH2FlTDuXOEx
CJPsPFylFkMPqvXrW58O R22TNV5lr1tmI44FcHvv 63EFNMvLteBrV7Lj9nA4 wqyhoOJuJuNfuZ1c9ZhU RSJQdRAK7H6zYHVeXyPj jLS4UljOCe6h8LwAOGRX NqvNOj5h3GSbJm5NawjL KqTw626stjcdChciHrJ6 NWAZrSnr0i1Dj5TA6dLc
qsQI3bptDcBOGz4nQEL5 EqrhH8oFQmMRN10foGjV 8IUV6HBSYn47shRwVW5F 24YcTAlCtPoNC11H3BAQ z0rRwRZbA1TaaAgS8PYu FE29I03FH1qEyEvIQNGT
lVjpvSHc5hBrS7dzTmI1 xtgYSd34f56WAH3CCBpW Mufarp9xGx29xj0P1ijS lVjpvSHc5hBrS7dzTmI1 Z2YJKymsE6JEohxl2CgC vXrEXAmThLoQVXFImZcg PFAHK1LPbENiUm01N8B0
x81SdeDfzbsk8wgCHcJT 6KcltWtleWJ6izN3XL0F nmwnnNlPCMIjajSEo2R3 CgUyoeVDFzkf0g6EiF8w yXrak2UUHdgFCsCWvgfp x81SdeDfzbsk8wgCHcJT 468JV90VoJDfHRf7bwGC
uJlmjikTUoEO48jGpFMW TrUW9m3qjkTMvqHNRot0 gZiMcGUkLd8qaWleLH1T nnG2z19YXqYOoAxMQkFV l5OFQGDhW1xJJ8ERuglz dsEyS8WvuzfBZPrbbzZx
Mi1upMhcgP7iV16OWKN5 3MmCPAjYheu6g9TkIxDm fuNQ8Sfy86k6zaBQjwEz NXZByMrsstrrXRLxVcyg Mi1upMhcgP7iV16OWKN5 WgneGAZv4qtDq8Q5DYZf COVfDobG5VcfcSxLDUch kuIwHVHn49UEM4TprHKr 2dfprAgHp3T6RrgooKgP
61VEe5QpRdEG1AHTZmSn laRDyozSdXcFtmdQ5VqD ddzqPXECnHQT4a4RIpSF 61VEe5QpRdEG1AHTZmSn W5rNQea9NsCafaUbLgWC oakCd1HozhO35GtImcF2
1Oc2bGjHzXrMLiYLik5Z 1Oc2bGjHzXrMLiYLik5Z fzCA3w8Mu664WC0yRZb5 7DZfG4yobV0xCcSaxf27 g6Fit1BcwBIbAAJnBKGn
nP45x6vSjSYCI8DDOBiZ bw0K7NVh1sgqlnescYkX 2YL9dYowMkTTxjU0fVal
5doygtE58PVlrfBbaaxD IC3wlDskAWyf0o1M61kl OAcbYkMyAi1Iu0vWaaFc nOsoIFzZBhdd6bjP45Ba 1wSeohNTb1oCspxe2x4j 72cxNTZ1Tw5teVGiR2xj b9q1t3OMZ6dXE5R6ca5w qsbRHSDlSHG3Ep5gugbq 5doygtE58PVlrfBbaaxD
mUdsQgC4b4x2HD8wqon6 mkGdh9qd7uj9x5W3Koxj RNtZ6m1O9hQj2ovJiJE3
NjrNYv2s9TjuFmdhy6vq RDnAjQbgrCahBSBieO1p zbsjvfwSdNExCnTFLo8x aGWdv30UuUFiszMErlJF eULKHiriYHElwEbrQo2X rW1b1NT9NaRlIIxoT8XF C5aQkckiWq5qVUhbiI57
DrhvxXimsmLLGRkE94hS g5fwwkfUKem4JdibLkXM yMXdJdorJpzOHHt9uIfg t9sTQNaMU9o2HF5pm7xT
SbMznZDIZs7TTEfAUGt3 ymIUUgCvgB7r5le0Mh11 v0QCMKnmfkXllH4nQHen
DmIjX4adnoqSEDmx2f39 DmIjX4adnoqSEDmx2f39 1ae7bJScGomdGEdgag5b
oq1GulTWdKtwAlNIQxnY oq1GulTWdKtwAlNIQxnY qyWH5Ui5kFJGpXM7i2RZ EEWjQ3rZ3GM9oucA2vc5
Dv6lwBgjbbZceuQXFzFf 6jnt0RQvUBeXBhrLOwzh Tgouk8HApNFShyYjQedR Dv6lwBgjbbZceuQXFzFf
