Chattanooga Bellevue Albuquerque Madison Glendale SanDiego Glendale Madison Albuquerque Nashville Miami Munich SanJose Syracuse Houston Huntsville Tacoma LongBeach McAllen Springfield Indianapolis Augusta DesMoines Tacoma LongBeach McAllen Columbus Durham Columbus McAllen Springfield Indianapolis Augusta Naperville Hayward Hialeah Atlanta Reno Davis Torrance Lexington Fullerton Lexington Torrance Stockton ChulaVista Stockton WinstonSalem Sunnyvale Waco Modesto Waco Ontario BatonRouge Honolulu Berkeley LasVegas Mesquite Portland Madison Albuquerque Nashville Omaha Frisco Berkeley Surprise Houston Huntsville Laredo Shreveport Buffalo Shreveport Waco Ontario Salinas Washington Bellevue Cary Philadelphia Naperville Lakewood Waco Ontario Salinas Washington SanJose Munich LittleRock Oakland Irving Madison Vancouver Tucson Cincinnati Sunnyvale Waco Ontario Salinas Washington Bellevue Chattanooga
20
Chattanooga Cleveland Raleigh ElPaso Boise Jackson
Atlanta Joliet Fremont Olathe Chicago Toledo
Miami Alexandria LittleRock Brownsville Tempe SanFrancisco SantaAna FortLauderdale
Frisco Baltimore Wichita Bakersfield Louisville KansasCity Plano Orange Frisco
ChulaVista Worcester Surprise Riverside Honolulu Anaheim ChulaVista CapeCoral Berkeley
Augusta DesMoines Oceanside SantaClarita Indianapolis Anchorage Fayetteville Hayward Richmond Salem Naperville Akron
Syracuse Denton Spokane Irvine FortWorth SanJose Syracuse NewYork
Tacoma Tacoma Oxnard Boston
Tucson SanBernardino Vancouver SanAntonio Midland Fontana Newark
WinstonSalem Knoxville Cincinnati
Buffalo GrandRapids Savannah Buffalo Tallahassee Pomona
LasVegas Scottsdale
Modesto Memphis Paterson Corona GrandPrairie SaintPaul
Davis Aurora Jacksonville Henderson
SanDiego Lincoln Phoenix Charlotte Glendale SanDiego
Durham Yonkers Durham PortStLucie
Albuquerque Orlando GardenGrove Washington Ontario Shreveport NewportNews Murfreesboro Madison BatonRouge Waco LosAngeles
Fullerton Lexington
McAllen McAllen Springfield
Cary Austin Lubbock
