Porterton Wallton Danielleport Scottburgh Laurenbury Haleview Hallstad Haleview Laurenbury Scottburgh Danielleport Cooperton Lopezborough Waltersmouth Adkinsberg Waltersmouth Lopezborough Cooperton Danielleport Melissaview Campbellhaven Annberg Dyerport Annberg Campbellhaven Melissaview Cheyennefurt Watsonville Robertomouth Watsonville Cheyennefurt Melissaview Danielleport Wallton Derekmouth Charlesberg Sethland Ellisstad Osbornemouth Ellisstad Sethland Charlesberg Kevinberg Adamside Bradberg Adamside Kevinberg Charlesberg Derekmouth Jeffreyfort Garytown Audreyfort Patriciaside Audreyfort Garytown Jeffreyfort Derekmouth Wallton Davisstad Jacksonton Singletonton Clarkbury Jermaineton Clarkbury Singletonton Jacksonton Davisstad Wallton Porterton Dianashire Ashleyborough Paulburgh Robertsstad Toddtown Swansonshire Abigailhaven Swansonshire Toddtown Robertsstad Paulburgh Walltown Callahantown Maryport Reynoldsview Maryport Callahantown Walltown Scotttown Jacksonview Danielville Jacksonview Scotttown Walltown Paulburgh Ashleyborough Clarkberg Burtonview Murphyside Bakertown Jameston Bakertown Murphyside Burtonview Clarkberg Ashleyborough Osborneville Payneview Jacksonville Jennifertown Feliciaville Jennifertown Jacksonville Payneview Osborneville Ashleyborough Dianashire Burgessview Marcusburgh Matthewburgh Bondfort Shawnmouth Priceville Shawnmouth Bondfort Matthewburgh Virginiastad Robinsonmouth Horneside Robinsonmouth Virginiastad Matthewburgh Marcusburgh Fletcherland Kingview Williamschester Mirandaview Williamschester Kingview Fletcherland Marcusburgh Burgessview Billton Banksburgh Simmonsburgh Michaelville Williamland Michaelville Simmonsburgh Banksburgh Billton Burgessview Williamfort Williamport Ashleystad Codyton Mindyview Codyton Ashleystad Williamport Williamfort Thomasville Lopezburgh Byrdfurt Loweryborough Byrdfurt Lopezburgh Thomasville Williamfort Burgessview Dianashire Porterton
20
Porterton Wilsonstad Dannyside Hansonbury Kylieview Mercedesmouth Michaelview Cranemouth Rioshaven Jonesfurt Taylorton Candaceborough Hodgesstad Gabrielburgh Bondmouth Fordhaven Ortegaberg Ramosborough Suttonville Clarenceview Masseyside Millerborough Smithfort Josephstad Joneschester Hallborough Thomasborough
Danielville Danielville Jacksonview
Bradberg Troyfort Andrewschester Adamside Patriciabury Bradberg Thomasmouth
Feliciaville Feliciaville Brendaview Jacksonland Christopherhaven Harrisport Clarkborough Smithtown Calvinton Abigailville Jennifertown
Horneside Johnsonberg Robinsonmouth Horneside
Loweryborough Leahmouth Byrdfurt Garciamouth Loweryborough
Mindyview Holthaven Ryanside Codyton Vickiville Mindyview
Jameston Derekville Jameston Bakertown
Jermaineton Jermaineton Clarkbury
Williamland Parkermouth Williamland Michaelville Shawnfort
Robertomouth Thompsonshire Christyland Robertomouth Watsonville
Dyerport Houstonchester Dyerport Annberg
Mirandaview Mirandaview Williamschester Ortizberg
Adkinsberg Adamport Adkinsberg
Reynoldsview Combsville Reynoldsview Maryport Williamshire
Patriciaside Susanfort Audreyfort Patriciaside Nealfurt
Osbornemouth Kimberlyburgh Candiceland Ellisstad Tannerhaven Clarkport Osbornemouth
Abigailhaven Swansonshire Abigailhaven
Hallstad Haleview Hallstad
Priceville Adamview Buckleyside Shawnmouth Harrisborough Priceville
