FortCollins ElMonte GardenGrove Greensboro Boise Bradenton Augusta GreenBay Alexandria Lakewood JohnsonCity Duluth Greenville Lowell BelAir Kalamazoo CapeCoral Fontana Cary Atlanta Fontana Greenville ElMonte FortCollins
20
FortCollins Akron Albuquerque Allentown Amarillo AnnArbor Arvada Bakersfield Baltimore Bellevue BonitaSprings Bremerton Champaign Cleveland Danbury Detroit Elizabeth Elkhart Fairfield Fargo FortCollins FortWaltonBeach Fremont Grayslake Harlingen Harrisburg Hemet Hickory Hollywood Independence Inglewood Jacksonville Joliet Knoxville Lacey Lancaster LasCruces Louisville Lubbock
BelAir BoiseCity Brighton Chicago Eugene Houston
Greenville Appleton Beaumont Bethlehem
Lakewood Lafayette Lakewood
Boise Anaheim Berkeley Boise CollegeStation ElPaso Evansville Henderson
GreenBay Anchorage Austin CedarRapids Chandler ColoradoSprings Denver DesMoines Fayetteville Indianapolis Kennewick Lakeland Leominster
Atlanta Atlanta
Fontana Fontana
CapeCoral CapeCoral
Cary Cary Irving
JohnsonCity GrandRapids Layton
Kalamazoo Fresno Kalamazoo
Augusta Augusta
Alexandria Alexandria
GardenGrove Aberdeen AppleValley Carrollton DavidsonCounty Hampton
Lowell Erie
Greensboro Abilene DalyCity LittleRock Manchester
Duluth Irvine
ElMonte ElMonte Frederick
Bradenton Barnstable Bradenton Brownsville Burbank Dallas Garland Gilbert Jefferson Lorain
