4HOMU RU85S Q0T2T ZA7S5 SHOOM EJSFK 7GA8O X180A OSJ7O WOEUE H3R1V 2C63O ZN2EP KC9RF L2GJ5 ZHSBU 3AIXW WP2MA ZHSBU SA6G0 OLLV9 4HOMU
20
4HOMU SYV5N 53Y1R C7WKJ ZZH8Z JXLE1 ZRPB5 61QWU 52MNN 8CLEZ VHCFR
EJSFK 0D2BR 1F0YL HWKGJ 6ACGE BE5V8 TY0L7 TI35I 9WSXC P419D IF7TL W2H22 CM5WA T9O11 ELH5L 69BJO FC0PR C8O6I LKP22
3AIXW 945CN KOYRV DOLRQ 3AIXW Q5DAA
ZN2EP ZN2EP Y61KP NPDI9 IZESQ 4WDJE C45HH WXZHF BVMDZ TBPBM
L2GJ5 L2GJ5 EDSMH
WOEUE DCHO3 RAAD4 FRZVP 8EXDQ SKPO7 A1QRL
X180A 768ZF XEEQB LIRLU CFGE5 DTPF4 7U3JG TORQI PXCIN DDXG0 PTADN PYPSO X180A OIPRN 6OA3K YJ67U V8GEC PMFJ2
Q0T2T 45JXE 1RS2N 6WOBI
2C63O 2C63O
OLLV9 H1LTE OLLV9 MC71K
ZHSBU M1HJR ZHSBU
WP2MA WP2MA
SA6G0 SA6G0
ZA7S5 UW44H Q7FCL W2M5C K50JQ FCYPJ LLTLN
OSJ7O L2PQE WI88U V22SY LEBVZ TCC7B
SHOOM SHOOM AT3CI
KC9RF KC9RF
7GA8O 7GA8O 2BUI5
H3R1V 0VPRW 0U9HU WZB33
RU85S RU85S 50J5H HZHRA
