0 43 102 34 52 35 42 198 2 168 40 116 40 5 129 77 36 194 4 76 52 34 38 110 27 44 115 44 153 9 67 42 198 16 185 30 52 25 9 67 42 198 48 23 78 5 129 44 153 9 25 52 34 38 162 6 131 45 42 198 16 182 181 1 24 117 45 42 198 16 75 69 53 80 2 168 40 5 129 44 153 9 25 52 34 83 74 59 8 98 82 98 8 1 57 54 44 153 9 25 52 34 38 162 6 108 5 39 188 13 107 14 145 48 96 60 84 60 80 53 13 55 46 63 94 97 34 52 25 9 67 42 198 48 105 59 43 0 39 5 129 44 51 71 28 3 58 32 86 31 17 35 52 99 9 176 39 0
19
0 160 161 162 165 188
102 102 178
77 108 111 127 128 129 141
185 101 133 154 156 172 185 189 195
82 187
181 121 140 181 182
58 100 104 106 139 148
110 109 110 119 138 149 170 171 197
115 105 115 124 126 135 150 153 173
75 103 143 152
84 130
53 120 146 147
24 107 117 132 136 137 142 144 151
131 131 155 166 169 180 183 184 193
2 123 145 158 159 163 164 167 168 176 192 198
4 175 177 179 194
116 116 157 174 190 191
23 118 122 125 196
35 112 113 114 134 186
