0 1 3 8 17 35 72 146 72 35 17 8 18 38 78 158 78 38 18 37 76 153 76 37 18 8 3 1 4 10 22 45 92 186 92 45 22 10 21 43 87 176 87 43 21 44 90 181 90 44 21 10 4 1 3 7 15 32 66 134 66 32 15 7 16 34 70 141 70 34 16 33 67 136 67 33 16 7 3 1 4 9 19 39 79 159 79 39 19 9 4 1 0 2 5 11 23 47 96 47 95 192 95 47 23 11 5 12 26 54 26 12 5 11 23 48 98 198 98 48 23 11 5 2 6 14 29 59 119 59 29 14 30 62 125 62 30 14 6 13 27 56 114 56 27 13 28 57 115 57 28 58 118 58 28 13 6 2 0
20
0 100 101 102 103 104 105 106 127 128 129 130 131 132 163 164 165 166 167 168 169 170 171 172 173 174 183 184 187 188 189 190 199
118 117 118
153 151 152 153 154
136 135 136 137 138
159 159 160 161 162
141 139 140 141 142
181 181 182
125 123 124 125 126
114 111 112 113 114
158 155 156 157 158
134 133 134
192 191 192
198 195 196 197 198
115 115 116
54 107 108 109 110
176 175 176 177 178 179 180
119 119 120 121 122
96 193 194
186 185 186
146 143 144 145 146 147 148 149 150
