5 159 172 152 148 195 160 7 111 158 45 135 100 177 37 61 31 88 30 132 177 115 148 195 5 106 64 199 33 46 28 31 88 164 55 164 88 31 71 127 187 108 98 100 177 115 49 184 114 41 131 41 187 99 23 102 8 190 180 139 90 163 80 92 16 47 177 115 148 195 5 141 27 85 107 175 92 80 155 179 26 179 14 135 115 177 103 5 159 17 193 61 31 88 164 33 46 48 87 119 144 91 36 32 181 170 17 193 70 178 142 67 47 177 115 42 185 1 126 131 79 192 96 127 187 195 5 94 161 85 27 104 84 99 187 41 114 56 78 183 32 181 170 17 193 61 31 88 164 140 3 116 174 26 10 50 190 8 102 172 152 87 119 144 91 150 151 86 44 22 7 121 90 163 14 12 106 5
20
5 103 9 157
84 122 168 162 43 44 77
127 187 96 63 81 22
23 140 153 116 99
111 180 71 156 183
46 28 48 33 199 67 46 154
36 91 32 69 52 11 83
27 194 174 104
90 133 2 146 123 101 151 149 68
80 1 39 16 92 80 42
26 178 26 179
30 171 25 193 31 75 34 17 58
108 105 137
45 10 47 14 76 53 158 110
172 85 50 152 143 188 51 159
184 196 184
100 100 135 20 192 56 78
37 37 177 61 64 173 18
131 189 41
55 138 164 102 170 55
