A42 A147 A164 A154 A104 A118 A146 A89 A146 A128 A161 A197 A198 A187 A188 A167 A72 A37 A72 A168 A7 A199 A99 A153 A166 A151 A17 A158 A153 A166 A185 A193 A20 A193 A185 A166 A153 A158 A59 A69 A111 A186 A64 A191 A30 A189 A3 A14 A3 A189 A30 A196 A127 A32 A80 A32 A195 A39 A149 A27 A149 A106 A144 A98 A197 A198 A187 A188 A167 A77 A115 A179 A121 A186 A174 A54 A168 A125 A97 A36 A199 A99 A153 A166 A185 A193 A10 A35 A130 A159 A31 A146 A128 A161 A197 A198 A187 A188 A167 A77 A115 A179 A121 A186 A174 A54 A168 A125 A97 A36 A199 A99 A153 A166 A151 A96 A150 A70 A150 A96 A151 A166 A185 A193 A108 A45 A66 A170 A134 A163 A124 A91 A118 A146 A128 A161 A197 A198 A187 A188 A167 A77 A115 A179 A121 A186 A174 A54 A168 A125 A97 A36 A199 A99 A153 A166 A185 A193 A108 A45 A6 A83 A103 A173 A0 A16 A137 A32 A195 A39 A190 A73 A172 A143 A186 A174 A162 A188 A187 A198 A197 A161 A128 A146 A118 A104 A154 A164 A147 A42 A100 A184 A60 A156 A165 A82 A194 A28 A169 A129 A36 A199 A99 A153 A158 A11 A51 A133 A157 A57 A38 A57 A176 A58 A35 A130 A159 A31 A146 A128 A161 A197 A198 A187 A188 A167 A77 A115 A179 A121 A186 A174 A54 A168 A125 A97 A36 A199 A99 A153 A166 A185 A193 A108 A45 A6 A83 A103 A173 A0 A16 A137 A32 A195 A95 A169 A87 A183 A43 A163 A134 A152 A160 A136 A5 A136 A160 A152 A134 A170 A66 A77 A167 A188 A187 A198 A197 A161 A128 A146 A118 A104 A154 A164 A147 A132 A25 A186 A174 A54 A168 A125 A97 A36 A199 A99 A153 A166 A185 A193 A40 A73 A190 A39 A195 A95 A101 A49 A127 A196 A30 A90 A86 A48 A86 A90 A30 A196 A127 A49 A101 A107 A186 A174 A162 A188 A187 A198 A197 A161 A128 A146 A118 A104 A154 A164 A147 A42
20
A42 A84 A42 A100 A71 A93 A183 A132 A184 A43 A92
A51 A51
A38 A176 A23 A57 A38
A170 A65 A124 A126 A145
A35 A58 A159 A130 A2 A35 A135
A164 A154
A89 A118
A161 A148 A139 A142 A117 A76 A192 A98 A187 A198 A128
A37 A102 A72 A181 A167 A122 A9 A37 A194 A182 A28 A77 A114
A20 A20 A185 A40 A45 A113 A54 A193
A64 A179 A82 A78 A21 A94 A111 A177 A143 A172 A107 A46 A67 A34 A64 A191
A14 A3 A30 A189
A16 A105 A0 A103 A137 A16
A80 A196 A127 A32 A95
A7 A4 A7
A70 A75 A70 A13 A88
A17 A17 A96
A27 A106 A39 A144 A123 A33
A48 A90
A5 A120 A5 A136
