COM PAN RUS MDV MAR MAF MLT HTI CHN BTN CCK NRU PRI PHL SEN CUW SEN SLE ATG AUS ATG SLE SEN PHL PSE FRO ERI GIN GBR GIN ERI FRO EST GIB ESP ECU EGY MYS MYT MUS MRT MNP NGA CZE CYP CZE NGA BMU BFA BLR BFA BMU NGA ARG ARM ARE ALB NFK CXR MWI NIC ABW AGO MYS MYT ARM ARE ALB NFK CXR DEU CZE REU SDN IRQ ISL IRL IRN NIU AIA MYT ARM ARE ALB NFK NCL DZA DOM PAK GTM GRL SHN MAR MKD MLT GNQ LKA KAZ KIR JPN CMR CCK NRU PCN PHL SEN SLE ATG AUS NFK CXR DEU CZE NIU AIA MYT MYS ATA SDN RUS BLZ BRN BDI AZE BMU BRB BHS AUT BGD AUT BHS BLR BFA BMU NGA ARG ARM MYT MYS EGY ERI FRO PSE COM
20
COM HND MOZ NER REU PAN KHM MEX MDA PRY GUM COL AFG COK HKG HRV MLI JEY KWT PSE GMB
PRI CIV MMR NPL NRU PNG POL
BGD BDI BHR
CUW NZL
ISL SDN IRL IOT
BLR BLM BHS BEN AZE BMU
GTM KOR LBN HMD PAK LAO
ESP ESP GIB GEO FSM ECU GAB
ABW ITA ABW NIC
MDV MAC DMA KNA RUS ALA HUN RWA
MYS EGY DZA IRN
MAF GNQ MAR CPV LTU
MUS MYT MTQ SGS DJI NIU
ARM ARM ARE
GBR FRA GBR ESH GIN GHA
KIR LUX LKA LBR IDN KAZ JPN
CYP CYP DEU
CHN CAN GRC LIE SHN COG HTI CHN COD CAF
AUS CXR ATG NFK ALB AUS
FRO FIN
