9c2647cde6e44cc385c8 3db131116e904db799f7 404713e80e9740c9b7cd 2ca31ea1efaa4d6c8d67 effa9d0de823441bb67f 8d368bb67c5c46c5867d 5dc9f852f2454533879f d8316f23d67e43ccb5e7 4c12dd5d885b4037a9d8 3c323f20a75249bb9b7e b927c43e198546078ea6 c15cfb41ef824fd2a1c0 ec162ad32a614344923a e5a9ca3b130945588284 d8a94f0302fe46df820e 9a6fd45cb4d44509bce9 1e0fece7be3f41c786cb 37a0aebb00dc4457a07b da158d239b1d47a9b845 934f0cae8959401e9aa3 7c2b55f88d4f4b7fb942 a581f1b5cd374bd0ba96 ca0b4771edab4289a9de a581f1b5cd374bd0ba96 9c2647cde6e44cc385c8
20
9c2647cde6e44cc385c8 af0a537d56ff42a99a0a 910d00572d9d42cebb4a cd51464f29fe4984870b 211ddbbf614a47428f13 44c8674ccef1477b965f
1e0fece7be3f41c786cb 664988394a5f48d79e79 ce2f0e6b8eb94a748c7d d5bccd7804014eca8c6c dee15252c0e54b84beaf bb5eae787bbc407b98a6 00dd89601f03490d8809
4c12dd5d885b4037a9d8 4c8b2bb0f24f4375a715 5a3b69fa8cfb4982a27c a0f6a505c8184e86afc9 7e0770b0df094f329117 0f214fa889a6406e8826
b927c43e198546078ea6 5b3dce289f444b0aa162 b927c43e198546078ea6 e87b98454fe24297b210 c947a496d2b34bb89bb9 8e02573f1324425c9311 5fd6476364e640bea476
ca0b4771edab4289a9de 74bfaa171ba342fc9e58 ca0b4771edab4289a9de 1c62a698c79e460eb5ff
7c2b55f88d4f4b7fb942 7a1df78f40b245bfbb97 d484483c58914446843f a2e35f0c3c9143c68a9e 06635824d9b841f7b41e
ec162ad32a614344923a 884e85a591684c7ebc61 b42e69fcc93540ff9100 fab56f22f8684dd18893 ec162ad32a614344923a
da158d239b1d47a9b845 fa1e4bc6ddcc462f984f 0753fe21061c4e058dad 5b7e4d089e434c6a9293 26a1d084007f489fba55 bbd144150de64860b03c 529d899e8f2545bfbc5a e6237b02869349c2bcc8 205f1eddbda0478aada6
2ca31ea1efaa4d6c8d67 e3726a85ffc34b1282cf
934f0cae8959401e9aa3 934f0cae8959401e9aa3 9b9da0cbe5514fabb1ae e0d1e21ff6cc4d64aff7
8d368bb67c5c46c5867d cfa4f7b46ab548c1a67a 9b93a8a7d0b543339985 df9c93ed7a63447389dd 53afa325a7d34c438292 87788962cd304b248baf
c15cfb41ef824fd2a1c0 a581f1b5cd374bd0ba96 3574209d67b74478ae2e f47cbc59a0584307a0f1 c15cfb41ef824fd2a1c0
404713e80e9740c9b7cd b96177c96ab740b3965b f74897e94729433fa22f 404713e80e9740c9b7cd bd01ba7047cb4d04a847 e05275dbed2540ddb1d0 2b0e5d986b0a4f1cb926
d8316f23d67e43ccb5e7 1a4c9d2bea59474aa118 babcd00b2c484c36bc48 b3a599b5126842e1bf24 e5d122afc38c45dea5ae d8316f23d67e43ccb5e7
e5a9ca3b130945588284 e74a97c92dba4d8ea2d5 19f204e30ad4442cb966 c69875060dcb453ead1a ef84408a20334d7d9940 e5a9ca3b130945588284 2bcf7711ba8b49129f0c c7ef0821b71641f390ee 09b94d1b44c348ceadb9 dbfc82377b8f4429bc5e 42e3ccb6ddd54a0aa3cb
3c323f20a75249bb9b7e 849492e2a4f04946a2c6 42f0effdbad6403aad72 8fb88a81c320403c8940 54de46f8d4f647d1baa7
9a6fd45cb4d44509bce9 8a66a2d4fdf74f2e9b0e 9a6fd45cb4d44509bce9 2783e022fae94929bf16
3db131116e904db799f7 fc38d8b64f88401c97fd 884523a7277b40f4972f 242983dadb1f4402a4a9 85ec82d3a96e4436a5a2 33edfebd58804049be59 76432c67ac2d44b384c1 12a170c171ef44d4b662
effa9d0de823441bb67f b3931f6d1087486cb913 df9fcc997b4f4a18b94a d4f8d48cee014966a5b7 5215b0f0bd724c5cb095 b47b7b94e7d74f398b8f
5dc9f852f2454533879f a22afbff48914ac888a0 5dc9f852f2454533879f 82654fedf62042cb92dc d8780223b4744b5b91e5 eff3a759e4134e70a252 0a53d934f24848f9bda3
