Soda 51 128 143 144 60 180 70 102 177 191 80 178 21 95 62 52 15 161 54 Soda
20
Soda 111 124 152 164 167
15 115 135 137 162 176 197
177 121 125 136 165 169 177
21 123 127 158 198
128 112 119 128 156 171 190
60 126 131 140 181 192
102 102 107 132 146
54 104 130 145 153 154 160 163 168 189 194
80 99 110 151
95 166 175 186
52 129 138 149 159
161 105 116 161
62 101 117 122 142 187 193
180 118 148 173 180 184 188
143 103 106 113 133 141 143 155 157
178 172 178 179
191 114 185 191
144 100 108 134 144 170 174 183 196
51 150 182
70 109 120 139 147 195
