YuhuaEast Aljunied PasirPanjang2 Rochor BukitBatokWest SimpangNorth Port KampongUbi TuasPromenade PangSua PasirPanjang1 NatureReserve Boulevard ClementiCentral ConeyIsland StraitsView GulBasin Plab SwissClub GulBasin LittleIndia PangSua PasirPanjang1 SerangoonGarden TuasPromenade PeoplesPark Victoria Plab Chatsworth Plab MarinaEast NatureReserve TiongBahruStation YuhuaEast
19
YuhuaEast Sennett Shipyard BoonLayPlace
Chatsworth AngMoKioTownCentre Commonwealth OneTreeHill WaterwayEast Museum TuasNorthPioneer PeiChun InstitutionHill WoodlandsWest Chatsworth
KampongUbi TelokBlangahRise HougangCentral Brickworks Sentosa OneNorth DefuIndustrialPark
PasirPanjang1 MandaiEast KebunBahru
ClementiCentral SerangoonNorth Serangoon BedokSouth IstanaNegara Trafalgar SembawangHills PasirRisPark Saujana Geylang Cairnhill Mandai ChinaSquare JurongWestCentral ChangiPoint
BukitBatokWest GeylangEast BukitBatokWest DhobyGhaut ReservoirView
SwissClub HongKah Punggol HongKahNorth PayaLebarEast LowerSeletar SembawangStraits CityHall SungeiRoad BenoiSector Moulmein TagoreSindo ClementiNorth Matilda EvertonPark JooSengPayaLebar UluPandan UpperThomson Kembangan OrangeGrove
SerangoonGarden PasirRis SerangoonGarden SingaporeRiver
StraitsView Tampines
Plab EastCoast
NatureReserve Sembawang ChangiWest
TuasPromenade TuasPromenade TiongBahru Tanglin
Port Port
PangSua BedokNorth PangSua DairyFarm
Rochor PunggolField TuasBay
SimpangNorth Paterson SimpangNorth Khatib AlexandraNorth BayfrontSubzone
Boulevard PasirRisDrive TampinesNorth RochorCanal
PasirPanjang2 Northland KeatHong Mountbatten BukitBatokSouth JurongPort SerangoonCentral TohGuan YioChuKangEast SouthernIslands
Aljunied YioChuKang KentRidge SungeiKadut ChoaChuKang Aljunied PearlsHill BoatQuay PulauPunggolTimor PeoplesPark
