139 198 200 177 169 28 169 72 196 195 197 16 197 195 196 188 109 188 196 195 197 178 1 178 197 195 196 188 174 19 174 194 180 39 180 194 174 188 196 195 197 178 192 198 200 177 169 127 189 183 32 183 189 167 200 198 192 178 197 195 196 188 174 194 180 151 4 161 193 80 193 199 165 36 165 199 193 173 48 190 144 45 184 181 161 193 199 165 177 200 198 192 178 197 195 196 188 174 194 180 151 24 191 187 168 131 168 196 195 197 178 192 198 200 177 169 127 189 183 146 193 199 143 5 158 175 184 181 161 193 199 165 177 200 198 192 178 197 195 196 188 174 194 180 151 186 185 142 144 190 60 90 128 184 181 161 193 199 165 177 200 198 192 178 197 195 196 188 174 194 180 151 186 185 145 59 162 196 195 197 178 192 198 200 167 189 183 146 193 199 132 157 179 155 131 103 182 151 180 86 54 191 133 148 171 34 88 174 122 91 62 144 142 185 96 3 149 178 197 195 196 188 174 194 180 153 200 198 139
19
139 77 85 112 198 11 18 173 15 176 141 71 153 58 157 21
48 48 26
3 81 111 147 134 96 104 118
1 106 47 1 98 178 89 172
5 5 95 13 158 82 35 37
16 142 127 65 108 16 30 44 186
90 8 60 9 114 128 7
45 23 152 184 79 144 182
4 84 148 161 145 75
39 43 57 39 156
24 14 191 138
80 146 27 41 67
32 189 101 74 33 32
28 64 78 123 31
59 22
109 91 187 109 188 122
131 125 131 105
36 25 130 165
72 2 72 113 119 69
