F8 D6 R1 K3 R4 N0 B2 A3 M5 G6 M7 Q9 E4 F9 C0 C5 C0 J6 I7 G0 B6 P3 M0 T6 T7 C7 I1 Q4 A7 H7 T9 L4 K3 R1 K0 F2 T8 I8 B5 P4 K2 O7 L9 S6 R3 A2 A5 N6 O6 E4 F9 C0 J6 I7 G0 D8 K6 T9 H7 O7 L9 I9 T8 A4 E6 S0 N4 Q8 R6 K4 N0 R4 K3 R1 F3 E8 T3 R3 S6 L9 L0 L5 G3 I7 L1 S4 C9 K1 J3 T9 L4 J9 H5 R3 E9 D2 N3 K2 O7 L9 L0 L5 G3 F2 N1 S2 N4 T5 I8 F1 I1 C7 S7 Q2 F0 C6 S4 C9 D3 I1 Q4 A7 H7 T9 L4 K3 R1 K0 F2 A3 E0 F8
20
F8 M5 H6 N8 C3 F2 O3 I0
E8 A0 E8 E7 D5
L9 C2 G4 I9 L9
P3 J2 D8 N4 K6 D4 L6 S2 G9 J1 S0
F0 C8 O2 B3
R1 G0 K3 R4 H1 F6
K1 Q3 O1 A1 K5 T1 G1 K1
T6 P9 B0 P7 Q7 N2 M0 R9 C4
A2 A2 I4 I2 H2
G6 E5 N1 O5 G6 S8
N6 B4 N6 N7
Q8 H5 E2 I3 S9 Q8 A8 A9
I1 T0 E3 C1 P5
E4 E4 S7 Q0 F9 D9
I8 F1 H0 I8 T5 S5
C5 R8 Q5 C0 P6
K4 H3 D3 R6 D7
P4 P2
A4 T8 J0 M6
B2 H4 N0 B2 I6 T9 A3 R0
