Monroe Miami Daly Muskegon Hickory Independence Three Leominster Lacey Four Corona Two Montgomery Anchorage Frederick Johnson Dallas Greenville Hickory Chicago Fayetteville Layton Inglewood Naples Vegas Monroe
20
Monroe Fairfield Mesa Lewisville Seven Monroe Davidson Clarksville
Leominster Havre Birmingham Cary Lakeland Mobile Leominster Bedford Jacksonville Denver
Johnson Johnson Charleston
Daly Cambridge
Greenville Greensboro Athens Hagerstown Hayward Hialeah
Fayetteville Mesquite Akron Hesperia Apple Denton Fayetteville
Independence Gainesville Kailua Naples Austin
Corona Lancaster Carrollton
Layton Arlington Amarillo Brownsville Modesto Julian Glendale Canton Abilene Layton
Frederick Kenosha Clarke Baltimore Erie
Hickory Ten Hartford Huntington Lafayette Hickory
Anchorage Daytona Kennewick Asheville Viejo Anchorage Antioch
Three Three Dallas
Muskegon Albany Kissimmee Prairie Muskegon
Two Bradenton Hampton Aberdeen Gilbert Killeen Vista Irving Boise
Montgomery Burlington Montgomery Dayton Merced Detroit
Lacey Melbourne Elizabeth Rapids Manchester Lowell Lacey Boulder Cleveland Laredo Anaheim Huntsville
Four Four Elkhart Bridgeport Monterey
Chicago Baton Bethlehem
Miami Miami Allentown Chesapeake Corpus
