0 2 3 4 5 6 5 4 3 2 0 21 0 22 0 23 24 23 0 7 8 10 26 28 30 32 31 40 76 78 99 86 42 45 47 14 13 12 30 29 34 38 75 95 96 97 98 83 99 86 42 45 47 14 13 12 30 29 35 39 37 84 87 82 83 99 86 42 45 47 46 91 46 47 48 49 92 90 44 90 92 49 50 93 89 94 88 80 99 86 42 45 47 14 17 18 19 20 19 18 17 14 47 46 91 43 80 99 83 98 97 96 95 75 38 34 29 28 26 10 8 74 66 62 58 56 52 55 54 53 54 55 52 56 58 62 66 74 8 9 24 23 0
20
0 0 1 2 7 25
20 20
6 6
53 53
4 4
18 18
24 8 9 24 52 54 55 56 58 62 66 74
3 3
5 5
19 19
21 21
22 22
23 23
32 10 11 12 13 26 27 28 30 31 32 33 41 51 57 59 60 61 63 64 65 67 68 69 70 71 72 73 77 78 79 80 82 83 84 85 87 88 89 93 96 97 98 99
91 42 46 47 48 91
44 43 44 45 49 50 86 90 92 94
40 14 15 16 17 40 76
34 29 34 38
75 75 95
39 35 36 37 39 81
