6 199 194 197 191 197 194 193 194 199 189 172 168 163 167 163 168 158 154 152 156 152 154 158 143 144 149 142 141 143 133 130 137 131 133 124 120 127 126 124 111 116 118 116 111 103 109 106 104 106 109 103 96 99 97 94 96 80 83 80 96 103 111 124 133 143 158 168 172 189 199 6 11 24 25 29 22 26 24 30 35 30 42 55 52 54 56 57 55 67 65 63 65 67 73 80 96 103 111 124 133 143 158 168 172 189 199 6 11 24 30 42 46 41 46 42 55 67 73 80 96 103 111 124 133 143 158 168 172 189 199 6
18
6 8 4 1 7 0 10 15 18 19 14
22 23 20 21 26
41 46 41 40 48
189 176 170 178 177 179 182 181 186 187 185
63 62 63 65 69 60
97 97 90 98 95
118 105 112 118 113 115 114
137 137 139 132 130 134
104 106 109 101 107
149 148 146 145 149 144
156 153 150 152 157
54 50 57 51 59
83 77 78 75 79 74 87 88 85 81
127 120 126 125 129 128
35 39 36 31 38
191 191 198 190 196
193 194
167 167 164 163 166
