0 147 141 140 141 61 54 57 63 62 125 129 126 132 136 144 147 44 37 60 67 71 78 79 86 89 95 98 99 104 108 113 121 126 132 136 144 147 32 27 22 18 149 147 32 38 41 49 89 95 67 71 76 104 108 113 121 126 133 9 124 132 136 144 0
19
0 145 108 143 146 4 0 5 7 70
78 78 82 85 84 80 77
44 36 45 65 86 40 44 39 49
27 31 29 26 27 32 28 24 25 23 33 35 120
89 22 81 94 97 101 83 89
113 118 68 69 105 117 113 111 114
63 64 56 30 66 67 60 13
9 12 9 15 16 133 8
126 127 131 122 123 134 119
140 73 132 142 137 138 148
98 96 95 98
54 55 51 47 53 43
18 18 19 11 10 75
37 42 34
57 62
99 93
104 76 110 104 109
129 128 135 125
141 141
