187 161 192 136 147 11 83 63 108 10 75 77 40 95 185 163 70 184 91 198 168 107 176 107 28 183 77 115 11 126 187
20
187 153 68 29 86 156 7 42
83 33 157 80 140 53 83
95 133 117 150 95 160 180 127 65 73 58
184 184 92 15 71 126
108 165 69 54 2 146 134 55 97 39 108
168 82 109
176 181 23 176
183 175 148 183 59 131
75 142 110 128 120 124
136 119 173 136
11 169
63 63 13 48 94
70 70 199 45
91 9 67 8 172 47
40 152 30 107 190 72 171 166
163 111 163 41 114 79
161 191 78 161 164 52
185 162 36 18 87 32 196
147 6 93 154
192 90 132 12 89 44
