location1 location25 location164 location38 location3 location83 location6 location109 location119 location97 location131 location28 location35 location58 location22 location150 location122 location71 location123 location173 location1
18
location1 location69 location20 location180 location157 location169 location179 location92 location57 location68 location108 location91 location143 location140 location2 location49 location188 location133 location159 location85 location17 location139 location149 location90 location199 location171 location152 location27 location100 location56 location184 location129 location87 location93 location46 location175 location33 location95 location186 location127 location172 location32 location26 location96 location10 location178 location193 location75 location190 location40
location71 location142 location114
location150 location150
location123 location123
location122 location59
location97 location97
location109 location109
location6 location6
location22 location196 location130 location22 location94
location38 location177
location58 location58 location181
location131 location16 location13
location28 location158 location28
location3 location82 location3
location35 location35 location43 location197 location146 location118 location107 location185 location161
location164 location106 location182 location110 location65 location74 location164 location37
location83 location11 location105 location136 location30
location25 location25 location12 location116 location195 location165 location128 location5 location44 location148 location111 location154
