Loc1 Loc52 Loc39 Loc140 Loc13 Loc56 Loc126 Loc195 Loc64 Loc134 Loc80 Loc90 Loc68 Loc43 Loc22 Loc16 Loc7 Loc112 Loc139 Loc42 Loc71 Loc133 Loc59 Loc34 Loc87 Loc196 Loc125 Loc69 Loc197 Loc181 Loc179 Loc118 Loc72 Loc118 Loc179 Loc181 Loc197 Loc69 Loc125 Loc81 Loc129 Loc81 Loc125 Loc69 Loc197 Loc181 Loc179 Loc118 Loc138 Loc74 Loc110 Loc178 Loc116 Loc194 Loc88 Loc194 Loc116 Loc178 Loc110 Loc74 Loc115 Loc30 Loc170 Loc6 Loc19 Loc136 Loc123 Loc125 Loc69 Loc197 Loc181 Loc179 Loc134 Loc64 Loc102 Loc191 Loc102 Loc163 Loc181 Loc179 Loc148 Loc61 Loc68 Loc43 Loc48 Loc62 Loc14 Loc115 Loc44 Loc199 Loc124 Loc63 Loc10 Loc155 Loc132 Loc1 Loc52 Loc98 Loc58 Loc163 Loc181 Loc179 Loc148 Loc61 Loc68 Loc43 Loc48 Loc62 Loc14 Loc171 Loc126 Loc42 Loc71 Loc80 Loc194 Loc88 Loc143 Loc30 Loc119 Loc160 Loc57 Loc109 Loc137 Loc107 Loc74 Loc110 Loc178 Loc116 Loc194 Loc146 Loc34 Loc87 Loc196 Loc125 Loc81 Loc23 Loc56 Loc1
20
Loc1 Loc164 Loc97 Loc169 Loc132 Loc128 Loc1
Loc68 Loc82 Loc199 Loc99 Loc68 Loc187 Loc153
Loc139 Loc160 Loc4 Loc5 Loc117 Loc92 Loc177 Loc112
Loc74 Loc110 Loc60 Loc155 Loc8 Loc38
Loc136 Loc104 Loc111 Loc131 Loc15
Loc34 Loc115 Loc59 Loc130 Loc6 Loc29 Loc87 Loc192
Loc72 Loc150 Loc72 Loc98
Loc129 Loc172 Loc144 Loc119
Loc125 Loc196
Loc191 Loc58 Loc166 Loc156 Loc122 Loc70 Loc152 Loc167
Loc88 Loc45 Loc83 Loc188 Loc19 Loc33 Loc36 Loc114
Loc197 Loc113 Loc145 Loc55 Loc85 Loc89 Loc69
Loc126 Loc126 Loc44 Loc28 Loc12 Loc157 Loc18 Loc183
Loc124 Loc63
Loc64 Loc3 Loc51 Loc102 Loc64 Loc26 Loc194 Loc76 Loc154
Loc30 Loc198
Loc62 Loc106 Loc62 Loc50
Loc16 Loc127 Loc135 Loc186 Loc66 Loc22 Loc91 Loc175
Loc109 Loc180 Loc161 Loc31
Loc140 Loc39 Loc37 Loc73 Loc13 Loc171 Loc178 Loc121 Loc123
