n0 n32 n179 n188 n50 n160 n60 n48 n11 n182 n86 n47 n147 n104 n198 n103 n149 n42 n122 n90 n0
19
n0 n0 n12 n22 n31 n39 n56 n68 n78 n83 n85
n103 n7 n15 n41 n58 n73
n122 n38
n50 n23 n50 n67
n11 n11 n21
n104 n1 n14 n27 n63 n84
n47 n26 n29 n37 n47 n70 n72
n179 n10 n16 n20 n44 n51 n69 n74
n60 n28 n33 n45 n60 n92
n160 n34 n49 n66 n77
n149 n4 n5 n13 n25 n43 n53 n76 n94
n147 n17 n35 n91 n96 n97 n99
n198 n3 n9 n24 n52 n79 n80 n82
n90 n19 n30 n89 n90 n98
n86 n6 n54 n57 n75 n86
n42 n18 n42 n62 n64 n71 n95
n32 n2 n8 n32 n36 n59 n61 n81 n87
n188 n40 n46 n55 n65 n93
n48 n48 n88
