Liam Evan Roman Jayden Max John Kevin John Asher Waylon Jaxon Benjamin Grayson Abraham Kaleb Elias Connor Ashton Jose Kaiden Lorenzo Abraham Braxton Juan Damian Dylan Carlos Samuel Emmanuel Carson Kai Chase Isaac James Oliver Patrick Nathaniel Ryder Zion Jonah Ryan Nolan Thomas Emmett Josiah Justin Parker Luis Nathaniel Patrick Lorenzo Kaiden Jose Ashton Connor Elias Kaleb Chase Carter Jesus Carter Richard Zachary Jonathan Ethan Jasper Alejandro Ryker Charles Tucker Amir Aaron David Camden Emmett Josiah Justin Parker Luis Nathaniel Patrick Lorenzo Kaiden Jose Ashton Connor Elias Kaleb Chase Carter Richard Zachary Jonathan Ethan Weston Giovanni Ayden George Harrison Jack Justin Parker Luis Nathaniel Patrick Lorenzo Kaiden Jose Ashton Connor Elias Kaleb Chase Carter Jesus Gabriel Victor Dominic Zayden Cole Everett Jacob Brantley Damian Dylan Carlos Samuel Emmanuel Elijah Abel Zayden Dominic Victor Aiden Timothy Max John Asher Waylon Jaxon Benjamin Grayson Abraham Lorenzo Kaiden Jose Ashton Calvin Michael Jesse Harrison George Brody Christian Nicholas Caleb Cameron Jaxson Angel Anthony Maverick Alex Theodore Ayden George Emmett Josiah Justin Parker Luis Nathaniel Patrick Lorenzo Kaiden Jose Ashton Connor Elias Kaleb Chase Carter Jesus Leo Alexander Declan Jeremy Jayce Henry Lucas Noah Kaiden Lorenzo Abraham Braxton Juan Damian Dylan Carlos Samuel Emmanuel Carson Kai Chase Isaac James Karter Nathan Jude Joseph Maximus Zion Jonah Ryan Nolan Thomas Emmett Josiah Justin Parker Luis Nathaniel Patrick Lorenzo Kaiden Jose Ashton Connor Elias Kaleb Chase Carter Jesus Gabriel Christian Nicholas Caleb Wesley Malachi Edward Sebastian Bryce Ayden George Harrison Jack Justin Parker Luis Nathaniel Patrick Lorenzo Kaiden Jose Ashton Connor Elias Kaleb Chase Carter Jesus Gabriel Christian Nicholas Caleb Wesley Malachi Adam Colton Luca Steven Jonathan Zachary Tyler Eli Alex Cooper Timothy Aiden Mateo Miguel Zayden Dominic Maximus Zion Jonah Ryan Nolan Elijah Emmanuel Gael Jameson Hudson Jameson Gael Emmanuel Carson Kai Chase Isaac James Oliver Patrick Nathaniel Ryder Mateo Oscar Jack Harrison George Ayden Cole Zayden Dominic Victor Hayden Bennett Landon William Beau Eric Messiah Juan Braxton Jackson Ezra Ezekiel Maddox Kaiden Noah Calvin Ashton Connor Tucker Colton Luca Dylan Carlos Leo Bryson Malachi Wesley Caleb Elliott Zachary Hunter Thomas Nolan Miles Luke Finn Jasper Ethan Aiden Timothy August Hayden Austin Rowan Brody Ryker Charles Mason Bentley Harrison Jack Justin Parker Luis Nathaniel Patrick Lorenzo Kaiden Jose Ashton Calvin Nathan Karter James Isaac Chase Carter Jesus Gabriel Cameron Caleb Waylon Jaxon Benjamin Jameson Gael Emmanuel Elijah Nolan Thomas Emmett Graham Maximus Joseph Robert Cole Ayden Bryce Sebastian Edward Malachi Adam Colton Luca Dylan Andrew Roman Evan Liam
18
Liam Liam Jayden Jordan Evan Bryson
Luke Luke
Kevin John Nathan Asher
Hudson Benjamin Daniel Hudson
Joseph Joseph Robert Jace
Zion James Oliver Jackson Isaac Julian Levi Christopher Austin Greyson Parker
Sebastian Sebastian Wyatt Mateo
Christian Grayson Jaxon Caleb Christian Nicholas Angel Jaxson
Victor Ethan Aiden Gabriel Jonathan Adrian Dominic
David David Aaron Charles
Elias Joshua Connor Elias
Henry William Lucas Matthew Henry
Jose Noah Jack Jeremiah Ezra Jose Ezekiel Cooper
Everett Jacob Landon
Ayden Mason Anthony Eli Cameron Theodore Brayden Ian Maverick
Dylan Samuel Dylan Andrew Lincoln Isaiah Hunter Easton Colton Adam
Jesus Alexander Carter Owen Josiah Leo
Nolan Logan Elijah Michael Ryan Thomas Nolan Carson Xavier
