0 137 25 82 91 111 23 110 12 21 52 92 182 124 103 131 103 140 181 95 34 9 174 191 11 191 139 99 118 117 181 56 24 106 156 157 92 52 102 56 15 124 0
20
0 0 20 98 78 35 51
25 29 97 61 64 25
99 99 47 32 42
157 58 38 30 81
91 1 40 57 91
12 36 79 27 83 8 12 88
117 22 50 76 84 55 87 65
11 66 75 37 85 48 11 13
9 73 34 72 68 86 9 69
24 41 56 24 14
131 45 54 39 16
182 59 15 4 18 92 17 89 70
140 96 7 53
23 43 19 28 46 23
52 74 60 71 80 52 5 21 26
95 95 3
137 62 90
191 77 49 67 10
103 31 44 33 2 6
82 93 63 82 94
