F1E81B 62C365 6D51F4 61199E BF6302 9DA2E3 8C971D 9DA2E3 4CAD30 62C365 851F90 62C365 B69F55 62C365 E51A66 62C365 FB0EF2 53C6C8 DCE144 230A7C 77A0B5 7E78F3 77A0B5 230A7C B27903 E51A66 62C365 FB0EF2 53C6C8 14994D 9DA2E3 596CF6 9DA2E3 FB0EF2 614224 2CCB19 28F6D1 EDF90E 40D10E 59843B 8F17C0 61199E EDF90E 2CF818 FFFD4B 5F4E43 63361A 7BE8A9 C63C0A 2CF818 ABD8FE 9096DB 239994 2CCB19 614224 BF6302 4099A6 52C88C 36590B 4B97F1 151BC9 5FD658 C63C0A 40D10E B75549 F1E81B B23276 2BF7B5 0F5860 C45E71 2CF818 ABD8FE 6B4619 DEC4F2 230A7C 85D6DB AE4A01 F1E81B E80628 E51A66 8BFCAC BB4908 D337F2 77A0B5 230A7C 94941B 5BB557 8417C8 1B337D 2CF818 C63C0A DD07FF F1E81B
20
F1E81B 6E313C E80628 813B05 F1E81B D6CC7A
28F6D1 8015E0 28F6D1 ABD8FE
8C971D CEAC59 AE4A01 C3EF62 94A561 8EBF8A 4A5708 490F1E
DCE144 230A7C AEFF96 8F495E DCE144
52C88C 52C88C 4099A6 D4A75D 36590B
BB4908 B47658 E81014 E5E6C0 C18C9B CC9C14 BB4908
7E78F3 1F842B 9096DB 7E78F3 C3B3E7 124C90
6D51F4 29D5D7 6B340B F33196 783751 685D1A 2BF7B5 6D51F4 3B4B53
0F5860 47FACD A1F104 66048A 20EAE7 0F5860
5BB557 770D1A 4A28BA 5BB557 90451D
FFFD4B 573788 17779E 1E1095 5F4E43 FFFD4B
596CF6 596CF6 0CBC31 C4303B 2FEDFB 8417C8 86493E
E51A66 D337F2 E51A66 6966D7
14994D 396D53 6B622D 4B97F1 14994D
59843B 59843B DE6899 14B430 8F17C0 E3C2C9
B69F55 2CCB19 305D33 8B519F 239994 B69F55
4CAD30 5C7062 4CAD30 7E1C6C 293D59
BF6302 8BFCAC FFEEBD 614224 151BC9 8B6C2F 61199E 7829D7 77A0B5
63361A 36C862 85D6DB 63361A
851F90 D1967A 851F90 93EBE3 C9AF85 B7F75A BB40E6
