MapLocation152 MapLocation27 MapLocation124 MapLocation149 MapLocation90 MapLocation197 MapLocation5 MapLocation100 MapLocation175 MapLocation54 MapLocation128 MapLocation130 MapLocation146 MapLocation138 MapLocation104 MapLocation33 MapLocation192 MapLocation51 MapLocation174 MapLocation160 MapLocation2 MapLocation82 MapLocation152
19
MapLocation152 MapLocation16 MapLocation106 MapLocation53 MapLocation152 MapLocation103 MapLocation189 MapLocation182 MapLocation23
MapLocation90 MapLocation35 MapLocation81 MapLocation22 MapLocation154 MapLocation161 MapLocation114
MapLocation192 MapLocation19 MapLocation192 MapLocation57 MapLocation109 MapLocation116 MapLocation135 MapLocation29 MapLocation148
MapLocation175 MapLocation15 MapLocation50 MapLocation79 MapLocation164 MapLocation10 MapLocation175 MapLocation56 MapLocation42
MapLocation128 MapLocation20 MapLocation186 MapLocation71 MapLocation129 MapLocation92 MapLocation128 MapLocation7
MapLocation2 MapLocation41 MapLocation60 MapLocation173 MapLocation179 MapLocation121
MapLocation104 MapLocation14 MapLocation13 MapLocation104 MapLocation102
MapLocation5 MapLocation77 MapLocation183 MapLocation62
MapLocation146 MapLocation17 MapLocation125 MapLocation146 MapLocation32
MapLocation124 MapLocation113 MapLocation67 MapLocation137 MapLocation171 MapLocation85 MapLocation55
MapLocation160 MapLocation59 MapLocation118
MapLocation54 MapLocation107 MapLocation122 MapLocation47
MapLocation100 MapLocation198 MapLocation36 MapLocation123 MapLocation94 MapLocation119 MapLocation100 MapLocation194
MapLocation33 MapLocation156 MapLocation185 MapLocation166
MapLocation197 MapLocation12 MapLocation96 MapLocation99 MapLocation28
MapLocation149 MapLocation69 MapLocation97 MapLocation149 MapLocation8 MapLocation43 MapLocation170 MapLocation133 MapLocation86 MapLocation76 MapLocation153
MapLocation27 MapLocation136 MapLocation105 MapLocation145 MapLocation9
MapLocation130 MapLocation127 MapLocation4 MapLocation111
MapLocation138 MapLocation18 MapLocation72 MapLocation61 MapLocation150 MapLocation70
