86 169 23 185 43 192 151 184 164 130 167 65 146 65 167 145 109 5 131 196 186 29 162 29 186 200 100 182 96 174 96 182 171 188 156 190 71 167 145 63 74 63 145 167 140 25 153 25 183 190 159 112 139 188 81 104 98 187 79 21 79 187 20 82 20 187 186 200 100 182 171 188 199 88 27 88 199 188 198 78 76 135 138 147 188 199 88 181 161 163 161 184 164 130 167 145 63 143 127 183 190 93 178 186 200 100 182 171 188 199 42 136 91 98 165 102 165 180 161 184 164 130 167 145 63 143 127 183 190 159 112 139 188 199 42 136 43 192 67 114 55 118 129 171 188 199 88 181 161 184 164 130 167 145 63 142 154 25 183 190 159 83 169 186 187 20 36 31 115 182 171 188 199 88 181 161 184 164 66 178 186 200 77 131 135 138 62 104 107 99 167 145 63 142 154 166 183 190 64 40 122 49 125 86
20
86 116 120 125 150 152 169
153 6 44 48 64 90 117 140 153 154 183
76 11 14 76
156 41 45 54 57 71 93 97 122 126 139 149 156 159 160 198 199
81 1 56 107 110 123 157 175 181 189
23 8 28 66 185
102 19 22 38 53 87 94 101 105 106 158 177
43 51 52 89 92 132 192
163 163
5 5 13 121 148 173
21 10 21 30 35 137
162 26 72 73 196
74 2 74 75 145
184 17 91 138 184 194
31 36 179
146 146
174 100 113 174
27 27 84
82 82
118 69 129
