0x19 0x9d 0x12 0x6f 0x9c 0x26 0x67 0x26 0x9c 0x57 0x62 0x57 0x9c 0x26 0x67 0x7f 0xab 0xac 0x3b 0x12 0x6f 0x9c 0x26 0x67 0x7f 0x20 0x76 0x34 0xc1 0x96 0xc7 0x44 0x9c 0x26 0x67 0x7f 0xab 0x52 0x2b 0xc4 0x30 0x23 0x30 0xa6 0xa1 0x3 0x73 0x3 0xa1 0xa6 0x30 0xc4 0x2b 0xbd 0xd 0xa9 0x1e 0x3 0x73 0x54 0x35 0x93 0x80 0x13 0x5d 0x9 0xbe 0x6c 0x47 0x30 0xa6 0xa1 0x3 0x73 0x54 0x35 0x22 0xaf 0x57 0x9c 0x26 0x67 0x7f 0x20 0x76 0x34 0x47 0x30 0xa6 0xa1 0x3 0x73 0x54 0xbd 0xd 0xa9 0x8f 0x70 0xac 0xbf 0x48 0x72 0x1b 0x6a 0x82 0xb9 0xb5 0x46 0x60 0x23 0x30 0xa6 0xa1 0x3 0x73 0x54 0x35 0x26 0x3e 0x9a 0x51 0x25 0x74 0x3c 0x97 0x8f 0xa9 0x87 0xa4 0x3d 0xb7 0x62 0x57 0x9c 0x26 0x67 0x7f 0xab 0x56 0x68 0x43 0xba 0x3d 0xb7 0x62 0x57 0x9c 0x26 0x67 0x7f 0xab 0x52 0x2b 0xc4 0x30 0xa6 0x4e 0x4 0x3 0x73 0x54 0x3f 0x34 0x49 0xa9 0x8f 0x70 0x31 0x6 0x74 0x3c 0xe 0x79 0x5 0xa5 0x2f 0x23 0x30 0xa6 0xa1 0x3 0x73 0x54 0x35 0x26 0x3e 0x9a 0x51 0x25 0x74 0x3c 0x97 0x8f 0xa9 0x87 0xa4 0x7c 0xb0 0x64 0x9e 0x99 0x92 0xb 0x41 0x3 0x73 0x54 0x35 0x26 0x8a 0x30 0xa6 0x78 0x71 0x16 0x64 0xac 0x3b 0x12 0x61 0x2 0x85 0x5c 0x3a 0x63 0xe 0x79 0x5 0x9b 0x1d 0x2e 0xb2 0x57 0x62 0xb7 0x3d 0xa4 0x5f 0x11 0x8b 0x19
20
0x19 0x97 0x7b 0x8b 0xc4 0x2a 0x6d 0x11 0x2b
0xac 0xac 0x31 0x0 0xa3 0xab 0x52 0x70 0xa0
0x22 0x8e 0x1 0x4e 0x4 0x1a
0x93 0x9 0x80
0x67 0x1d 0x91 0xc2 0x34 0xb2 0x45 0xa7 0xbc 0x78 0x14 0x98
0x82 0x6a 0x1b
0xb5 0x42 0x46 0xb5 0x8c
0xa5 0x4d 0x5 0x85 0x3a 0x79
0x6c 0x5d
0x23 0x21 0xc3 0x60
0x73 0xbd 0x7a 0xbb
0x68 0x56 0xb6 0x68
0x3d 0x3d 0xba 0x1f 0xa4
0x62 0x25 0xa8 0x28 0x2d 0x7 0x9b 0x59 0x6b 0xa6 0xae 0x10 0xa1 0x9a 0x5a 0x18 0xb4 0x86 0x81
0x12 0x3b 0x6f 0x53 0x2c 0x12 0xf 0x61
0xa9 0x8f 0xb0 0x84 0xaa 0x89 0x74 0xc6 0x87
0x9e 0x9e 0x77
0xc7 0xc7
0x92 0x99 0x83 0x9f 0x15
0x9c 0x9c
