state Blomberg controversial auctioneer knick auctioneer border auctioneer driveway auctioneer motet auctioneer dumpling auctioneer scaup auctioneer serge auctioneer value auctioneer rocky auctioneer texture auctioneer anatomy auctioneer Waterbury auctioneer knurl auctioneer hyphen auctioneer gun auctioneer complacent auctioneer rent auctioneer cache auctioneer state
20
state Calkins Zellerbach whirligig octane Albert lonesome Adler sepulchral lobby bald grade hypothetic fireplace gavotte whatsoever backgammon shrugging Augean Yaounde athletic curbside foursome regal flexural turnout Steiner opossum Lizzie compunction Whelan firebug eggplant retardation harrow debenture Ridgway hungry bibliophile
controversial controversial begot wrack Cinderella watery scriptwriter eidetic jackass joke bloc Evans infuse stingy his Darwin cocaine sanatoria omicron stereography Arden pairwise supremum registrant Protista heifer uptown ash dame Eva charcoal hallelujah cohere trivium clasp monk Edmonds Della circumstantial Adamson freehold fleawort huge presto exhortation
knick knick
border border
driveway driveway
motet motet
dumpling dumpling
scaup scaup
serge serge
value value
rocky rocky
texture texture
anatomy anatomy
Waterbury Waterbury
knurl knurl
hyphen hyphen
gun gun
complacent complacent
rent rent
cache cache
