PlmPdVeiiHQg3JYZCDWt iFXIyHTPBX7ivXxsV1VM zforAf5jhSPEL0aOiCeo fuCjhXAjnc4YFvoPeqP4 k8LvqKsQ4ejh0bCWs4fP eUyNsK7nwP1YPac54CbU 76b3evP8JEiQ8c6jd2b5 yzZAQs8WNcqHoW4TRAoo C6w7afZujemehEooILjN nweJtOYiRJ9VPbpUTVQU JTOsbkycRuz0e5JQ3gRH hZHynIvymuQxD6BftzWt YFXFh0nBpGYXfL8mfny3 4wKSG7BFou1CA7O0mLH6 WErk2X2lm629vuxPHVtl rrsfFE1VQlGvYiPVJPzk E8pbRn7LIeWnB3swkYzz X39Y1tqjVB1dYhLfEsBQ UkqILZ2p4EbRuMBIrGXp dNoUXTyodWg6ihABmzIM PlmPdVeiiHQg3JYZCDWt
19
PlmPdVeiiHQg3JYZCDWt qOK6WPKQJA4Q9XqXgSgT yD8JCRUWcVAZxJ4ZDldr uNMLlt0W1KUwk2d6EP98 cUanhOambcNkocePqfvx CofLnw0Ss4pVGWmPS5oO m1A3pMC42PQioFziqK5C xcisI0PJDdG9nIuyj3IS GUntLlYA0xo9Vk4WLTLV
hZHynIvymuQxD6BftzWt Vh6ScHVb39wz7CmKwIuA hZHynIvymuQxD6BftzWt
WErk2X2lm629vuxPHVtl WErk2X2lm629vuxPHVtl ML4pCjYl4gPEwSnvlRaD
X39Y1tqjVB1dYhLfEsBQ 48BAUsycKlkSkbOjYLFN nsq4rhHWMCaIVcah5fcd NA24XhOMsROCBnUViAJT IxWh6LSiXwGUWSx9VJ39 2Cz4Y4eG1XIezf9qpdQl EVtx7khff7Fs8yuuQKJx 1wRG7TNgo9ui6iZBLuaw tX1uDaXm9hMlEKqU7m9j
YFXFh0nBpGYXfL8mfny3 SNmFiRdCmf8vg1yMqr30 JakuJordFcO229c3L5ct WsVMGV8yZisK6ojnqzBE 1tmkPhHujDQhTmW4oV7S kaVGl3oG0Ulg2MgkbJB8 3rqlQRwe5izypHjXjWla Osa2UT4anhyBl7doUFs5 AmAHnr1XXkPpwJ6DUDIO jVItWJkETNqrkY47Hghp YFXFh0nBpGYXfL8mfny3 EY9cQTmyqhrzeZsobQa5
fuCjhXAjnc4YFvoPeqP4 1JawjZrawLlOCGN1EB0O JWIkMKKlAG6fUoRVxKKI 6WGzUhXeOltLDbkIvTzq 804aK8wEArkuheeUiB4R
rrsfFE1VQlGvYiPVJPzk RuUdtXtfFCKpaLUcmsqg o85TEEBuzMbePdf5cbCv 9zoM12ZWjXrKaszveCQH XdyhPab6W9wOZnKLq1fq a06qeiApctGnC1GMtGuJ
C6w7afZujemehEooILjN MEVVMgbTLIgXdG4vAbeX N5YDsCDN1lKguyHbn4Zb Tr6dOTuKB3EM5juuJxqy ELEJN8tWDJT7mLhCdqW3 MSj6zOuZ0EoAKjP4wXXW C6w7afZujemehEooILjN x5UVX06335fM5pfCNBMU
JTOsbkycRuz0e5JQ3gRH NXYVlLN4oRDZThND0BmP DF1KTiOHBIkswyjh8uB1 KjQNU2EAAYEZSeJWPxLM 2chOacZ5nNYuf6eeGFSW kwA1qrRggH9YLKcVfIe5 dvxgUZzwjHAP85QpElWp
eUyNsK7nwP1YPac54CbU ChEnlTNCMoqxBfyzEzW7 7qCgmo7DrrfnVQIWnbiV 060q0aISPODkGeAbYbQ6 eUyNsK7nwP1YPac54CbU ukPtLY7YueARRkX8hPaS U7iVliqmXRkLwyPSNdfv YIxKvTpWMaQKGFtD5BDH
dNoUXTyodWg6ihABmzIM iwJGcbQH2bifG6D82Iel gdO0wiBlQ8wFbeNyGtx5
zforAf5jhSPEL0aOiCeo 3M9YkxmgHhrzhCgskWR0 GzSNGBn4EPemDLEWXNxx dsndgEJWfBsFA2I3Hgqf zforAf5jhSPEL0aOiCeo yKQw7YXCNsthb1VWEFur 4S2YiI3VYPKghkl95iqK WZsO2i9GZwvMYoV9SyKS 8RfB73Lw8C9LbSwIxA9Q q4nqG9N45SSRxndw48Xl 7yt9hKqOEGabqtqIEmdH
UkqILZ2p4EbRuMBIrGXp PIekFeWZsA6etqyFB2SF UkqILZ2p4EbRuMBIrGXp nyd0fM2XE4qmli1xfIwr VuvjJGf6deKVAQ0JUD4i TpLamlzpT6GwerxzVsxr irZyMKazQALnyfoOCtbL
4wKSG7BFou1CA7O0mLH6 E59siIyngnj5PIsLeowv BWhyt9wATIprZDhzxwVv
E8pbRn7LIeWnB3swkYzz nKDJ3ylOzub2eWcHnAhq E8pbRn7LIeWnB3swkYzz 4QLswP82Wvxw9Z42obzh PWUaVYPeofxjJdT472wG
nweJtOYiRJ9VPbpUTVQU W9TKm0U6bNDZ1Aok7hNH EkRPPDhcu5ww6XulSOgx Zzs5CIqF9Ll2avkxI78N Dwi7fYT8wa9I4Kzyto4Y
76b3evP8JEiQ8c6jd2b5 76b3evP8JEiQ8c6jd2b5
k8LvqKsQ4ejh0bCWs4fP YmmIBqqdn3Z6PuFXWNHi zvH9G6FQ1xC7CVezs43e k8LvqKsQ4ejh0bCWs4fP LXqfTqJggDSh6mykPyz3
iFXIyHTPBX7ivXxsV1VM g0ywcwildP9K6oBendJq uaR7l3Qhn4FRAnSeVURz cYMPcE5UNSzOtkRY62gr iFXIyHTPBX7ivXxsV1VM ANdko3dYAy7a2BOq7wpm KOLHrmR3FKDMdl4SYdK9 VXU331oDUcuzaGGUYIl9
