xse ogh kpp nwn cen nwc txq nxj kgl kfu xme nvz vjd emz apk aii xxx bad bdh ceo gzr xse
19
xse fin rsg
nwc nwc
kpp xeh byu cun nry kpp fjy
emz wiy emz vmt
aii pvs aii bdh wbg
bad xjt ksg tlh
xme ikb khu fzi fhv hpx vwg xme
xxx fbk vmv hmi ruo bnl
gzr qbf jgt nko vzr fyc
vjd vtd aeg rjv ukv idv
kfu ckx zdb nsw kfu
apk loj phg zud jam
cen cen ybr uok ego
nxj cma ocp uwo nii pjf yug tso gex
nvz wyg lvm tdu fia nmf qdw ljd qxs nvz
nwn adx vvn mok uuw nhi kxn dgl fgp
ogh ttw zkt ogh bod tko jfh ils
txq lrj nfr rtc lwk txq
kgl bda mti uau miy hcr ptu krr qjf svk
