Vernon Delta Kentfield Downtown Marina Lincoln Willow Fullerton Quail Mount Capuchino Smith Pumpkin Yankee Robertsville Chowchilla Clayton Cerro San Lincoln California New Jamul Alameda Cudahy Hammer Antelope Singing Fullerton Aguanga Capuchino Vernon
20
Vernon Anaheim Bell Grasslands Santa
Hammer Cressey Hammer Rowland
Chowchilla Crestmont Blue Garcia Alamo Yurok
Fullerton Le Three Presidio Balboa Fullerton Sunny
San Calaveras Antelope South
Smith Smith Dulzura Moores Bangor
Yankee Yankee Forbestown Bakersfield Hoffman Buena All Cypress
California Beach Louis California
Lincoln Industry Cudahy Civic
Pumpkin Escalon Helm Bonny Cambridge Costa Marshall Tijuana
Cerro Cerro Temecula Clayton Huron
Mount Winterhaven Carmel Bodad Industrial Lake Del
Quail Terra Quail Smoke
Downtown Davenport Downtown Cabbage Kaiser Pleasant Ramona Collins Sacramento
Robertsville Robertsville Stockdale Woody Portola Saint Parchester Donner
Kentfield Richvale Flinn Bradley
Delta Mecca Veterans Rough Potrero Chittenden Armstrong Delta Escondido
Willow Wallace Manker Fox Pacheco Roseland Ritter Sherman
Capuchino Brundage Timbuctoo Capuchino Sulpizio
Marina Warner Strawberry Fiorini Coddingtown Glencoe
