loc0 loc67 loc9 loc81 loc3 loc168 loc36 loc60 loc69 loc35 loc106 loc158 loc126 loc125 loc39 loc116 loc4 loc92 loc173 loc142 loc0
19
loc0 loc7 loc27 loc45 loc47 loc51 loc59 loc105 loc109 loc135 loc159 loc181 loc197
loc9 loc1 loc9 loc17 loc87 loc95 loc117 loc119 loc161 loc165
loc106 loc31 loc57 loc61 loc123 loc177 loc195
loc4 loc5 loc13 loc115 loc141 loc153 loc163 loc169 loc185
loc39 loc11 loc39 loc89 loc133 loc151 loc175 loc183
loc168 loc29 loc71 loc113 loc157 loc171 loc179
loc173 loc85 loc91 loc149 loc173 loc187 loc199
loc142 loc33 loc37 loc83 loc107 loc137 loc139 loc191
loc92 loc73 loc79 loc189
loc36 loc55 loc101 loc111 loc193
loc69 loc19 loc21 loc69 loc93 loc127 loc129
loc116 loc75 loc99 loc103 loc143
loc126 loc41 loc77 loc97 loc131 loc167
loc35 loc35 loc43
loc81 loc23 loc49 loc53 loc81
loc125 loc125 loc145 loc147
loc67 loc65 loc67 loc155
loc158 loc15 loc25 loc63
loc3 loc3 loc121
