1 2 3 198 11 6 195 196 197 198 11 190 189 185 184 180 181 177 176 172 173 174 11 198 171 14 15 16 17 21 20 24 25 29 28 32 33 37 38 11 198 197 193 192 188 189 185 184 180 181 177 176 172 173 169 168 164 165 166 11 198 163 14 15 16 17 21 20 24 25 29 28 32 33 37 36 40 41 45 46 11 198 197 193 192 188 189 185 184 180 181 177 176 172 173 169 168 164 165 161 160 156 157 158 11 198 155 14 15 16 17 21 20 24 25 29 28 32 33 37 36 40 41 45 44 48 49 53 54 11 198 197 193 192 188 189 185 184 180 181 177 176 172 173 169 168 164 165 161 160 156 157 153 152 148 149 150 11 198 147 14 15 16 17 21 20 24 25 29 28 32 33 37 36 40 41 45 44 48 49 53 52 56 57 61 62 11 198 197 193 192 188 189 185 184 180 181 177 176 172 173 169 168 164 165 161 160 156 157 153 152 148 149 145 144 140 141 142 11 198 139 14 15 16 17 21 20 24 25 29 28 32 33 37 36 40 41 45 44 48 49 53 52 56 57 61 60 64 65 69 70 11 198 197 193 192 188 189 185 184 180 181 177 176 172 173 169 168 164 165 161 160 156 157 153 152 148 149 145 144 140 141 137 136 132 133 134 11 198 131 14 15 16 17 21 20 24 25 29 28 32 33 37 36 40 41 45 44 48 49 53 52 56 57 61 60 64 65 69 68 72 73 77 78 11 198 197 193 192 188 189 185 184 180 181 177 176 172 173 169 168 164 165 161 160 156 157 153 152 148 149 145 144 140 141 137 136 132 133 129 128 124 125 126 11 198 123 14 15 16 17 21 20 24 25 29 28 32 33 37 36 40 41 45 44 48 49 53 52 56 57 61 60 64 65 69 68 72 73 77 76 80 81 85 86 11 198 197 193 192 188 189 185 184 180 181 177 176 172 173 169 168 164 165 161 160 156 157 153 152 148 149 145 144 140 141 137 136 132 133 129 128 124 125 121 120 116 117 118 11 198 115 14 15 16 17 21 20 24 25 29 28 32 33 37 36 40 41 45 44 48 49 53 52 56 57 61 60 64 65 69 68 72 73 77 76 80 81 85 84 88 89 93 94 11 198 197 193 192 188 189 185 184 180 181 177 176 172 173 169 168 164 165 161 160 156 157 153 152 148 149 145 144 140 141 137 136 132 133 129 128 124 125 121 120 116 117 113 112 108 109 110 11 198 107 14 15 16 17 21 20 24 25 29 28 32 33 37 36 40 41 45 44 48 49 53 52 56 57 61 60 64 65 69 68 72 73 77 76 80 81 85 84 88 89 93 92 96 97 101 102 11 198 99 14 13 9 8 4 5 1
20
1 2 4 5 28 29 180 181 188 189 199
196 7 10 12 13 15 18 20 21 23 26 34 42 50 58 66 74 82 90 98 106 114 122 130 138 146 154 162 170 175 178 183 186 191 194 196 197
37 31 36 37
45 39 44 45
53 47 52 53
61 55 60 61
69 63 68 69
77 71 76 77
85 79 84 85
93 87 92 93
101 95 100 101
109 103 108 109
117 111 116 117
125 119 124 125
133 127 132 133
141 135 140 141
149 143 148 149
157 151 156 157
165 159 164 165
173 167 172 173
