Ippudo Platano Soda HildebrandHall TPTea Campanile Cornerstone UrbanOutfitters AndrewsApartment GrizzlyPeak FoxTheater LakeAnza VLSB Morganhall StrawberryCreek TennisCourts BerkeleyHigh Stern HortonHall Cinnaholic TripleRock Cinnaholic Bonchon Wheeler Chipotle Tzone ZellerbachHall McDonalds HearstAnnex LawrenceHall BagOCrab BobbyGPizza SouthHall BobbyGPizza BagOCrab LewisHall Cafe3 ExtremePizza LaNote Homeroom PokeBar WindmillCoffee LittleCampanile BancroftLibrary Cheeseboard MemorialStadium NoodleGirl Wikiwiki CVS Wikiwiki LeConte AmoebaMusic BotanicalGardens SteamTrains KroeberHall HilgardHall Namaste EastBaySpiceCompany GSPP Wheeler Bonchon Cinnaholic TripleRock DollarTree BenAndJerry Marugame Gadani Rachas LiKaShing SmokesPoutinerie Bowles HearstAnnex LawrenceHall BagOCrab BobbyGPizza SouthHall Ucha Gilman VictoryPoint Moffit Mezzo HAAS BerkeleyRoseGarden Spats Gather Spats BerkeleyRoseGarden HAAS Cream Venus TukTukThai BSC Kresge HeatCafe Barrows BerkeleyBart LaBurrita HearstGym Boalt AlumniHouse SteamTunnel AlumniHouse Boalt SproulHall BerkeleyBart LaBurrita Chipotle Tzone ZellerbachHall McDonalds HearstAnnex LawrenceHall BagOCrab BobbyGPizza SouthHall Crossroads Dwinelle UniversityVillage Fengcha LittleBird FoxTheater LakeAnza VLSB Morganhall StrawberryCreek TennisCourts BerkeleyHigh TraderJoes Gather Spats BerkeleyRoseGarden HAAS Cream Venus TukTukThai BSC Kresge HeatCafe Barrows BerkeleyBart LaBurrita HearstGym CaliforniaHall Gadani Rachas LiKaShing SmokesPoutinerie Bowles HearstAnnex LawrenceHall BagOCrab BobbyGPizza SouthHall Ucha Gilman VictoryPoint Moffit Tzone ZellerbachHall DurantHall Yifang NorthHall MSRI NoodleGirl MemorialStadium Artichokes LowerSproul Shengkee HortonHall Cinnaholic Bonchon Wheeler GSPP EastBaySpiceCompany HesseHall ThaiBasil Milkbomb Foothill Kips EndlessSweets HalalGuys Gadani Rachas LiKaShing SmokesPoutinerie Bowles HearstAnnex LawrenceHall BagOCrab BobbyGPizza SouthHall Ucha Gilman VictoryPoint Moffit Mezzo HAAS BerkeleyRoseGarden Spats Gather TraderJoes BerkeleyHigh TennisCourts StrawberryCreek Morganhall VLSB LakeAnza FoxTheater GrizzlyPeak AmoebaMusic BotanicalGardens SteamTrains Underhill Homeroom LaNote ExtremePizza Cafe3 ThaiNoodle PeoplesPark Quicklys Firewings TopDog Firewings Quicklys PeoplesPark ThaiNoodle Doe JambaJuice SteamTrains KroeberHall HilgardHall Namaste EastBaySpiceCompany GSPP Wheeler Bonchon Cinnaholic TripleRock DollarTree BenAndJerry Marugame Gadani Rachas LiKaShing SmokesPoutinerie LewisHall BagOCrab GreekTheatre ACuppaTea Wikiwiki LeConte AmoebaMusic GrizzlyPeak RSF Cheeseboard MemorialStadium Artichokes BerkeleyWayWest Cream Venus TukTukThai BSC Kresge HeatCafe Barrows BerkeleyBart LaBurrita HearstGym WursterHall Spats Gather TraderJoes BerkeleyHigh TennisCourts TPTea HildebrandHall Soda Platano Gypsys EastAsianLibrary Campbell Eureka Ikea TheHabit FireTrails MulfordHall FireTrails TheHabit UCafe Bonchon Wheeler Chipotle Tzone ZellerbachHall McDonalds HearstAnnex LawrenceHall BagOCrab BobbyGPizza SouthHall Crossroads Dwinelle GrizzlyPeak AmoebaMusic BotanicalGardens SteamTrains KroeberHall HilgardHall Namaste EastBaySpiceCompany HesseHall ThaiBasil SuperDuperBurgers Blackwell JacobsApartment AshaTeaHouse CaliforniaHall HearstGym WursterHall Spats Gather TraderJoes BerkeleyHigh TennisCourts TPTea HildebrandHall Soda Platano Ippudo
19
Ippudo TPTea Cornerstone Platano UrbanOutfitters
Fengcha Fengcha BetaLounge Ikes PeoplesCafe SweetheartCafe
TopDog LatimerHall Firewings SproulHall TopDog Jupiter
FoxTheater Raretea ChezPanisse GrizzlyPeak AndrewsApartment
Morganhall Morganhall StrawberryCreek
Stern HortonHall NorthHall Gongcha ClarkKerr LowerSproul Plentea
Gather HappyLemon Artichokes TraderJoes Safeway Spats WursterHall Shengkee BSC TukTukThai Gather Venus SaturnCafe
Cheeseboard LewisHall TacoBell Cafe3 Teazone Homeroom Cheeseboard LaNote LittleCampanile
CVS Wikiwiki
AmoebaMusic SnackShack AmoebaMusic
SteamTrains KroeberHall Underhill ThaiNoodle Quicklys JambaJuice BerkeleyArtStudio
HilgardHall EastBaySpiceCompany Namaste
Foothill Kips ImmThai Milkbomb SuperDuperBurgers BobaNinja Muraccis
Gadani Morrisonhall OptometryBuilding AshaTeaHouse McDonalds SatherGate BigC Marugame Mezzo PokeBar GreatChina TenderGreens Target HalalGuys Gadani LaBurrita
Campbell MemorialGlade EastAsianLibrary Gypsys Eureka
MulfordHall MulfordHall UCafe TheHabit
LiKaShing Crossroads SmokesPoutinerie Rachas TheDwight BanshoRamen
TripleRock TripleRock Slivers Wheeler
SouthHall Bonchon Ucha Yifang Pappys Chipotle ThaiBasil ExtremePizza
