Loc76 Loc3 Loc114 Loc67 Loc45 Loc30 Loc19 Loc107 Loc143 Loc148 Loc122 Loc155 Loc181 Loc8 Loc27 Loc153 Loc178 Loc90 Loc96 Loc64 Loc108 Loc76
20
Loc76 Loc7 Loc11 Loc32 Loc33 Loc35 Loc53 Loc76 Loc80 Loc87 Loc94
Loc64 Loc24 Loc34 Loc48 Loc59 Loc64 Loc95 Loc97
Loc45 Loc12 Loc45 Loc74
Loc8 Loc8 Loc10 Loc17 Loc18 Loc26 Loc29 Loc39 Loc57 Loc69
Loc114 Loc31 Loc56 Loc78 Loc81 Loc83 Loc86
Loc148 Loc2 Loc28 Loc37 Loc63
Loc19 Loc19 Loc50 Loc51 Loc73 Loc75 Loc79 Loc85 Loc99
Loc178 Loc20 Loc70
Loc108 Loc49 Loc68 Loc72 Loc92
Loc27 Loc13 Loc27 Loc71
Loc122 Loc44
Loc90 Loc15 Loc88 Loc90
Loc181 Loc6 Loc16 Loc66
Loc153 Loc5 Loc22 Loc25 Loc36 Loc38 Loc62 Loc77 Loc84 Loc91 Loc98
Loc107 Loc0 Loc40 Loc52 Loc96
Loc155 Loc43 Loc55 Loc60 Loc61 Loc93
Loc67 Loc67 Loc89
Loc3 Loc3 Loc9 Loc21 Loc46 Loc47
Loc30 Loc1 Loc14 Loc30 Loc42 Loc54
Loc143 Loc4 Loc23 Loc41 Loc58 Loc65 Loc82
