Shelf0 Shower57 Video86 Poop80 Bird11 Fusion34 Water38 Cat163 Poop76 Toolbox147 Leash77 Shoe174 Shoe166 Poop5 Urine97 Website54 BBQ36 Toilet13 Puppy155 Ring84 Running66 Water38 Cat15 Kitty138 Puppy117 Shelf0
20
Shelf0 Toolbox146 Solar130 Toolbox153 Ring82 Shelf0 Websites4
BBQ36 BBQ36 Rollers14 Urine20 Solar71
Ring84 Horse148 Nuclear35 Breakfast85
Poop80 Dog181 Poop80 Fusion104
Fusion34 Fusion34
Shoe174 Boat67 Plants118 Shoe174 Dislike143 Shoes8
Urine97 Kitty89 Monster175 Robot51 Dislike27 Plus78 Book24 Urine97 System183 Cat187
Cat163 Allergies103 Monster73 Puppy140 Whale137 Toilet13
Kitty138 Drugs39 Soda119 Drugs195 Soap64 System156 Solar192 Cat15
Toolbox147 Dog168 Urine124 Mail22 Ring169 Male149 Android196
Water38 Water38 Ice165
Running66 Rollers95 Hnads116 System79
Puppy155 Crab83 Robot93 Allergies88 Water135 Clock139
Website54 Puppy117 Clock2 Comics107
Poop5 Post158 Light30 Whale126 Printer188 Robot164 Towel92
Poop76 Mail6 Poop76 Whale114
Leash77 Leash77 Laptop125 Water29 Poop150 Laptop19 Toolbox72 Nuclear18 Solar162 Book171 Website190
Bird11 Kitty194 Shower47 Dislike12 Soda197 Shoe17
Video86 Shelf40 Ice9 Soap58 Towel154 Ice41 Allergies176 Hnads182 Kitty98
Shower57 Sink109 Settings75 Body55 Flowers178 Clock61 Shower57
