0 161 113 148 87 130 151 149 161 162 163 164 165 166 167 168 169 170 171 172 173 174 175 176 177 178 179 180 181 182 183 184 185 186 187 186 185 184 183 182 181 180 179 178 177 176 175 174 173 172 171 170 169 168 167 166 165 164 163 162 161 69 188 189 190 191 192 193 194 195 196 197 198 199 198 197 196 195 194 193 192 191 190 189 188 69 142 0
20
0 13 22 34 43 47 51 54 61 66 68 77 80 83 112 121 124 135 142 143 146 157
187 186 187
199 198 199
174 173 174 175
192 191 192 193
167 166 167
151 2 3 28 35 44 53 60 67 102 107 120 122 145 151 160
179 178 179
183 182 183 184 185
189 188 189 190
171 171 172
195 194 195 196
163 162 163
87 5 7 12 31 36 56 69 72 86 94 95 118 148 159
177 176 177
113 19 24 59 62 65 73 101 129 133 140 153 155
165 164 165
169 168 169 170
181 180 181
197 197
