hdpxs gdovn betwv ramjo wajol lpudv wkbuf bldws rjdai yazqf bdevm comrg rjuxc uhxyj mlibf wotiq pbqlk qsmkj oxuqn rdoqk hdpxs
20
hdpxs oxitr bsvth wnelr cihba osxbc
pbqlk amfiz rchbw
bdevm bdevm btwzv ebwcp ypdnb
wajol maqho wajol qbdwz
betwv mtcsd
rjdai qhibx kscoz rjdai oaeyh
rjuxc uiogl uklga zqjxb yqfdk pytwh rjuxc xnpwq qckjp jhlus ehqyk gstwp wdquv ktzce
wotiq wotiq lmwpk
rdoqk armnk cxdes stflc osvgp syoxf oewcd
qsmkj utdhx frhgc htkwy qsmkj vcwfj
mlibf mlibf tmwdy nqtru rlumh hwmzn
wkbuf gufvs kjihy wkbuf pihld tkwle
gdovn xlrzc drojn tndwl zntkr gdovn wcjeg vobqh
uhxyj vgwoi
bldws jcwpu joztf aedvq evtgj cxajk
yazqf yqtob lnjxt ymcfp ahnds yazqf dbjxw qhvsb
comrg sxdiu ohzfn dkjro iyuas bwknx cqsby
oxuqn fjdqi ayrgb zcjqx mhuad oxuqn tjake rzvtg
lpudv gdnim pgqva bkfuc yvbse lpudv evsbm
ramjo qpbmc mujil syoxv kzwah mhekz xcvow
