Hayward Medford Merced PortSaintLucie Pueblo Charlotte Anchorage Spartanburg Duluth SaintPaul Columbia Layton Worcester Lincoln Milwaukee Salem Baltimore NorthLasVegas SanBernardino Mobile Detroit Hagerstown HuntingtonBeach Bloomington Louisville SouthLyon NewBedford SantaAna Cincinnati DalyCity Barnstable Lafayette Reno Scranton Hampton CorpusChristi FortWaltonBeach Monroe Salinas Howell Pittsburgh Hartford HavredeGrace Hartford Pittsburgh Birmingham Barnstable DalyCity SantaAna NewBedford CathedralCity Warren Lincoln Sacramento Aberdeen Marina Barnstable DalyCity SantaAna NewBedford CathedralCity Warren CorpusChristi FortWaltonBeach Syracuse Nashua RoundLakeBeach Barnstable DalyCity SantaAna NewBedford CathedralCity Warren Lincoln Portsmouth Phoenix Oxnard Albuquerque Torrance Harrisburg Huntsville Deltona Tucson BatonRouge DalyCity Barnstable Lafayette Bakersfield Harrisburg Huntsville Bethlehem CathedralCity NewBedford OverlandPark Savannah PanamaCity Concord Bakersfield Lafayette Barnstable DalyCity SantaAna NewBedford CathedralCity Warren Lincoln Portsmouth Phoenix Oxnard Albuquerque SaintPetersburg Trenton Tacoma Newark Hampton Scranton SanBernardino Brownsville Omaha Topeka Hialeah Waterbury Houma Sarasota PortArthur Racine Melbourne SouthBend NorthLasVegas Baltimore Toledo Boulder Tuscaloosa Murrieta Winston McAllen PortStLucie BoiseCity Mesquite Visalia Concord PanamaCity Paterson SantaAna DalyCity Barnstable Birmingham Bryan Aberdeen Sacramento StLouis Raleigh SantaClara Reno Scranton Hampton CorpusChristi FortWaltonBeach RoundLakeBeach Barnstable DalyCity SantaAna NewBedford CathedralCity Bethlehem Kissimmee Fitchburg Eugene HuntingtonBeach Bloomington CapeCoral Wilmington Lincoln Sacramento MorenoValley RichmondCounty BoiseCity PortStLucie Plano Lacey Murrieta Harlingen Hialeah Topeka Omaha Marysville Stamford Modesto Killeen VeroBeach Plano BatonRouge DalyCity Barnstable Lafayette Bakersfield Harrisburg Huntsville Bethlehem CathedralCity NewBedford Lansing Fairfield Newark Tacoma PortSaintLucie Houston Independence Minneapolis Anchorage Spartanburg Duluth FortWaltonBeach Brighton Hayward
20
Hayward Norwich Frederick Waterbury Hialeah
Raleigh Scottsdale
Savannah OverlandPark Henderson Lacey Savannah
Mobile Hemet Mobile
Louisville Hagerstown LakeCharles HuntingtonBeach Louisville Kissimmee Bloomington
NewBedford Mesquite McAllen Fullerton CathedralCity Newark NewBedford Spartanburg
Torrance Albuquerque Laredo Eugene Newburgh Flint Bethlehem Fresno RichmondCounty Vancouver Marysville GreenBay Torrance SiouxFalls Melbourne
Merced CapeCoral Detroit Elkhart
Pueblo Pueblo Charlotte NorthLasVegas
Killeen Greenville Stamford Modesto Columbus
HavredeGrace PuntaGorda JohnsonCity Harlingen HavredeGrace Burlington Hartford
SaintPaul Anchorage Layton GrandRapids Duluth ElPaso Kalamazoo SaintPaul
Tucson ThousandOaks Tucson Utica Deltona
Sacramento StLouis Anaheim Aberdeen
Cincinnati Cincinnati NewportNews Barnstable Marina Birmingham NewYorkCity
Reno Racine Downey Scranton Huntsville Bakersfield SantaClara York Ogden
Brownsville Omaha Topeka SanBuenaventura Plano Champaign
Monroe CorpusChristi Monroe
Milwaukee Salem Lubbock Boise Oxnard
Nashua Tyler PalmBay Nashua RoundLakeBeach LasVegas Arvada Olympia
