7f5b7c 645a0c b2fa06 73dd80 89a020 852215 22b518 4749d0 f8aa7c 537a83 758ebc 3303e1 1b1a5a 98bf31 683ca9 5f2c16 c23933 bc8350 14c5c6 541622 fece60 b69079 fece60 541622 2b057c 7f5b7c ef8230 e0f7dc 2e6ab4 be952d e78120 a622e8 5f98bd bb543d b535fa 7f5b7c
20
7f5b7c 7f5b7c 1aa96e 2ffab6 22ad29
e0f7dc 4c44ba 536b21 10f84c 2f9755 e0f7dc 18ff59 578691 3df71a 4eb2aa a1b647 19246a
b69079 b9c2f4 6d23c4 d83335 e60044 9b10ed
541622 e8c504 9fdbc5 541622 dfba28 3292c4 6ced94 dd5707 a51200
683ca9 1e408a 36cc15 99ac94 ff603d 6281fb
22b518 f4756e 293f59 2b057c
c23933 89bc09 3dc79c f88a12 e0f00d
758ebc 2193d2 97fa28 537a83 a3eab6 70482f
73dd80 73dd80 9c5717 cf04cd fd25f7 e52589 a40dde
852215 ef8230 d9351e d5f5c5 11021c 852215
1b1a5a 2c8bdc 86af3a ce509a
14c5c6 d597c1 957ec9 14c5c6
b2fa06 b2fa06 4188fa f742a0
4749d0 20427f 626470 e78120 a670a6 4459c3 b04992 73865c 4749d0 3b9bcd a08830
98bf31 a85abe 98bf31
bc8350 1c61d3 bc8350 8c6c80 d9abe3 f5615a e2665a
f8aa7c a314be fece60 f045e7
645a0c 4e5c32 645a0c e45544
89a020 32669e 853e4b a3eeb9 3fc5b0 974c48 a21b15
3303e1 358d70 a6d0cb 2e6ab4 d12aea b535fa
