IvOdahrtFwzZ LpugZyvqxfmq jXOmYlZmvqnI LlIlpKJAPkkQ IfTQNEFsiTgr OoWDPDlyJyRc aSwTAVmQLJow AoaIXEzdsCrm YIFfrMiRNqqd GvyjKkGcUdcI NRXmrTGBWSuj gOaXChSIRMdR WsLfQLsirtHk WVsMYkBGdGiy WRiugWLCujBI WHSGrQQrrotE quZcTYtpBjSn sTgUExIipvWV kYuPQHaafCxH geAceFJePWbe IvOdahrtFwzZ
20
IvOdahrtFwzZ cQFNlImsTWTM ubtvaUeVUfmV WUqhotrexTBp fblrDraNAUxK yVSfaizVeLPT qlMzHEurfTvO zCWezcJmUGqs nyTRNDRCsANl JNoAmCxHcsYw oOIjuHJcVRiV
NRXmrTGBWSuj qxhFFIUEfnzV UGahWpWtmUQn HEwqlaeMfSzl OIjApACwnyqG
LlIlpKJAPkkQ ZPYnROAizafx
sTgUExIipvWV PFpQuVVRxbvV RGYiIUdVAiVL SKbQkQUhqQEt sTgUExIipvWV LNoKVqXhLEzn AhJBAeSEuUkL
WVsMYkBGdGiy ybLCwZqVZKud lznMKRYSMheH oKIKkmsSWzmH nschEYWjrAsr RQBxIsRWzmfl HVwGkspnDHbf DiKlonktcqTP
geAceFJePWbe TglqUXfjbefC TTwdgXpOLyxF QZQElPdcHxru
aSwTAVmQLJow zOkfhFVfOKVi gJMLzBkWmUoV mgKEFEWheOqk IcNVObbuvzWY QxNjgiXciQma dXlgwkdKhUmB
WsLfQLsirtHk fiHhqLtPfdZy WsLfQLsirtHk uzYTzVwixczQ
kYuPQHaafCxH EwXugPkGUVkm lRgeGnDJBtMa qFGlIHDqKyPA NMSHhfMtAJZb
WHSGrQQrrotE gXcuqckdTdIP WHSGrQQrrotE WnABnktZDxMx KtoZVrQmJWki
YIFfrMiRNqqd XwPJYwaGcHxO TZmWJenJbEsV hPSXtHMMyKAK yFQWQWtUUMle aSpDrTbKBytW
gOaXChSIRMdR ppfBOAvWYXyJ pjemGRILnFei
IfTQNEFsiTgr IQvKLYGCcCbd nlzJUuBrsbXD IfTQNEFsiTgr jXgKDXnEJsra UYTxhnOtiPHB YGzazHdyrGCd
quZcTYtpBjSn touUfboeiIya NxxrxPgsnMqG sFSBpaJxLpBT yHOsEGOhjOLt quZcTYtpBjSn EKWhDcEeEkGK cRekprdsHHWw
GvyjKkGcUdcI zypYDSZfKAvD GvyjKkGcUdcI WWtfhwMSzfGW
LpugZyvqxfmq gkTmCiZxFrJw cpNycWVdmzHJ JpwDMOwQmqOp wXjNgGRCXYRl aXlcDzbXwAJW
AoaIXEzdsCrm xXoCKkdkKAne AoaIXEzdsCrm ocysUjOwnenm mvdksSctoMVi QFfSmYtuSTPl wHeDieHMYzAK nxbMBCPhfQij
jXOmYlZmvqnI jXOmYlZmvqnI nKmMbiEuiffc ctZWqndwhbJm hLCSOZLNEdhX mZUBOQTZyXOM
WRiugWLCujBI WRiugWLCujBI PKHkuTHeRXhO QDhUZstsJKtV zcAOlsVDUDkc ypApeqMQPnQA
OoWDPDlyJyRc vkOqMvrCUWYf evRMhyiHKGXv EOKLHvbbCToE YvLRANdegrdA AQgpWBullbIi tARvBeqQDqSY FkNlSGMBOUbz
