loc0 loc4 loc13 loc1 loc159 loc2 loc30 loc22 loc7 loc3 loc124 loc6 loc14 loc8 loc5 loc12 loc26 loc66 loc115 loc112 loc0
18
loc0 loc61 loc78 loc79 loc108 loc171 loc141 loc182 loc107 loc126 loc178 loc158 loc195 loc40 loc57 loc68 loc51 loc187 loc17 loc116 loc39 loc62 loc169 loc59 loc82 loc155 loc93 loc142 loc119 loc153 loc89 loc24 loc94 loc133
loc159 loc23 loc33 loc96 loc31 loc25 loc160 loc41 loc117 loc198 loc11 loc159 loc20 loc9 loc109 loc110 loc43 loc28 loc63 loc179 loc95 loc143 loc154 loc75 loc145
loc13 loc189 loc184 loc197 loc135 loc84 loc161 loc152 loc34 loc123 loc15 loc16 loc64 loc13
loc22 loc190 loc90 loc148 loc105 loc181 loc55 loc67
loc124 loc170 loc100 loc38
loc3 loc3
loc12 loc188 loc186
loc14 loc122 loc176 loc18 loc97
loc26 loc26 loc103
loc30 loc49 loc53 loc52
loc112 loc112
loc115 loc115
loc1 loc1
loc2 loc2
loc4 loc4
loc5 loc5
loc7 loc7
loc8 loc8
