0 58 71 10 85 17 107 79 111 16 89 129 35 145 101 98 114 38 74 54 85 72 49 112 31 112 145 43 0
20
0 124 21 142 59 49
35 35 22 161 25 189 109 144
54 18 26 123
31 96 31 34
111 147 111 178 187 27 194 75
38 150 38 168 56 155 23
98 6 193 42 162
145 1 145 67
114 36
16 16 118
129 129 11
85 160 152 156 9 66
107 105
89 171 95 30 5 89
101 80 110 101 104 60 12 68 61 122 136 15
79 79 196 102
10 173 140 119 163 10 151 130
58 179 50 108 83 7
71 73 40 71 55 24 198 93 39
17 164 135 91 138 87 158 184 17 157 172 141 62
