a0 a183 a72 a5 a190 a82 a177 a31 a77 a153 a188 a194 a155 a1 a54 a193 a91 a163 a122 a92 a0
19
a0 a10 a107 a99 a46 a195 a129 a68 a101
a122 a83 a133
a190 a165 a75 a104
a31 a158 a78 a145 a31 a58 a180 a134 a142 a144
a163 a16 a163 a80 a149 a120 a32 a140
a193 a57 a161 a121 a198
a188 a7 a173 a88
a72 a79 a42 a14 a6 a108
a194 a172 a157 a17 a63
a91 a45 a3 a21 a93 a130 a43 a94 a156 a135 a41 a8
a153 a124 a59 a56 a168 a153 a159 a50 a55 a102
a82 a82 a22 a160 a53 a98 a38
a177 a87 a29 a177 a96 a151 a175 a28
a92 a178 a49
a54 a60 a44 a25 a192 a186 a11
a183 a196 a33 a183
a155 a27 a155 a126
a77 a131 a154 a77 a85
a5 a138 a103 a185 a37
