ssp200 13 10 2 181 122 127 123 124 125 126 128 122 181 17 22 18 19 20 21 23 17 181 62 68 66 65 64 63 67 62 181 182 190 193 166 193 190 182 181 77 85 88 61 88 85 77 83 81 80 79 78 79 80 81 83 77 181 137 142 138 139 140 141 143 137 181 92 97 93 94 95 96 98 92 181 32 40 43 16 43 40 32 37 33 34 35 36 35 34 33 37 32 181 152 160 163 136 163 160 152 157 153 154 155 156 155 154 153 157 152 181 167 172 168 169 170 169 168 172 167 181 2 7 3 4 5 6 5 4 3 7 2 181 47 53 51 50 49 48 49 50 51 53 47 181 107 113 111 110 109 108 109 110 111 113 107 181 182 187 183 184 185 186 185 184 183 187 182 181 2 10 13 ssp200
18
ssp200 11 14 15
66 63 64 65 66 71 74 75
18 18 19 20 21 26 29 30
186 183 184 185 186
156 153 154 155 156
108 108 109 110 111
36 33 34 35 36
48 48 49 50 51
78 78 79 80 81
123 56 59 60 116 119 120 123 124 125 126 131 134 135 176 179 180
170 168 169 170 171
139 138 139 140 141 146 149 150
94 93 94 95 96 101 104 105
6 3 4 5 6
136 161 164 165
16 41 44 45
61 86 89 90
166 191 194 195
