Jason Timothy Gabriel Edwin Dustin Alexander Jon Daniel David Jeffery Bruce Desiree Jane Jeffrey Richard Maria Jonathan Donna Evan Gary Elizabeth Dustin Kevin Melinda Linda Jason
20
Jason Derek Claire Kelsey Nicholas Jennifer Jeremy
Jane Megan Mary Scott Jane
Maria Roy Johnathan Shawn
Donna Katelyn Shane Cheryl Rebecca
Kevin Nathaniel Regina Amanda Dylan Sabrina Brittany Kathy Tammy
Gary Evan Kimberly
David David Lauren Joshua Bryan Kyle
Bruce Carol Kayla
Jonathan John Stacie Mercedes Susan
Jeffrey Heather Adam Brad Robert Jeffrey Joseph Jacqueline Gregory Monica Grace
Jon Nicole Tristan Andrew Mark Brett
Dustin Carrie Dustin Michelle Melinda
Jeffery Misty Ricky Jeffery Charles Ronnie Jordan
Elizabeth Paul Brian Wayne Stephen Elizabeth Alexandra
Gabriel Gabriel Shannon Laura Ashley
Alexander Cristian Kari Crystal Juan
Desiree Samantha Mario William Karen James April Robin
Timothy Adrian Melissa Timothy Rebekah Logan Tommy
Daniel Kara Jose Wendy Kristen Rachel
Edwin Dana Christina Edwin Jill Randy
