Granbull Shellder Cradily Noibat Metagross Noibat Kommoo Cubone Torkoal Greninja Munna Golbat Mudkip Furret Mudkip Carnivine Mudkip Glalie Skrelp Politoed Infernape Heatmor Infernape Politoed Dragonair Hoppip Glalie Mudkip Golbat Klang Chatot Marshtomp Goomy Ninjask Zebstrika Charmander Rotom Charmander Linoone Charmander Rotom Magmar Dwebble Morelull Grumpig Dragonair Politoed Infernape Raikou Beedrill Raikou Infernape Politoed Dragonair Hoppip Glalie Corphish Finneon Masquerain Ursaring Bonsly Volcanion Gulpin Caterpie Infernape Politoed Dragonair Hoppip Mimikyu Blissey Kommoo Noibat Metagross Inkay Dustox Shellder Mightyena Smeargle Electrode Sneasel Magmortar Spearow Cyndaquil Noibat Kommoo Blissey Mimikyu Lotad Mightyena Shellder Granbull
19
Granbull Torracat Electrode Flygon Lileep PorygonZ
Ursaring Raichu Relicanth Lycanroc Remoraid Floatzel
Furret Gliscor Binacle Diggersby Whimsicott Reuniclus Magmar Rufflet Hitmontop Metapod Vivillon
Cradily Unown Dustox Crabominable Charmander Chespin
Cubone Butterfree Ampharos Cubone TypeNull
Greninja Tsareena Greninja Malamar Charizard Whiscash Mudsdale Torkoal Blissey
Beedrill Mimikyu Budew Beedrill Floette
Heatmor Quilava Bonsly Cinccino Heatmor Serperior Infernape
Morelull Trumbeak Lapras Pidgeot
Hoppip Buizel Krookodile Exeggcute Nuzleaf
Skrelp Chinchou Mightyena Jirachi Darkrai Glalie Typhlosion
Ninjask Heatran Slakoth Rockruff Machamp Bergmite Goomy Ninjask Luvdisc
Spearow Spiritomb Mawile Bronzor Magmortar
Chatot Cosmog Cascoon Happiny Corphish Electrike Chatot
Metagross Kangaskhan Grumpig Sylveon Lampent Jolteon Metagross Probopass Carbink Deoxys
Linoone Absol Spinda
Rotom Swanna
Golbat Reshiram Golbat
Carnivine Roserade Torchic Arbok Crawdaunt Mantine Carnivine Feraligatr Skitty
