L12 L36 L33 L37 L68 L182 L31 L3 L184 L186 L111 L198 L164 L59 L122 L41 L42 L143 L194 L153 L12
19
L12 L190 L2 L112 L169 L196 L103 L171 L78 L172
L164 L130 L173 L73 L164 L48 L53 L139 L98 L90
L186 L88 L97 L158 L168 L144 L186
L42 L125 L65 L74
L3 L24 L3 L199
L153 L83
L198 L181 L27
L33 L106
L194 L99 L79 L154 L117 L150 L135 L197 L61
L68 L10 L68 L126 L165 L82
L122 L122
L143 L108 L23 L96 L195 L34 L146
L41 L189 L180 L45 L133
L59 L192 L116 L114 L174 L0 L75 L131 L59 L60 L147 L107
L31 L7 L85 L86 L141 L187
L36 L72 L36 L149 L28
L37 L102 L37 L121
L184 L22 L70 L40 L92 L56 L155 L105
L182 L104 L55 L95 L87 L32 L182 L11 L175 L148 L50 L20 L115
