0 4 97 62 142 19 70 159 181 190 37 171 93 40 185 118 17 4 147 35 181 190 118 98 64 171 131 40 46 3 42 182 11 136 11 53 196 104 119 30 135 4 0
19
0 80 144 52 143 139 157 76 156
62 62 23 42 84 138 88 40
147 117 59 82 137 147 168 105 55 197
185 102 108 185
119 81
181 109 181 152 72
64 111 10 198
70 140 45 70 19 26
37 13 126 166 160 179 75
136 67 136 34
17 27 16 177 151 17
131 131 11 83 195 145 91 189 106 184
182 9 50 128 69
196 31 196 53 121
93 176 171 66 114 183 134 122 130 20 125 174 74
142 46 85
159 162 103 35
98 199 98 48 63 149
97 180 97 4 30 116 87 36
