1 130 151 109 182 184 106 173 133 196 45 196 133 173 134 62 190 131 76 22 111 51 150 103 150 51 139 31 187 166 160 143 132 109 182 184 106 173 149 127 55 110 10 110 55 165 73 34 179 89 189 147 167 153 108 177 17 198 126 194 156 24 156 194 67 92 170 29 170 92 126 198 50 151 177 108 157 121 157 161 6 159 199 158 81 48 184 182 125 27 50 198 126 194 156 0 169 144 145 54 171 176 191 40 135 157 161 6 159 199 158 81 48 184 182 109 151 177 164 105 156 194 126 198 49 193 99 193 78 143 160 166 187 31 139 51 150 103 149 173 134 62 190 131 76 75 141 146 120 175 162 102 103 150 51 139 31 187 166 160 143 132 109 182 184 106 173 134 62 190 131 76 75 141 21 158 199 159 6 161 157 135 40 191 176 171 179 89 189 147 90 17 198 126 194 156 105 79 57 119 178 195 124 195 181 183 155 154 101 46 137 155 183 181 195 178 119 117 43 147 189 89 179 171 180 128 73 175 120 0 169 118 104 166 187 31 139 2 190 62 142 151 177 164 105 79 78 193 99 97 112 30 8 68 1
19
1 1 136 74 82 38 68 113 163 28 138 16 15 56 148 88 26 36 8 25 172
169 115 0 18 63
120 141 175 44 101
22 76 22 32 111 35
29 105 164 29 93 27 30 170
124 119 183 117 155 195 124 57 84 178
103 86 192 127 80 43 150
176 174 60 129 191 171 180
121 157 59 121
31 31 160 12
17 177 49 83 188 77 50
45 45 3 134 196
159 54 21 159 199 158
89 189 89 153 186
99 97 99 193
109 131 125 19 182 142 151
24 24 194
46 137
10 10 55
