21 32 173 6 121 115 145 62 154 155 141 155 154 62 145 115 121 6 93 58 57 58 93 6 121 115 145 62 154 155 141 151 191 28 25 18 198 199 200 199 198 10 9 10 63 83 133 56 118 119 31 100 99 177 67 66 90 91 164 143 164 197 148 147 153 154 155 141 142 93 161 94 106 147 153 154 155 141 142 93 58 68 69 46 45 7 45 108 147 153 154 155 141 89 124 80 2 80 124 89 90 66 162 197 164 143 135 128 112 111 26 172 182 56 133 29 175 176 167 166 120 119 31 24 21 32 8 6 174 103 104 76 62 154 155 141 142 108 147 106 173 161 24 118 119 120 121 122 156 187 78 77 102 64 105 195 196 120 165 172 182 56 133 29 175 163 162 45 7 8 147 140 97 4 58 93 142 149 186 69 70 76 145 115 84 20 184 127 114 79 6 121 122 15 131 143 164 91 90 89 124 84 150 3 22 64 102 187 188 107 139 86 37 86 161 94 106 147 153 154 155 141 142 116 190 107 188 187 78 4 97 21
19
21 21 41 97 129
57 29 57 59 73 83 113 119 133 169 175
191 13 23 107 151 191 193
25 19 25 65 159 165 171 179 183
184 35 49 55 61 81 127
99 27 31 67 99 109 177
7 7 45
2 1 3 51 163
141 89 141 155
200 69 125
37 37 47 189
6 11 33 53 79 93 121 123 173 181
77 43 77 187
94 161
143 5 15 17 39 75 91 131 135 137 143 157 185
104 85 101 103 105 117 139 195
148 87 95 147 149 153 167 197
9 9 63 71 111
145 115 145
