74 78 75 182 187 182 98 94 98 58 57 58 102 105 102 18 15 18 87 84 90 86 87 121 126 121 132 134 137 133 132 118 113 118 141 142 141 21 25 22 27 21 46 41 47 48 46 2 10 2 151 158 156 160 156 155 151 192 195 196 191 192 38 33 32 33 38 172 174 175 176 180 174 172 63 67 64 67 63 169 163 168 166 168 163 169 75 78 74
20
74 77 76 80 73 74 75
166 167 161 165 166 164 168 163
64 69 62 70 68 61 66
10 6 8 2
196 199 191 197 192 198
176 179 178 175 174 180
32 31 39 37 36 38 35 32
22 25 28 26 30 23 29
137 135 137 131 139 136 140
160 156 160 153 157
142 148 146 145 141 142
113 116 113 111 114 118 119
47 50 47 41 46
126 126 128 122
90 86 81 89 85 83 88 82
15 11 14 13 19 16
105 104
57 52 54 55 57 58 59 53
94 96 99
187 151 185 172 189 169
