Essos Vroengard Olivanders RokusIsland Olivanders Vroengard CaveofTwoLovers SerpantsPass Gizton TheArcanum AirTempleIsland TheArcanum Gizton IronIslands Karth Dagobah GringottsBank BayofDragons GringottsBank RockofKuthian Duskhollow RockofKuthian Arcmoor Yunkai Arcmoor TheEolian Urubaen TheEolian Arcmoor RockofKuthian GringottsBank Dagobah BikiniBottom Blagworth TheGodswood TheChumBucket TheBoilingRock Ivormere TheUnderworld Tartarus Larcbost CasterlyRock Omashu CrystalCove Omashu TheEolian Arcmoor RockofKuthian Alagaesia KoralReef Blackwater HorneaterPeaks TheEolian Arcmoor RockofKuthian GringottsBank Dagobah BeyondtheWall TheArcanum Gizton TheUniversity CastleBlack Lockinge TheChumBucket TheGodswood Azkaban KnifesEdge TheVale Lockinge TheChumBucket TheGodswood MadamMalkins IronIslands Gizton TheArcanum TheJasmineDragon Omashu TheEolian Arcmoor RockofKuthian Alagaesia Neddington JarrensOutpost Keld ShatteredPlains TheJasmineDragon TheArcanum Gizton IronIslands MadamMalkins TheGodswood TheChumBucket SatishVille Endor WonderCity Jakku WonderCity Olivanders Vroengard Mirkwood TheGodswood TheChumBucket SatishVille BorginBurkes Grayburn TheFingers Neverland Omashu TheEolian Arcmoor RockofKuthian Duskhollow TheReshiIsles FleaBottom Eggmanland Gizton IronIslands MadamMalkins TheGodswood TheChumBucket SatishVille Endor WonderCity Olivanders Vroengard CaveofTwoLovers Belhaben Ivormere EasternAirTemple Beldenn Meckgue Hogwarts Blackwater VaultofSouls Toffingburg IslesofElysium ProBendingArena TheEolian Arcmoor RockofKuthian GringottsBank Dagobah BikiniBottom Blackwater Arrowcave Vroengard Essos
19
Essos TheSpiritWorld Essos Toffingburg JarrensOutpost Neddington TheRiverStyx
KoralReef Ellesmera Hogsmead Hogwarts Arrowcave Neddingtown Blackwater Carvahall Winterfell
Blagworth Barkamsted BikiniBottom TheKrustyKrab TheGodswood Accrington Helgrind Sanlow
Grayburn Yll Tarbean TheFae JahKeved Atlantas Peridrift TheEyrie
Karth Newarre Castamere TheWhompingWillow BeyondtheWall Karth
BayofDragons RepublicCity BaSingSe Aerodenn
SerpantsPass WitheredHeath Severen Netherfort Gizton FlourishBlotts CaveofTwoLovers Shinovar
TheBoilingRock Chrofall DiagonAlley TheChumBucket TheBoilingRock Vintas TheReshiIsles Alethkar Braavos FleaBottom HighGarden WesternAirTemple FireNation Ivormere Grimbarrow
Duskhollow Boatwright Westeros Duskhollow DuWeldenvarden
IslesofElysium Arcwallow Trebon Valyria ProBendingArena Bobbingbourne
Keld ShatteredPlains Keld GooLagoon Batcave
CrystalCove Omashu Steeltown Lorien
Yunkai Soda Endor Dragonstone SatishVille Ademre
KnifesEdge Penketh TheCommonwealth TheVale KnifesEdge Toperhagen TheGreatDivide Alderaan Meereen Arkham
AirTempleIsland ShriekingShack Riverrun
Urubaen Dubwall Azir Astapor Urubaen
Tartarus Tartarus TheUnderworld
CastleBlack MountOlympus Lockinge TheSpine CastleBlack
Jakku Jakku
