s h157 l71 l27 l4 h191 h160 h168 l45 l58 l67 h194 l34 h192 h197 h198 l70 l93 h177 l3 h117 l95 h199 h113 h107 l19 h131 l49 h151 l88 l89 h158 l17 h195 l83 h114 l87 l14 l64 h172 l40 l62 h137 l5 l18 h135 l87 h147 l74 h188 h120 h127 h161 l82 l13 h143 l97 l66 h116 l12 h113 h110 l15 l79 h129 s
20
s h129 h138 h167
h191 h126 h130 h155 h161 h191
h131 h103 h105 h118 h131 h143 h190
h151 h119 h124 h128 h132 h140 h146 h151 h154 h156 h163 h173 h186
h172 h109 h111 h115 h127 h172 h178 h180 h181
l62 h112 h144 h148 h162
h158 h121 h123 h150 h158
l70 h145 h175 h198
h177 h141 h164 h177 h183 h185 h189
l58 h159
h116 h106 h116 h196
h117 h117 h122 h149 h187
l71 h101 h142 h152 h157 h169 h171
h188 h100 h182 h188
l34 h120 h125 h135 h165 h179 h194
h199 h133 h136 h139 h166 h184 h193 h199
h197 h108 h134 h137 h147 h192 h197
h168 h102 h104 h114 h160 h168 h176
h107 h107 h110 h113
l83 h153 h170 h174 h195
