node139 node188 node168 node26 node97 node119 node10 node67 node185 node122 node143 node163 node118 node151 node189 node103 node30 node114 node189 node48 node99 node74 node41 node74 node67 node121 node139
19
node139 node60 node38 node24 node92 node182 node85 node108 node61 node160 node56
node185 node185 node181 node80 node49 node200 node162 node141
node151 node37 node19 node47 node102 node52 node116
node99 node20 node134 node165 node186 node190 node84
node41 node66 node129 node41 node55 node71
node114 node114 node3 node191 node12 node59 node54
node119 node178 node119 node53 node42 node111 node98 node112 node109 node130 node117
node103 node65 node146 node16 node51 node57
node26 node33 node81 node26 node1
node163 node163
node74 node157
node122 node195 node158 node180
node10 node5 node124 node10 node152 node154 node159 node167 node96
node30 node184 node50 node100 node30 node48 node94 node18 node169 node173
node97 node86 node126 node97 node72
node143 node192 node17 node143
node118 node125 node123
node188 node8 node22 node27 node188 node73
node168 node107 node149
