507 27972 26f64 1a145 1056c aaee 2f721 82b6 2b5c6 24225 f657 21ef4 30636 2bacd fb5e 5a7e 3428a 31f59 22902 36ac2 2cee9 507
18
507 164f1 2c9e2 16eff 2604f 4b69
24225 aff5 155dc 1e2a 169f8 ec49 11e8f
2cee9 27e79 8cc4 2cee9 214e6 360b4 28d8e
82b6 82b6 4662 32e6e
30636 5577 e742 30636 31a52
fb5e 2ddfe
aaee dd34 1923 2e305 24c33 20fdf 1f1b5
31f59 146c7 15fea 22e09 3012f ba03 13cb9 3246 1ba68
26f64 22902 26f64 356a6
f657 9bd9 150d5 19737 23d1e 6993 25b48
3428a 38df3 1790d 36ac2 10065 3428a c918 1dd99
1056c 3c54 374d 1056c 18822 c411
27972 26a5d 1ecae 27972 200ca 91cb 2513a 2a6b1 23817 12396 648c
2b5c6 32460 78a8 11988 2b5c6
21ef4 2d8f7 2fc28 18d29 25641 36fc9 1831b
2f721 2f21a 33375 1d892 379d7 17e14 1ab53 2472c
2bacd 2b0bf 3387c 1a64c 374d0 23310 2bacd 1c97d
5a7e d326 d82d 388ec
