node0 node2 node163 node51 node95 node87 node133 node169 node29 node183 node113 node42 node24 node194 node19 node47 node108 node63 node33 node141 node188 node141 node95 node63 node110 node133 node113 node162 node81 node93 node190 node40 node35 node63 node110 node0
20
node0 node112 node129 node130 node134 node162 node184 node191
node169 node100 node128 node151 node152 node155 node158 node169 node171 node181 node193
node63 node119 node179
node190 node150 node175 node190 node192 node195
node51 node114 node123 node141 node180
node194 node105 node140 node176 node178 node194
node87 node125 node126 node131 node170 node172
node42 node106 node107 node145 node147 node167 node187
node33 node110 node117
node188 node103 node124 node132 node143 node148 node156 node168 node173 node188 node198
node183 node136 node137 node146 node157 node183 node196
node47 node116 node161
node113 node113 node115 node127 node139 node144 node149 node154 node165
node95 node118 node120 node164
node2 node104 node160 node166 node186
node133 node122 node133 node138
node108 node108 node199
node163 node101 node142 node163 node177 node182 node197
node19 node109 node111 node121 node159 node185
node24 node102 node135 node153 node174 node189
