8 79 122 172 123 141 185 142 122 79 8 84 130 146 147 148 92 139 140 184 187 192 187 184 138 91 45 94 140 179 136 133 134 137 140 184 187 170 111 170 187 184 138 91 23 27 94 140 179 136 147 109 116 166 154 153 163 151 96 32 51 53 55 39 41 46 110 171 188 184 138 91 27 21 17 13 14 37 58 75 59 46 110 171 188 184 138 91 27 21 17 14 37 56 99 156 190 169 170 161 183 136 87 128 127 121 82 5 4 9 14 37 58 71 69 68 50 65 66 67 53 55 74 75 61 44 28 23 17 14 11 8
20
8 124 5 97 80 4 2 82 6 30 29 79 33 83 3
116 54 71 115 167 169 109 72 116
75 73 61
39 55 59 38 26 22 39 40
111 118 78
192 160 193 191 188 171 192
172 123 121 172 120 126 174 173 125
130 88 127 99 85 100
154 165 113 145 144
23 24 25 87 19 21 23
45 102 45 91 93 42 95
133 183 90 136 89
65 49 63 65 47
139 137 179 181
163 164 153 105
51 66 69 35 64 53 68 52 70 51
13 17
147 147 135 182
185 185 152 142
190 168 190
