USZWPSB QPHYDQYV HFOSAUMP WJFHT LYRSZA QMHLIXVD OVKLH UDNWTRHT OIANIWMW QCACRVPWK ANHOTJN EMAAQWO FZGDAQKRC GMRFZFR KKEUJFUJH LYRSZA AIGGLZT XHMMLM RGSOR NJLNWKM TPDLFKGVB CCCWKB TOAKXEQ EJXSCSGM OIANIWMW FLOTLYFG OLAIC QMHLIXVD FZGDAQKRC BLXWCB USZWPSB
20
USZWPSB DKINCMT WTQCHXQ USZWPSB GALHVZ HVERBTBS
CCCWKB XENTNT YOUZA NBRZI RUGMYM
OIANIWMW GEGFOSJ HSJUMJH EHQRYBZ XSWDY TGPYEAP YFEZIO JQHORKB RVPJHZLQQ APBFJMOOF
RGSOR BLXWCB FPWMJC NTZSZ APIOYKU NIVCBBO RGSOR KRUSUHB
KKEUJFUJH NCPEGX
WJFHT RBNAR VVSNO MYDTJZPES AXCWU
ANHOTJN RGLCPSJQE ANHOTJN JEGRK
FZGDAQKRC FZGDAQKRC OLUPAJLP RLWAP VWHRKOPZ FZNKCK
AIGGLZT MWXYLX YKOGGTNN AIGGLZT
TPDLFKGVB SICVXMLGL YVIRIDDRA SIAFKK FLOTLYFG ZKGYGD
LYRSZA MRXNI MSHZNEX AHZYCQM GNXDBJSVR LYRSZA TQSCIQTX HNOOUELP
XHMMLM EPJHOESBB JVWIZDBS ORCMU XHMMLM MOXGRP
HFOSAUMP DFFFG JOXQIX KAUIIR TOAKXEQ PJXURKPC DIXXP
EMAAQWO EMAAQWO AOVKACB RJDHJFNIN VFEEU WEXBJV
OVKLH TTXGTNV HWJUZVNH OVKLH
QCACRVPWK ZNZOQPE FCWRH GLYDZ ACYPAPBPW
GMRFZFR ZEZKNGTK CCTJZN ILXWSRIC UBODMUMJ CWLLCM RQWCFDHW JXLFSOAT FJQMKJNWE
UDNWTRHT EFOWXJQKY HSAIPP UDNWTRHT XQOMNCXDB EJXSCSGM HEFYBKPUF NZJGYK YAETAC XZUPVI
QMHLIXVD BHAMV QMHLIXVD VWNAJFRNG VBAQD
QPHYDQYV BCHOPGEE LNDUQDYSK NHNDWOH
