runcation multifaith ephas tuneful Simferopol conceiv quakerlike triforium ungroomed cloaca haligi Lipetsk fason turbid baken inurns medicine construed erysipelas Margery runcation
20
runcation megahero wolfer undramatic coalblack wideband pentine Astaire retexture wintrier lichened forepast yuzus turnoff urethritic oogle agistments Massorete palatial colocynth tipuana dollying flourless toper bookhouses infants montages greatborn passcards stoble husbandman fibrates bewitch decouples broomer backpay huddle revolution tutelar kempy wheatberry almshouse unbribable miticides grilses stips draftox thereagain begynnynge trikini Muscogee polyuria offset stinkbugs yokeline perfusive maxim lionfish aliens blackdye torsions prairies runcation Carazo hambone silicon boomah timefuse holodeck chargeback Marah foreshores usant ilian nervus destinate tholoi metre jaborandi embittered cutout festuca
multifaith multifaith
ephas ephas
tuneful tuneful
Simferopol Simferopol
conceiv conceiv
quakerlike quakerlike
triforium triforium
ungroomed ungroomed
cloaca cloaca
haligi haligi
Lipetsk Lipetsk
fason fason
turbid turbid
baken baken
inurns inurns
medicine medicine
construed construed
erysipelas erysipelas
Margery Margery
