73 177 172 152 197 118 174 112 157 36 139 33 184 76 54 108 21 108 72 188 191 114 149 118 119 188 72 12 5 187 148 27 24 100 66 73
20
73 73 63
33 11 145 128 15 95 49 55 127
21 101 60 77 21
119 169 123 68 119
197 186 35 109 89 41 197 44
191 191 75 136 143 71 124 7
157 82 66 168 159 107
54 189 99 16 122 6 155 175 125 162 185
27 27 81 173 61
172 166 12 2 57 92 135 138 40
36 163 42 19 154
108 183 196 115
112 112 62 187 83 171 133 47
76 195 194 76
118 192 176 52 118
139 96 39 98 24 48
174 129 167
152 0 26
184 58 153 184 190 72 161 53
177 110 37 70 10
