140 31 74 12 66 110 66 119 89 68 122 102 35 54 114 54 60 104 60 54 173 171 75 171 173 54 60 104 111 8 57 71 126 165 126 71 10 30 48 130 6 169 195 64 3 53 97 189 60 54 173 36 137 195 136 167 159 79 113 158 111 53 3 73 33 92 179 48 30 10 106 31 74 12 66 119 89 136 17 70 93 90 123 99 176 71 126 69 141 39 95 63 156 21 170 192 80 23 173 171 77 74 31 51 96 176 145 185 178 179 92 73 150 69 126 44 17 65 9 146 192 170 21 156 63 182 87 164 49 113 79 159 167 136 89 119 66 39 133 150 73 3 53 196 176 96 135 188 106 31 74 77 193 57 173 54 60 104 25 144 72 142 102 35 54 60 189 15 21 170 192 31 140
19
140 32 12 96 135 153 151 51
68 4 160 89 196 123
185 76 185 22 115 128 133 55
99 125 7 82 47
167 62 167 9 134
8 93 166 8 159 150 57
144 14 108 83 27 85 25
3 197 132 53 142
102 35 177 102 175 13
146 94 186 146
104 45 104 182
165 18 44 103 176 158 36 59 77 49 79
141 50 95 193 112 39 65
33 179 139 19 127 73 178 117 168 56 190 84
75 41 10 97 61 173
80 42 40 80
87 11 5
114 114
6 169 21 29 130 170 101 6 154
