Milton Skovorodino Elburn Arras Shu Morawa Thames Lucena Luga Abadan Rotorua Jacmel Huatabampo Bangassou Brigantine Palmyra Speedway Tabuk Germantown Helotes Aripuana Campana Milton
20
Milton Skiatook Ihosy Kiruna Shamva Milton Plast
Bangassou Winona Samux Heath
Palmyra Helotes Pakalongan
Rotorua Totness Jizan
Aripuana Wallington Ashtabula Berkley Zumpango Trang
Lucena Esik Dunhuang Agago Kirovohrad Clawson Koboko Carnikava
Germantown Crawfordsville Aizawl Sofia
Abadan Cooma Kanoya Jerusalem Campana Bonao Esmeraldas
Shu Marsaskala Moorhead Toktogul Shu Cairo Joliet Kerma Kimba Madrid
Speedway Littlestown Chancay Jambi
Jacmel Zadar Piran Rumuruti Hayden
Brigantine Salsk Karur Multan Barddhaman Kelang Makinsk
Huatabampo Sari Harahan Eydhafushi
Morawa Martin Socorro
Elburn Elburn Cochrane Zicheng Scottsdale Moanda
Tabuk Lodja Zvezdnyy Jeonju Tallaght Tabriz Tabuk Pasadena Mauldin Dalby
Arras Barabinsk Nusaybin Boosaaso Plainfield Arras Chicopee Yevlax Kitamilo Bam
Luga Kasaali Luga Tunapuna Nguigmi Quime Managua Hengshui Ipatinga Keene Morondava Chicago
Thames Pleasantville
Skovorodino Burylbaytal Siquijor Devine San
