mqncr qfcxo crswz jpmud crgwn ypkmm yuyka suuet pvzeb lqvem mfxrm ywyyb drlqp dkdci nppux bymoa gsdqj sbnmi jxcvu eqddq mqncr
20
mqncr kqysx qrmyp drrap jkkgv anscp fnipk uooez bwinl jwmjp qxsoe byjai yuuqu
gsdqj gsdqj
mfxrm gkosc
drlqp drlqp
bymoa bymoa
jpmud rtshe piswp awsuk eludu mzwec
jxcvu jxcvu
eqddq eqddq
ypkmm lfdet ilbfw zcixl fjrpj btqda ypkmm xftof tcxbn mbqyg yuvek mnymy
suuet jjlwh ylsow peobk ssyjd qkftw
sbnmi sbnmi
dkdci edxoe mqreu cfspg mwoev iigud dkdci dsfpg macxu ibnyw
lqvem mlqbj irkbu mxihv lhsag gztsf
yuyka iggzg igpmu qwmew cegzm tcqqe wwphq rnrth
nppux nppux kdtrw hrhzb
crswz aoxfw ayayj mpjyf hribg ygust xphcw
pvzeb vnnvv mrnva axdtz pvzeb eakkr pnmkd vzoqh
crgwn mjgiw gpwkr lukkm tyjab fblut qpjoh kwvgs diapc
qfcxo innfa qfcxo cakfa derxh dsbhm jvfig qcfox dxllq jemlu tctxs qotnp
ywyyb ywyyb eustb sfgmu sxqhs
