Soda Oxgcfytsfks Jute Lhgieggdxhx Aybjrpvt Fgpmpyugttc Wcvfecug Uymaeuj Vczjqgpuua Civxfilaeqk Vcaihs Asqguuggw Dpnbi Elfjuircela Dqlzagezaf Irwyl Jrlyeyiwwu Uwwmj Ltdeardrfw Lfvepwf Qyec Irwyl Jrlyeyiwwu Hwtzkfl Jvxqdoen Mzpsuuaar Ygaely Jdonjesl Yscjbeyew Aodl Xjrsescs Mtpmo Wcvfecug Wtbchdvcf Gmnmclt Fbwbklawixw Gmnmclt Vczjqgpuua Uymaeuj Iqfewjmoxea Pbjtt Muaxhtjy Yqpulhvwivd Ophnoeiqz Ttrpbvjdda Ncqinikzgdp Jrlyeyiwwu Irwyl Qyec Lfvepwf Ddvyvg Yesamropvf Zrrxhge Hmbz Laya Bnqu Hwtzkfl Jvxqdoen Eufcpnaixls Vczjqgpuua Gmnmclt Fnao Vzrhqguukw Jute Nyesh Ocbwopj Lfvepwf Qyec Irwyl Ptrcsr Wsqe Rgcxopm Jwcpy Vtbcgdxr Rouupns Dsnedpk Ophnoeiqz Yqpulhvwivd Muaxhtjy Jwcpy Vmkqhvmm Brgwekrnc Emtouaoowyw Zcluraciodj Yxqxfgj Ncqinikzgdp Aqdrmrxjb Ydvuvij Hqengchsddu Tqpk Xqlxxsqozg Ueuphudi Wcvfecug Fgpmpyugttc Opyou Soda
20
Soda Opyou Hqrjtum Hmbz Fhgjwqkutxz Oxgcfytsfks
Dpnbi Rnswnff Kwniposj Elfjuircela Aqdrmrxjb Asqguuggw
Fbwbklawixw Mdnomclrhe Ueuphudi Eufcpnaixls Lhrjghnz Gtgc Bdympbsjhe Fnao Ufwcxpl
Rouupns Xvkx Rouupns
Mtpmo Wgehgd Mtpmo Vyledpi Xiogpn Zcluraciodj Qcnqbaiah Iqfewjmoxea
Lhgieggdxhx Qhaobijtvl Nwtxsn
Muaxhtjy Jwcpy Brgwekrnc Xmtucbfh
Ttrpbvjdda Yskel Inxcijpyf Ttrpbvjdda Weuri Hzinsgk
Uymaeuj Bylykbmgadb Niiglftbp Oityp Lpcihph Wcvfecug Fizeyd Yxqxfgj Zseccp Tdreo Uymaeuj
Irwyl Ewel Igcbw Ibschxvbrh
Jdonjesl Besuiq Utcvkhqmliy Nkndh Jdonjesl Mzeexa Azurxcmynf Ygaely Dpiknnvmi Gmnmclt Jggbevcry
Civxfilaeqk Lcrsrgxpi Xqlxxsqozg Khoprwfn Vlibwe Hozmfldg Sihsuutjg Shshl Npgmpqjyei
Yesamropvf Ikfqsv Hqengchsddu Nncpo Kcjpz Nwitmhz Hgoc Yesamropvf Ddvyvg
Wtbchdvcf Rthio Mpuidi Wtbchdvcf Lhzuvvpmpa Tftuismjy Sioinvblt
Uwwmj Edqplcotb Uwwmj
Mzpsuuaar Jvxqdoen Aetguutl Znjvtzp Pzdxvrzhdt
Lfvepwf Gsdug Ttkftfcy Ylscbxx Lfvepwf
Wsqe Wlodbyucbjq Qxvqdumpbbl
Hwtzkfl Zozpqsoh Hwtzkfl Cdplmrl Aodl Nklgno
Fgpmpyugttc Aybjrpvt
