0 39 63 179 27 156 174 156 29 114 55 161 95 163 34 114 161 73 169 126 44 64 198 173 86 19 2 146 173 198 156 29 144 16 107 89 159 156 29 114 34 13 190 180 172 168 161 128 161 114 34 145 159 21 27 44 126 151 46 0
20
0 3 10 0 18 58 75 90
128 98 59 80 9 23
64 46 44 74 72 82 64 26 20
173 13 37
89 85 81 49 30 60 89 42
27 27 41
34 65 34 99
29 92 5 29 57
190 69 68 43 50 36 91 47 79
19 32 17 19 12 51 8 1 71
174 22 14 31 54
16 6 56 16 96 24
63 39 63 86
73 33 76 73
95 83 61 48 95
126 70 94 53 88 87
172 35 93 40 84
55 11 2 25 15 52 67 7 38 55 78
156 4 45 21 97
179 77 62 66 28
