0 54 101 113 139 112 16 7 40 99 110 153 110 30 142 96 88 102 51 59 51 102 88 46 14 146 3 170 187 71 187 114 12 45 183 45 12 114 187 170 3 146 14 20 6 20 14 146 179 27 67 94 144 36 160 36 56 18 135 183 45 12 114 187 170 3 146 14 20 194 100 145 86 164 184 153 24 197 24 153 110 30 142 96 88 102 51 59 92 94 67 186 97 13 110 9 63 9 110 30 142 96 88 102 51 59 92 94 67 186 146 14 20 6 5 33 47 33 5 6 20 14 146 179 27 67 94 144 36 56 18 135 183 45 12 114 187 170 110 30 142 96 88 102 51 100 145 86 164 127 108 91 173 198 118 155 44 116 192 129 60 128 123 120 196 31 19 165 34 192 116 44 111 4 113 93 138 22 76 78 82 83 123 188 62 32 80 157 6 5 33 156 169 21 148 79 39 131 60 129 92 94 67 186 146 14 20 6 5 33 61 188 123 83 82 78 76 180 151 134 158 190 86 145 132 74 171 35 15 80 168 95 90 124 170 187 71 189 193 126 104 126 172 137 22 138 93 113 139 112 16 7 111 44 116 192 34 189 11 87 166 103 58 43 45 183 125 169 156 33 5 6 20 14 146 186 49 159 187 170 110 30 142 96 50 39 79 121 102 51 59 92 94 144 119 128 60 0
20
0 85 132 1 119 175 74 55 195 2 66 164 86 198 89
104 105 150 147 137 72 104
101 139 64 138 172 83 101 112 176
47 108 26 57
97 13 49 186 97
6 20 157
14 46 14 35 100 167 52 182 102 10
67 27 23 94 67
3 170 68 3
197 161 90 185 197
71 12 71 189 11
63 9
40 99 107 29 16
153 82 129 24 103 43 166
160 50 41 39 160 56
142 141 143 69 142 38
59 152 59 92 51
21 21 148 169 77 73 95
183 45 124 125
196 188 196 106 19 123
