0 198 58 168 154 175 76 174 184 99 23 156 85 138 50 115 117 114 38 50 133 148 15 20 117 50 38 78 182 148 99 41 150 102 0
18
0 0 24 132
20 12 20 48 64 70 88 96 110 170 176 180
99 8 14 32 36 40 44 46 56 66 82 84 92 98 112 116 118 122 128 140 158 160 172
154 10 16 42 68 78 106 130 144 154 194
156 4 156
58 58 94 104 108 148 164
138 18 26 34 52 60 62 80 86 100 120 136 138 142 182 186 188 192 196
114 2 30 114
38 38
174 6 150 174
50 50
115 102
117 22
76 28 76
175 72
168 126 162 168
184 54 74 184 190
198 90 124 134 146 152 166 178 198
