2 157 53 68 89 170 89 69 13 8 87 8 13 69 134 94 28 94 88 148 102 45 181 34 23 11 26 63 169 160 169 63 131 128 86 65 4 112 190 92 21 105 108 57 180 126 175 48 129 50 55 130 184 64 186 136 119 68 53 193 50 129 48 175 126 180 57 108 105 21 92 190 112 158 163 158 112 190 92 21 105 108 57 180 126 175 48 129 50 55 130 184 64 186 136 119 68 53 157 2 41 85 9 17 191 168 61 172 103 24 142 60 35 188 163 158 112 190 92 21 105 108 57 180 126 175 48 129 50 55 130 184 64 186 136 119 68 89 170 79 7 40 7 79 170 89 69 13 8 87 175 48 129 50 55 130 184 64 186 0 192 176 174 99 174 182 117 164 138 13 69 134 94 88 148 102 45 181 34 23 11 26 63 169 160 166 113 172 98 36 152 162 121 199 97 144 74 29 47 132 127 150 185 77 3 153 122 189 184 64 186 136 119 68 53 193 50 55 139 62 90 95 82 110 158 112 190 92 21 105 108 57 180 126 175 48 129 50 55 130 184 64 186 136 119 68 53 157 2 41 85 9 17 191 168 61 172 113 166 160 169 63 131 128 86 37 25 81 12 127 150 185 77 3 149 140 165 99 174 182 117 164 138 13 69 134 94 88 148 146 32 147 198 128 131 63 169 160 166 104 44 56 52 145 42 108 105 21 92 190 112 158 110 82 95 90 177 70 60 35 199 97 183 91 27 20 59 5 125 31 10 194 93 101 150 127 12 81 25 37 178 72 197 120 133 16 179 171 149 66 149 171 179 16 133 120 197 72 178 37 25 81 12 127 150 185 33 111 187 1 58 73 83 38 186 64 184 130 55 139 62 14 22 76 51 176 174 182 117 164 138 13 69 89 68 53 193 145 52 56 44 104 166 113 172 61 168 191 17 9 85 41 2
19
2 49 2 157
59 173 121 59
66 38 6 35 118 80 54 100 187 114
98 36 27 98
40 7
170 141 106 79 53 193 12
99 113 165
160 131 145 34 161 86 128 4 56 156 26 115 63 181
3 122 133 3 149
103 142 52 61 116 126 96 44 85 42 30
90 139 76 14 95 177 51 15 90
82 93 194 178 179 171 196 25 110 82
130 46 73 58 130 55 119 50 0 136
182 189 182 67
87 8 92 112 48
164 164 138
28 174 13 94 192 28
163 125 188 158
88 32 97 23
