ffffff x y tttt mmmmmm j nnnnn iii qq ccc kk wwwww ppppp bbb uuuuuu i ddd c oooooo aaaaaaa ffffff
19
ffffff ffffff xxxxx uuu ll aaaa nnn ggggg xxx uuuuuuu rrrrr uu tt mmmm ii
i k iiiiiii lllllll
aaaaaaa yy qqq yyyyyyy sss
ccc cccccc
tttt mm ffff tttt eeee hhhhhhh wwwwww ssssss
bbb xxxx eeeeeee wwww oooooooo rr lll llllllll aaaaaa aa
j j cccc d dd
iii eeeeee m
ddd mmmmmmmm aaaaaaaa bbbbbbbb kkkkkk e
ppppp ppppp ssss jjj kkkk s cc hhh pppp gggg
c zzz ccccccc xxxxxxx sssssss rrrrrr hhhh jjjjjj
y bbbbbb kkkkkkkk ttttt aaa jjjj tttttt ggggggg eeeee dddd qqqqqq
qq qq
uuuuuu pppppppp b uuuuuu llllll vvvvvv vvvvv
mmmmmm ttttttt q gggggggg ee zzzzz bbbbbbb sssss
oooooo oooooo
nnnnn fffff ffffffff nnnnnn
wwwww wwwww ooooo vvv
x iiiiiiii x o a
