199 82 196 190 25 153 71 2 27 169 122 84 185 170 187 161 197 141 117 67 13 108 57 61 20 60 20 181 139 99 85 110 127 17 163 49 150 54 26 54 176 88 77 105 1 108 13 67 117 141 197 161 187 170 185 84 122 169 27 118 59 114 11 20 181 139 99 85 110 127 17 163 49 142 184 6 72 193 92 193 72 46 176 88 77 105 1 108 13 67 117 141 197 161 187 170 185 84 122 169 27 118 59 114 11 20 181 139 99 85 110 127 107 36 47 93 56 93 66 30 138 89 149 172 197 161 187 170 185 84 122 169 27 118 59 114 11 189 176 88 77 105 1 108 13 67 34 98 8 70 134 166 44 60 20 181 139 99 85 110 127 17 163 49 142 184 6 72 193 92 43 27 169 122 84 185 198 138 30 66 93 188 115 167 173 128 193 72 46 176 88 77 105 1 108 13 67 117 141 197 161 187 170 185 84 122 169 27 118 59 114 11 20 181 139 99 85 110 127 17 163 53 134 70 8 65 86 194 159 68 195 183 87 149 89 138 30 66 93 188 115 171 125 109 33 40 144 73 144 40 33 109 57 108 13 67 117 141 197 147 94 55 3 18 3 55 164 60 20 181 139 99 85 110 127 17 163 49 142 184 6 72 193 92 43 27 169 122 84 185 198 138 30 66 93 188 115 171 125 109 33 40 144 186 58 192 116 192 58 186 144 40 33 109 57 108 13 67 117 141 197 147 94 55 164 60 20 181 139 99 85 110 127 17 163 49 142 184 6 72 193 92 43 27 169 122 84 185 198 138 30 66 93 188 115 171 136 100 143 63 22 162 14 86 194 16 145 16 182 133 105 1 108 13 67 117 141 197 161 187 170 185 84 122 169 27 118 59 114 11 189 95 188 115 171 62 15 143 63 22 162 14 86 156 74 173 128 193 72 6 184 142 146 181 139 99 85 110 127 25 190 196 82 199 24 29 7 177 79 38 188 115 171 125 109 33 40 144 73 21 59 114 11 189 176 54 26 142 184 6 72 193 92 43 27 169 122 84 185 198 138 30 66 14 162 22 63 143 15 91 137 140 98 8 70 134 166 44 60 164 55 94 147 197 141 117 67 13 108 1 113 102 45 104 85 110 127 17 163 156 119 78 159 35 24 199
20
199 10 24 29 69 82
177 7 12 15 23 41 42 51 62 79 91
167 4 63 78
116 58 74
73 21 33 40 73 83
92 43 72 81 92
26 6 26
36 36 47 76
56 30 38 56 66 89 93 95
176 1 11 46 54 59 64 77 88
162 19 22
86 14 65 70 86
145 16 37
170 2 25 27 32 71 84 97
161 13 31 48 57 61 67
18 3 18 94
166 8 34 98
60 0 20 44 45 49 55 60 85
139 9 17 28 53 75 96 99
159 5 35 39 50 52 68 80 87 90
