Place102 Place78 Place71 Place46 Place97 Place196 Place189 Place58 Place27 Place157 Place187 Place8 Place160 Place125 Place144 Place155 Place100 Place116 Place163 Place177 Place149 Place167 Place41 Place102
20
Place102 Place33 Place114 Place18
Place163 Place163 Place79 Place80 Place118 Place199 Place21
Place149 Place148 Place75 Place96 Place76 Place104 Place3 Place127
Place27 Place27 Place1 Place112 Place45
Place144 Place144
Place100 Place39 Place55 Place57 Place145 Place6 Place156 Place182 Place150 Place100
Place97 Place97 Place10 Place117 Place174
Place8 Place172 Place28 Place137 Place68 Place95 Place20 Place8 Place26 Place176
Place71 Place185 Place41 Place71 Place168
Place155 Place155 Place25 Place128 Place197 Place186
Place116 Place82 Place116 Place98
Place125 Place125 Place129 Place24 Place146 Place81
Place157 Place42 Place83 Place142
Place189 Place32 Place110 Place74 Place16
Place160 Place139 Place120 Place108 Place140 Place151 Place164 Place178
Place78 Place7 Place47 Place59 Place107 Place56
Place58 Place135 Place152 Place58 Place190 Place147
Place187 Place171 Place72 Place124 Place166 Place23
Place196 Place196 Place86 Place50 Place106
Place46 Place13 Place175 Place153 Place181 Place115 Place77 Place198
