qtq qlo rut wdf hpb jno thd lxt gfp mbc rxi slq wuf slq cov xld wuc pie wiq uoz zug uen ase mmf hgx jno nuf hxp uwp lxt vaf tmd vaf wiq xzf zug lnv art qls qtq
19
qtq xdz qtq uxr wju bsz hxo uca fsl zgs cnv
pie pjx wpq
uoz krg gup ifc qbe kza dkn lah uoz xos
rut pxs pkx qnn tmc rut qfc yiz qbj
tmd ptq tro tmd iuz ooc ukh
hpb hpb mnv zqn orc
hxp hxp mbx viv brk
uen htv eqm jta bai ili cxu cjp tnl
thd jno wuc npu thd ahy
wuf sfp wuf udq rwt vsu
rxi pta hhe egz rxi lnv lfh
xld nkx txk gak
gfp xax idl fgo vlt lxt plx thz rod
vaf zbn vaf ahv
mmf itg ase qjm spp
slq nfy wiq nhr slq
uwp zgf uwp rju
hgx nhk ooi pwa ynq
qlo cpw vub qlo qls
