Whitgrove Hampingbascombe Wetwick Worrenberwang Stapbrough Candleswick Skellingseybrough Sifield Wychcompwold Sifield Endingnell Toddenmerbrough Suddingover Nortwell Marlcester Shaftwick Fullencester Ciborough Milthorne Horsmere Suddenmoor Staincombe Southbury Hamsborough Ketchester Elside Stafavon Farndlesover Burblemansbage Whitringlake Falworth Wendleringdown Ribenwell Endingnell Sifield Skellingseybrough Candleswick Endingrensby Marlbeck Hamborne Penddenchester Tipbeck Botbeck Endingnell Sifield Skellingseybrough Candleswick Stapbrough Worrenberwang Wendleringdown Falworth Dribwold Rothingcombe Waltcompbrook Redcombe Waltcompbrook Botmermoor Dartdown Chillingbridge Dartdown Botmermoor Ashenhead Endleshall Wychditch Chilmerdon Pemton Endleberey Reddensden Cihead Tippingtree Leatherbourne Egmerhampton Egsted Burblemansbage Farndlesover Windleshead Shaftmoor Wolley Rothingenbage Ciringnell Leatherbourne Hurstdown Wendleringdown Waltham Todhampton Siavon Penddenchester Hamborne Dartdown Botmermoor Ashenhead Endleshall Wychditch Chilmerdon Pemton Endleberey Barndlesborough Marlbrook Wethampton Southbury Hamsborough Hampingbascombe Whitgrove Cookfield Reddensden Endleberey Staplow Nortwell Milthorne Ciborough Bursmith Burblemansbage Farndlesover Windleshead Tippenbrook Toddenmerbrough Ashenhead Waltbeck Tippingbage Bastlebury Worbrook Wetsmith Abglewold Tippingtree Whitgrove
20
Whitgrove Dribblecombe Ribberrenston Sodberling Whitgrove
Redcombe Eley Hampingcastle Redcombe Basditch Siey Alfmere
Ketchester Ketchester Egmerhampton Watchlake Staplow Ellerbridge Blansbrook Boothingmanstree
Shaftmoor Melwood Bothenton Farnditch Durbrook Bursmith Wolley
Falworth Falworth Worford Whitringlake
Marlbeck Enderbeck Faldenhall Todhampton Cihead Wycastle Hampingworth Bothenhall Tippenbrook Egsted
Candleswick Horsnell Stapbrough Chedworth Candleswick Skellingover Sundendford
Wychcompwold Sifield Shaftborough Penby Skellenshot Sirenshall Wychcompwold Dribberham
Chillingbridge Skelberden Leatherport Tippendham
Ciborough Clereennell
Bastlebury Cannerthorne Bastlebury Wetsmith Tippingbage Hamwold Bootwick Southmere Rothendcombe Emmerley
Stafavon Rotherlow Prestwick Elside Waltbeck Farndlesover
Marlbrook Wethampton Toddenmoor Wychchester Marlbrook Abgleham
Marlcester Nortwell Marlcester
Endleberey Reddendeney Endleberey
Wetwick Worrenberwang Ketnell Wetwick Hampingbascombe
Horsmere Milthorne Botbeck Sodport Sundlethorne
Ribenwell Rothingcombe Worhall Abcester Wendleringdown
Toddenmerbrough Tipstoke Abglewold Siavon Casbrook Suddingover Dartden Endingnell Bromstanham Horstleover Falderseythorne
Staincombe Southbury Staincombe Suddenmoor
