0 97 153 34 173 28 14 28 133 67 39 199 95 29 194 36 102 179 29 16 29 179 6 151 93 83 77 123 157 104 171 56 104 177 40 175 40 177 104 145 13 95 39 173 34 120 123 62 179 102 59 0
20
0 75 32 49 18 170
102 160 109 9 108 125 102 74
34 10
67 184 133 159 67 44 87 96 47
199 25 121 89 186 106 39 176 168 199
175 17 111 175 22 137
56 116 185 98 139
93 151 138 117 85 63
14 83 14 178 64 4 78 69 79
16 91 166 19 31 146
77 24 182 120 65 12 77 134 149
194 194 163
13 156 48 126 51 20 145 99
157 42 157 100 70 50
28 103 28 155
153 173 6 130 38 27
171 193 81 197
29 119 95
97 36 104 58 128
179 179 196 26 180
