location0 location190 location105 location136 location78 location99 location154 location65 location74 location147 location141 location2 location170 location77 location167 location135 location59 location174 location50 location174 location59 location108 location90 location17 location115 location119 location29 location4 location35 location192 location104 location145 location135 location51 location106 location150 location117 location101 location167 location77 location32 location87 location47 location137 location186 location51 location194 location77 location167 location101 location80 location79 location187 location108 location180 location196 location124 location76 location51 location194 location66 location171 location167 location101 location80 location193 location42 location110 location63 location98 location52 location94 location185 location114 location14 location123 location199 location150 location148 location19 location20 location88 location59 location161 location7 location113 location26 location176 location188 location124 location76 location51 location186 location7 location161 location0
20
location0 location11 location13 location55 location57 location63
location141 location3 location39 location45 location61 location75
location90 location8 location19 location22 location32 location67 location90 location91 location96
location170 location2 location34 location36 location42 location44 location58 location62 location77 location85
location115 location15 location17 location18 location28 location60
location26 location26 location40 location43 location56 location82
location99 location30 location49 location78 location84 location93 location99
location180 location38 location48 location54 location64 location69 location81 location94
location124 location5 location16 location24 location83
location145 location10
location186 location14 location27 location31 location41 location66 location70 location98 location100
location50 location6 location20 location50 location53
location79 location1 location7 location79
location106 location51 location71 location72 location89 location95
location29 location12 location29 location37 location92
location87 location9 location46 location47 location73 location80 location87
location105 location23 location52 location97
location65 location33 location65 location68 location74 location76
location59 location21 location59 location88
location35 location4 location25 location35 location86
