0 142 62 23 93 179 93 197 93 158 93 23 109 88 92 75 144 9 144 129 144 19 144 155 144 19 120 40 138 33 54 141 54 33 178 84 85 127 44 198 161 162 196 32 133 32 65 77 121 131 144 155 69 172 134 192 54 33 178 84 85 127 44 198 161 149 93 197 27 199 52 76 144 155 69 109 71 132 62 142 188 105 7 76 144 155 63 13 79 106 73 153 33 54 192 109 71 159 52 186 22 93 107 27 28 142 0
20
0 0 2 66 84 94
77 17 43 70 115 154 174
88 67 183
155 38 42 65 107 128
138 8 138 146
106 3 16 59 167 177
158 14 27 31 33 69 158
52 51 52 78 160 173 199
134 114 134 172 187
19 11 20 56 72 83 89 98 125 157 184
129 21 47 129 137 152
75 15 80 81 120 182
9 4 9 74 103 116 130 190
133 1 28 86 133
23 23 39 100 143 151 166
197 13 22 193 197
179 5 24 26 35 68 71 93 102 153
141 141 159
196 18 101 111 164
132 50 96
