13 192 185 53 179 144 175 7 152 43 118 93 107 138 117 104 25 76 86 44 70 188 96 110 119 128 195 75 13
20
13 148 164 182
86 103 170
7 125 142 174
104 104 116 155 181 188 199
185 127 177 185 187
195 106 113 139 153 158 160 166 195
70 169 172 176
179 105 126 128 131 147 151 156 179 180 196
107 107 143 150 186
53 115 119 132 133 136 145 154 193
25 100 102 111 120 183
118 109 118 121 146
138 138 162 168 191
117 117 129 130 134 140
43 110 124 135 137 159 161 165 194
93 112 122 173
144 101 123 141 144 167
152 108 114 152 178 184 197 198
192 149 157 189 192
175 163 171 175 190
