Soda L81 L91 L126 L165 L36 L63 L66 L99 L153 L34 L153 L15 L176 L86 L4 L144 L134 L24 L167 L180 L35 L142 L93 L98 L79 L8 L168 L130 L13 L33 L40 L20 L114 L24 L167 Soda
20
Soda L49 L13 L125 L67
L176 L151 L39 L157 L149 L176 L124
L144 L4 L11 L84 L119
L36 L192 L190 L173 L171 L52
L180 L70 L102 L143 L21
L98 L0 L159 L83 L164 L163 L98 L117
L153 L132 L76 L99 L45 L75 L27 L79
L126 L43 L93 L130 L158 L126
L20 L89 L61 L172 L116 L135 L9 L60
L8 L103 L5
L33 L74 L97 L133
L24 L121 L24 L186 L32 L122
L142 L54 L115 L35 L150
L66 L183 L85 L63 L188 L92
L91 L62 L166
L34 L34 L177 L37 L114 L198 L174 L44 L23
L81 L90 L189 L107 L193 L50 L169 L145 L81
L86 L86 L191 L14
L165 L22 L113 L167 L25 L68
L168 L69 L194 L12 L101 L168 L108
