Soda location196 location9 location132 location56 location52 location82 location150 location5 location51 location112 location85 location162 location64 location189 location89 location33 location107 location21 location183 location67 location196 location128 location144 location174 location34 location27 location63 location93 location182 location142 location106 location63 location27 location56 location189 location107 location141 location144 location49 location162 location60 Soda
20
Soda location76
location142 location4
location51 location10 location51
location132 location95 location48 location26 location79 location40 location22
location52 location52 location36 location12 location59
location34 location34 location11 location2 location38 location77 location73 location20
location183 location49 location91 location99 location62
location64 location64 location65 location86 location80 location23 location75 location19
location150 location82 location37 location66 location28 location29 location81 location33 location69 location96
location89 location45 location54 location32 location17 location89 location8
location144 location58 location39 location100 location35 location70 location14 location72 location6 location3
location107 location90 location43
location128 location31 location18 location30 location24 location93 location13 location78
location196 location46 location97 location21 location55
location162 location71 location88 location50 location92
location67 location61 location67 location60 location84
location56 location44 location68 location74 location56 location87 location41 location85
location112 location98 location16 location25
location5 location42 location15 location5 location63 location83 location47
location9 location94 location7 location53 location57 location27 location9 location1
