loc79 loc48 loc37 loc149 loc7 loc199 loc53 loc173 loc5 loc64 loc81 loc122 loc99 loc180 loc38 loc112 loc15 loc147 loc75 loc132 loc170 loc79
20
loc79 loc142 loc68 loc11 loc40 loc196
loc38 loc9 loc170 loc60 loc127 loc80 loc87 loc78 loc115
loc53 loc26 loc124 loc98 loc186
loc7 loc181 loc146 loc19 loc160
loc99 loc0 loc66 loc36 loc153 loc89 loc109 loc3
loc75 loc191 loc114 loc73 loc150 loc185 loc94 loc83
loc132 loc130 loc187 loc25 loc97 loc132 loc164
loc81 loc69 loc59 loc110
loc147 loc171 loc131 loc76
loc15 loc159 loc8 loc30 loc113 loc18 loc91
loc122 loc134 loc41 loc44 loc122 loc152
loc173 loc154 loc111 loc167 loc173 loc133 loc16 loc14 loc106
loc48 loc118 loc17 loc48 loc70 loc34
loc149 loc90 loc6 loc2 loc174 loc62
loc112 loc176 loc58 loc145 loc162 loc120
loc5 loc52
loc199 loc96 loc54 loc155 loc45 loc92
loc37 loc148 loc43 loc121 loc140 loc128
loc180 loc180 loc33 loc158 loc50
loc64 loc4 loc189 loc64 loc107
