LesLilas Hangu Daokou Hirosaki Wachtberg Garbsen Aringay Morwa Zalingei Milledgeville AinArnat Aracuai Gunzenhausen Sorada Oerlinghausen Bhatkal NoblePark Acarau SenadorPompeu Scottsdale Acireale Haora Tansen Nangi Tansen Haora Alnavar Vaniyambadi Alnavar Haora Tansen Nangi Twante Embu Berezhani CapimGrosso Mendes CapimGrosso ArRumaythiyah Akcaabat Kasamwa Biskra Kasamwa Akcaabat ArRumaythiyah Naron Kushtia PriegodeCordoba Hirosaki Haora Tansen Nangi Twante Malpe Topi Bishopstoke Arusha MontignyleBretonne Marchena Angleton Banting Shurugwi CapimGrosso Mendes Ronnenberg Espiye Rivas Sevlievo Scottsdale Haora Tansen Nangi Lalago Butuan Arang Fujieda AshtonunderLyne Cachan Oerlinghausen Bhatkal NoblePark Sasovo Nagar Fili Ranong SenadorPompeu Scottsdale Garbsen CapimGrosso Mendes MadinatHamad AinArnat Aracuai Alotenango VerrieresleBuisson Sleaford NowaRuda Langenhorn Arzamas Hirosaki PriegodeCordoba Kushtia Licata Arang Butuan Kaifeng Bishopstoke Kineshma Mocoa Braila Tempe Tias Arang Butuan Alnavar Haora Tansen Nangi Twante Fontem LesLilas
19
LesLilas Mocoa Pozzuoli SantanadoLivramento
MontignyleBretonne GuaMusang Gorgan
Nagar SanJuandelaMaguana Andrychow Nagar BlueIsland Fuxin TagbilaranCity
Daokou Hirosaki Hangu Sosnovka Twante Daokou
Espiye Shchekino Espiye
Mendes SaintCyrlEcole
Aracuai Kemise AinArnat AinBessem Zhaodong Gunzenhausen Aracuai
Wachtberg Rhondda Ibirataia Vyazniki Anjarah Pezinok Korsakov PortoVelho Skelmersdale
Aringay Garbsen Haripur Arzamas Kambove Kaifeng MineralnyeVody AshtonunderLyne
Nangi Johnston NahiyatashShinafiyah Escada Wenchi
Oerlinghausen Belalcazar Oerlinghausen Manacapuru Sorada Wangon
Vaniyambadi Yafo Vaniyambadi Prostejov MonteAlegre
Malpe Khulm Braila Shimofurano SpanishTown KotRadhaKishan Itororo Shieli VillaPauladeSarmient Kotka Shurugwi Kineshma
Biskra MadinatHamad Izhevsk Gowurdak
Acarau SenadorPompeu Akcaabat HaciendaLaCalera NoblePark Acarau
Embu WestIslip Tabou Lloydminster FetestiGara Embu Battambang
Acireale SouthSaintPaul Sobue Haora Ontinyent Turek Butuan Langenhorn Angleton Baramula Acireale ChalcodeDiazCovarrub Kairouan Bury Mabopane FortWorth
Kushtia SenaMadureira PriegodeCordoba EastLongmeadow
Zalingei Morwa Rivas CapimGrosso Ortaca
