2 137 199 132 81 116 79 157 131 54 50 95 55 125 73 79 27 140 69 97 29 59 127 121 39 164 81 95 80 7 80 95 81 132 147 69 118 39 155 35 173 71 143 15 127 151 81 39 118 171 51 82 28 124 2
20
2 9 31 63 115 179 189
97 33 43 69 85 97 101 135 145 163 171 173
59 57 59 109 175
164 39 41 47 83 113 129 167 197
71 71 183
7 7 87 99 123 151
50 1 3 67 103 125 165 191
199 161 199
155 5 23 107 117 155
73 49 73 147
116 81 105 139
131 11 17 27 29 131
118 37 77 93 149 181
121 45 53 119 121 127 143 177
55 19 25 55 61 75 95 195
157 15 21 79 157 185 193
140 13 35 51 65 91 169
137 89 133 137 153 187
132 141
54 111 159
