S 1M 1Ba 1Bb 1Ba 1Bf 1Bg 1Bf 1M 1Af 1Ab 1Ac 1Ab 1Aa 1M S 2M 2Ba 2Bb 2Ba 2Bf 2Bg 2Bf 2M 2Af 2Ab 2Ac 2Ab 2Aa 2M S 3M 3Ba 3Bb 3Ba 3Bf 3Bg 3Bf 3M 3Af 3Ab 3Ac 3Ab 3Aa 3M S 4M 4Af 4Ab 4Ac 4Ab 4Aa 4M 4Ca 4Cb 4Cc 4Cd 4Cc 4Cb 4Ca 4M 4Ak 4Ag 4Ah 4Ag 4Af 4M S 1M 1Ca 1Cb 1Cc 1Cd 1Cc 1Cb 1Ca 1M 1Ak 1Ag 1Ah 1Ag 1Af 1M S 2M 2Ca 2Cb 2Cc 2Cd 2Cc 2Cb 2Ca 2M 2Ak 2Ag 2Ah 2Ag 2Af 2M S 3M 3Ca 3Cb 3Cc 3Cd 3Cc 3Cb 3Ca 3M 3Ak 3Ag 3Ah 3Ag 3Af 3M S
19
S 1Aa 1Ca 1Dd 1De 1Ee 1Eh 1Ei 1Ek 1Fe 2Aa 2Ca 2Dd 2De 2Ee 2Eh 2Ei 2Ek 2Fe 3Aa 3Ca 3Dd 3De 3Ee 3Eh 3Ei 3Ek 3Fe 4Aa 4Bb 4Bf 4Bi 4Bj 4Ca 4Dd 4De 4Ee 4Eh 4Ei 4Ek 4Fe
1Cd 1Cb 1Cc 1Cd
2Cd 2Cb 2Cc 2Cd
3Cd 3Cb 3Cc 3Cd
4Cd 4Cb 4Cc 4Cd
1Ah 1Ag 1Ah 1Ai 1Aj
2Ah 2Ag 2Ah 2Ai 2Aj
3Ah 3Ag 3Ah 3Ai 3Aj
4Ah 4Ag 4Ah 4Ai 4Aj
1Ac 1Ab 1Ac 1Ad 1Ae
2Ac 2Ab 2Ac 2Ad 2Ae
3Ac 3Ab 3Ac 3Ad 3Ae
4Ac 4Ab 4Ac 4Ad 4Ae
1Bb 1Bb
1Bg 1Bf 1Bi 1Bj
2Bb 2Bb
2Bg 2Bf 2Bi 2Bj
3Bb 3Bb
3Bg 3Bf 3Bi 3Bj
