0 198 197 196 191 194 191 192 186 181 183 181 176 179 176 171 166 169 166 167 161 163 161 167 166 171 176 181 186 192 191 196 197 198 0 1 6 11 16 21 26 32 31 37 38 36 42 41 46 51 57 58 56 61 66 71 76 81 87 86 92 93 91 96 101 106 112 111 116 121 122 121 127 126 131 136 141 146 151 156 157 156 162 161 167 166 171 176 181 186 192 191 196 197 198 0 1 6 11 15 11 16 21 24 21 26 32 31 37 36 42 41 46 51 54 51 57 56 61 66 71 76 81 87 86 92 91 96 101 102 101 106 112 111 116 121 127 126 131 136 141 146 151 156 162 161 167 166 171 176 181 186 192 191 196 197 198 0 1 6 11 16 21 26 32 31 37 36 42 41 46 51 57 56 61 66 71 76 81 87 86 89 86 87 81 76 71 66 61 56 57 51 46 41 42 36 37 31 32 26 21 16 11 6 1 0
20
0 7 192 189 3 187 173
194 193 195
15 14
24 24 25
169 169 170
32 22 35 17 34 19 30 33 27 13 12 32 29
38 44 38 39
54 48 47
58 58 63 65 60 42 53 52 64 62 59
71 73 72 78 79 75 70 68 74 80
87 83 87 84 82
93 100 99 95 98 94 93 97
102 103 102
112 105 109 107 114 112 108 113 104
122 135 137 118 144 143 139 145 130 140 122 127 142 129 149 138
157 155 152 153
163 163 164 165 162 159 128
179 180 179
89 90
183 183 184 185
