ZtfcEeD9 J2tz5Jy2 Fj27Gybu 4FNIiWtX uYGlfCi2 1FIjcsO2 yRH0nOtz ZmF2u9Cy WOCLylig y7NjqOqM v654W2Kr xI4hMIxA Ah46Ofm8 n0riP8Jl 0MyIUMFM d4U8kEOb 43ehQX6O YWqBlkAs 3MYamZSb d4U8kEOb IZjIq9He w0QWGw2L n0riP8Jl Ah46Ofm8 O5yBujnu nDVKj516 hBRDGWam TNblhkGK wZJN4OBT HTyyntxa NvpMZWSs xkCjqYXa R2FCohpD xkCjqYXa NvpMZWSs HTyyntxa 1dr1nBQ7 ijk5cHsH 62Mn9lau LDk8elYd KbQF6Z1I VgwgAKMz Q2HoHQU7 lWuh5cH8 uEOMgmS6 bKTzHQn4 TNblhkGK nDVKj516 O5yBujnu Ah46Ofm8 xI4hMIxA w0QWGw2L IZjIq9He d4U8kEOb AmaYXBsi JqKGA9ul nFqouQp3 jc6bXCnq REvLgkhf eF0ueRyu SqpsWXRw RleTQaHw SqpsWXRw eF0ueRyu REvLgkhf jc6bXCnq nFqouQp3 JqKGA9ul bUsapUoo RGBDWX4o 97y3ut3B oqraQ3aF n7cwD1GE KZzTlcqA 7VEdC8Bn qtXV58SN Q2HoHQU7 VgwgAKMz FqE4GP0Y bKTzHQn4 TNblhkGK nDVKj516 O5yBujnu Ah46Ofm8 xI4hMIxA w0QWGw2L IZjIq9He d4U8kEOb AmaYXBsi b850DFfF ciNFdHxl oECxPSEB gX4kBNm4 LDk8elYd 62Mn9lau cZyhnB0I 0PR6ikBf EAWv9kfQ fURWpj00 EAWv9kfQ FdbcCrtB RjDUex61 IZjIq9He w0QWGw2L n0riP8Jl Ah46Ofm8 O5yBujnu nDVKj516 TNblhkGK bKTzHQn4 uEOMgmS6 lWuh5cH8 mrK2EXuk ca785uLx IdGLl1to PMzcqvQL sAdwIwgI KZzTlcqA 7VEdC8Bn qtXV58SN Q2HoHQU7 VgwgAKMz FqE4GP0Y bKTzHQn4 TNblhkGK nDVKj516 O5yBujnu Ah46Ofm8 xI4hMIxA w0QWGw2L IZjIq9He RjDUex61 FdbcCrtB EAWv9kfQ fURWpj00 itC9pvuP zvH4AKmS gmal2HHS ZS8CQaI7 Fj27Gybu 4FNIiWtX uYGlfCi2 1FIjcsO2 yRH0nOtz ZmF2u9Cy WOCLylig 8LVjFaQv ciNFdHxl oECxPSEB gX4kBNm4 LDk8elYd 62Mn9lau cZyhnB0I 3MYamZSb YWqBlkAs rbWYBihd NBKhkccj aACN5TTZ kTn5Wdms X4DALK1Z Rd2M5nw8 DA7bDRCs NgGjr3Ik FgxkC8N1 CIF8DWXL yWlzbESz 7czjmzr9 7Xy44hse 7czjmzr9 4FNIiWtX uYGlfCi2 1FIjcsO2 yRH0nOtz ZmF2u9Cy WOCLylig 8LVjFaQv EEVF7P1A Wznv2rRv gX4kBNm4 KbQF6Z1I NpH6Hpsr 62Mn9lau zpLQ0R0G 3L2NkWiR 8avKqSxh CTlg3xsv T2a0VXcz bUsapUoo dB8nWjnw 1gtWVzKV xkCjqYXa NvpMZWSs HTyyntxa 1dr1nBQ7 TNblhkGK bKTzHQn4 uEOMgmS6 lWuh5cH8 SUGv8yIU CGddIqkC BOlNhFGU gKOyNQPh APMxsbBa KcGXxWyr 0MyIUMFM sAdwIwgI KZzTlcqA 7VEdC8Bn qtXV58SN Q2HoHQU7 VgwgAKMz FqE4GP0Y bKTzHQn4 TNblhkGK nDVKj516 O5yBujnu Ah46Ofm8 xI4hMIxA w0QWGw2L IZjIq9He RjDUex61 FdbcCrtB EAWv9kfQ fURWpj00 itC9pvuP zvH4AKmS gmal2HHS ZS8CQaI7 Fj27Gybu 4FNIiWtX uYGlfCi2 1FIjcsO2 yRH0nOtz ZmF2u9Cy WOCLylig 8LVjFaQv ciNFdHxl oECxPSEB gX4kBNm4 LDk8elYd 62Mn9lau cZyhnB0I 3MYamZSb YWqBlkAs rbWYBihd NBKhkccj aACN5TTZ kTn5Wdms X4DALK1Z Rd2M5nw8 DA7bDRCs 6hjWynHN LvdUl8D5 aSd01nMZ eFJgi8X6 aSd01nMZ W7b2i2pG BkhTgoaJ iF2sCG7R B65DnegI X4DALK1Z kTn5Wdms aACN5TTZ NBKhkccj oqraQ3aF 97y3ut3B 7P5zi9hu yRH0nOtz IdGLl1to ca785uLx mrK2EXuk lWuh5cH8 CxnbNU8s eJJL3lWa poaWnZDO FGbFUcoj miUcr0K7 eHAI1Emd YXHt7Frx T2a0VXcz JqKGA9ul nFqouQp3 jc6bXCnq WPOgjVLu eF0ueRyu SqpsWXRw RleTQaHw oECxPSEB Wznv2rRv FqE4GP0Y bKTzHQn4 TNblhkGK nDVKj516 O5yBujnu Ah46Ofm8 xI4hMIxA w0QWGw2L IZjIq9He d4U8kEOb 0MyIUMFM KcGXxWyr aWGQETjI gKOyNQPh BOlNhFGU 7VEdC8Bn KZzTlcqA KbQF6Z1I LDk8elYd 62Mn9lau ijk5cHsH 8LVjFaQv NSdaWdL7 dzvtjag1 PLFYaVF6 FdbcCrtB EAWv9kfQ fURWpj00 itC9pvuP zvH4AKmS gmal2HHS ZS8CQaI7 ZtfcEeD9
20
ZtfcEeD9 J2tz5Jy2 ZtfcEeD9 ZS8CQaI7
eFJgi8X6 8Rfeklr1 FGbFUcoj poaWnZDO aSd01nMZ eFJgi8X6 91Uq51QB sFR9mcaG
DA7bDRCs CIF8DWXL yptfWPBC Rd2M5nw8
7Xy44hse 7Xy44hse mSd4Nw6v
ca785uLx EB4WBsTV ca785uLx dzvtjag1 mrK2EXuk
4FNIiWtX Fj27Gybu aDGqWHym xRPgtW5C mlHu9OVg U7cZo0h2 PLFYaVF6
RleTQaHw RleTQaHw eF0ueRyu Wznv2rRv zpLQ0R0G
ijk5cHsH 8LVjFaQv ijk5cHsH 1dr1nBQ7 62Mn9lau
gKOyNQPh lWuh5cH8 BOlNhFGU 1gtWVzKV gKOyNQPh JfDq1Cs2 aWGQETjI CGddIqkC
PMzcqvQL PMzcqvQL W7b2i2pG uMuBYvMK IdGLl1to yRH0nOtz
97y3ut3B 7P5zi9hu d5gzYuse o4xf7nVd
n7cwD1GE SG64DwCC KZzTlcqA
LDk8elYd NpH6Hpsr ntaFp6yn OJgw7XgR
VgwgAKMz 04vrMVdi FqE4GP0Y zvH4AKmS VgwgAKMz
fURWpj00 FdbcCrtB EAWv9kfQ RjDUex61 miUcr0K7 8avKqSxh
hBRDGWam O5yBujnu wZJN4OBT kMauNR5Y TNblhkGK Pz0LLMil B65DnegI HTyyntxa hBRDGWam 2KepLMXB lqKnzPvP CxnbNU8s
y7NjqOqM svPb07cv CBKWpDQv WOCLylig jKNn1ZQ1 ciNFdHxl y7NjqOqM NSdaWdL7
JqKGA9ul nFqouQp3 X4DALK1Z kTn5Wdms xzWL2Pp8 tCAdUY4B Q7hUKAHQ gX4kBNm4 w0QWGw2L AmaYXBsi
YWqBlkAs 43ehQX6O bJ22zvWV rbWYBihd LvdUl8D5 qnVestAH 0MyIUMFM fa3ra0T7 YWqBlkAs 3MYamZSb
R2FCohpD Tb8W969R wusYsf5E
