Acton Carlsbad Alpaugh Benicia Beaumont Calabasas Brentwood Galt Firebaugh Felton Claremont Clio Arcadia Calwa Anaheim Brisbane Dublin Bowles Buttonwillow Corona Calexico Corralitos Dorris Dorrington Commerce Atherton Corcoran Delhi Fremont Fairview Coronado Boron Dorris Dorrington Castroville Fontana Canyondam Bakersfield Burney Fellows Clovis Camarillo Burbank Calimesa Burbank Brisbane Dublin Bowles Buttonwillow Corona Calexico Corralitos Dorris Dorrington Commerce Darwin Caruthers Bradley Colfax Aromas Barstow Calimesa Burbank Brisbane Dublin Bowles Buttonwillow Corona Empire Etna Dinuba Banning Antioch Bluewater Biola Cutten Colton Downey Blairsden Atherton Corcoran Delhi Fremont Fairview Coronado Boron Dorris Dorrington Castroville Fontana Canyondam Bakersfield Burney Fellows Clovis Camarillo Burbank Brisbane Dublin Bowles Buttonwillow Corona Empire Etna Clio Durham Fairfax Durham Clio Arcadia Calwa Anaheim Brisbane Dublin Bowles Buttonwillow Corona Calexico Corralitos Dorris Dorrington Commerce Darwin Caruthers Freedom Coachella Banning Antioch Bluewater Biola Cutten Colton Downey Covina Colusa Fontana Canyondam Bakersfield Burney Fellows Concow Carrick Bonita Belvedere Calistoga Beckwourth Azusa Capitola Bradley Colfax Aromas Bystrom Aptos Chester Citrus Cupertino Columbia Avalon Ceres Farmersville Almanor Esparto Blythe Arbuckle Cartago Bodfish Cotati Exeter Fillmore Alpine Delano Carson Bishop Arvin Cayucos Cambria Corning Bell Artesia Fresno Bluewater Biola Cutten Colton Downey Blairsden Atherton Corcoran Delhi Fremont Fairview Coronado Boron Dorris Dorrington Castroville Fontana Canyondam Bakersfield Burney Fellows Clovis Darwin Caruthers Freedom Coachella Calabasas Dixon Broadmoor Amesti Cabazon Cobb Azusa Capitola Bradley Colfax Aromas Bystrom Aptos Chester Citrus Cupertino Columbia Coalinga Forestville Byron Biggs Fowler Cypress Cromberg Bradley Colfax Aromas Barstow Calimesa Burbank Brisbane Dublin Bowles Buttonwillow Corona Empire Etna Dinuba Alturas Florin Friant Bloomington Carson Calwa Fortuna Bonsall Clyde Escalon Calipatria Crockett Campbell Crestline Colusa Cromberg Bradley Colfax Aromas Barstow Calimesa Burbank Brisbane Dublin Bowles Buttonwillow Corona Empire Etna Clio Durham Fairfax Chino Burney Fellows Concow Carlsbad Encinitas Friant Bloomington Carson Calwa Fortuna Avenal Fruitdale Dixon Broadmoor Cerritos Exeter Cotati Bodfish Cartago Arbuckle Blythe Esparto Almanor Brawley Alhambra Burlingame Alhambra Belden Arcata Corning Bell Artesia Fresno Bluewater Biola Cutten Colton Downey Blairsden Atherton Corcoran Delhi Fremont Fairview Coronado Boron Dorris Dorrington Castroville Fontana Canyondam Bakersfield Burney Fellows Clovis Darwin Caruthers Freedom Coachella Campbell Crockett Calipatria Escalon Clyde Bonsall Fortuna Calwa Anaheim Dunsmuir Chualar Delano Armona Berkeley Crest Azusa Capitola Bradley Colfax Aromas Bystrom Aptos Chester Citrus Cupertino Columbia Coalinga Forestville Byron Biggs Folsom Emeryville Atwater Escondido Albany Bayview Angwin Fresno Bluewater Biola Cutten Colton Downey Blairsden Atherton Corcoran Delhi Fremont Fairview Coronado Boron Dorris Dorrington Castroville Fontana Canyondam Bakersfield Burney Fellows Clovis Camarillo Burbank Brisbane Dublin Bowles Buttonwillow Corona Empire Etna Clio Durham Fairfax Fallbrook Bonita Carrick Alameda Berkeley Auburn Ceres Avalon Columbia Cupertino Citrus Chester Chualar Carmichael Freedom Caruthers Covelo Ashland Colma Adelanto Georgetown Adelanto Colma Ashland Covelo Caruthers Freedom Coachella Banning Antioch Bluewater Biola Cutten Colton Downey Blairsden Atherton Corcoran Delhi Fremont Fairview Coronado Boron Dorris Dorrington Castroville Fontana Canyondam Bakersfield Burney Fellows Clovis Camarillo Burbank Brisbane Dublin Bowles Buttonwillow Corona Empire Etna Clio Durham Fairfax Fallbrook Bonita Carrick Alameda Berkeley Auburn Ceres Avalon Columbia Cupertino Citrus Chester Chualar Cutler Cloverdale Ducor Bayview Colfax Aromas Barstow Cobb Cabazon Crockett Calipatria Escalon Alpaugh Carlsbad Acton
19
Acton Alpaugh Beaumont Benicia Carlsbad
Georgetown Adelanto Avery Bellflower
Burlingame Alhambra Burlingame
Bishop Almanor Anaheim Arbuckle Artesia Arvin Belden Belmont Bishop Blythe Bootjack Boron Brea Carson Cartago
Atwater Angwin Atwater Bayview Bolinas
Banning Alamo Albany Alturas Antioch Banning Bell Biola Cambria Cayucos
Atherton Atherton Blairsden Bluewater Buttonwillow Canyondam Castroville
Clyde Altadena Avenal Bonsall Boronda Campbell
Carrick Alameda Belvedere Bonita Carrick
Broadmoor Amesti Brentwood Broadmoor Cabazon Cerritos
Berkeley Armona Auburn Berkeley
Biggs Alpine Biggs Bodfish Brawley Byron Caribou
Cypress Ashland Bradbury
Beckwourth Azusa Beckwourth Bloomington Calistoga
Avalon Anderson Aptos Arcata Atascadero Auberry Avalon Bystrom Carpinteria Ceres
Clio Arcadia August Calabasas Calexico
Clovis Bakersfield Burney Camarillo
Bradley Arnold Aromas Bradley Calipatria Capitola Caruthers
Calimesa Barstow Bowles Brisbane Burbank Calimesa Calwa Carmichael
