Loc1 Loc195 Loc115 Loc50 Loc104 Loc153 Loc65 Loc159 Loc113 Loc151 Loc59 Loc123 Loc59 Loc151 Loc113 Loc133 Loc73 Loc83 Loc26 Loc101 Loc73 Loc31 Loc26 Loc171 Loc73 Loc94 Loc20 Loc196 Loc44 Loc196 Loc132 Loc196 Loc111 Loc140 Loc1
20
Loc1 Loc5 Loc9 Loc13 Loc15 Loc16 Loc17 Loc30 Loc37 Loc38 Loc39 Loc52 Loc54 Loc57 Loc67 Loc71 Loc100 Loc107 Loc137 Loc143 Loc144 Loc154 Loc168 Loc172 Loc180 Loc189 Loc192
Loc104 Loc6 Loc7 Loc8 Loc14 Loc18 Loc25 Loc33 Loc53 Loc74 Loc76 Loc77 Loc97 Loc99 Loc103 Loc118 Loc141 Loc145 Loc175 Loc183
Loc123 Loc123
Loc115 Loc0 Loc19 Loc23 Loc27 Loc32 Loc51 Loc61 Loc62 Loc75 Loc91 Loc95 Loc96 Loc109 Loc110 Loc111 Loc124 Loc128 Loc129 Loc147 Loc149 Loc160 Loc167 Loc170 Loc176 Loc177 Loc188 Loc190
Loc94 Loc94 Loc106 Loc122 Loc163
Loc171 Loc171
Loc65 Loc65
Loc159 Loc159
Loc59 Loc151 Loc59
Loc44 Loc44 Loc85 Loc197
Loc132 Loc132
Loc140 Loc140
Loc31 Loc31
Loc20 Loc20
Loc133 Loc133
Loc83 Loc83
Loc50 Loc11 Loc50
Loc101 Loc46 Loc60 Loc101 Loc182
Loc195 Loc195
Loc153 Loc3 Loc153
