pace market rob mature glasses notebook reliable comfortable father compromise case compromise ward embarrassment injection pardon discriminate quadruple ask sign exploit environment prison virgin blonde cigarette expression assignment winner boom triple voice triple boom confrontation hospitality quiet speaker audience module smile drawer certain scheme certain exempt penetrate node terms hospitality confrontation boom triple voice disclose approval pier swop joystick class widen native paper autonomy ward compromise shiver structure respect king ladder smile module audience outline iron coast lifestyle coast forge excuse exclusive vegetarian pardon discriminate quadruple imposter driver mystery title pipe joystick class widen native paper autonomy ward compromise shiver structure respect king ladder smile module audience outline iron rob market country single shy triple boom confrontation hospitality quiet speaker audience module flag prison virgin clay rage grounds demand legislation extort imposter driver mystery deter identity module audience outline pace market country prison virgin thirsty structure output buffet weapon tolerate cigarette aspect mist quality circulation stress enemy candle teacher excuse exclusive electronics coast lifestyle cotton paper viable policy viable atmosphere fortune reliable comfortable father compromise ward embarrassment injection pardon discriminate quadruple electronics exclusive excuse forge outline audience module flag prison virgin clay rage grounds demand address judicial coincide dive honor sign exploit environment prison virgin clay rage grounds demand legislation extort imposter driver mystery deter identity module audience outline pace market vegetarian exclusive excuse teacher candle triple boom confrontation railcar assume acceptance assume pipe joystick class widen native paper autonomy ward compromise shiver structure respect king ladder smile module audience outline iron rob market country prison virgin clay rage dialogue candle teacher ex spoil desk injection pardon discriminate quadruple electronics exclusive dip opposed feature enter science begin greeting dough linger title pipe joystick deposit rage grounds demand legislation extort imposter driver banana market pace
20
pace market coffin control structure buffet mature driver throne rob other pace respect
lifestyle exclusive dip cotton curriculum coast likely lifestyle election excuse
audience audience decisive ignore
policy viable atmosphere
dive coincide dive
ask teacher stress candle electronics ask enemy quadruple pardon chair attraction forge
begin begin development dough note greeting feature
smile drawer smile flag headline
scheme exempt injury scheme
environment environment interface
acceptance acceptance
title deter tablet physics illusion offset exile imposter due page
pier identity pig spoil knot skeleton interactive swear
joystick swop widen guarantee bowel
reliable comfortable liver
blonde virgin assignment profound shiver mercy native straighten pipe
rage output rent rage tool
case injection autonomy thumb financial
single error country home
voice triple railcar confrontation boom
