HAZtD EyMEe GxQg8 XWtdT DaieK Qz8Ub kNG2j acHTt cu5FB UQeyk cu5FB acHTt kNG2j C4biR KtlQd C4biR kNG2j 4AhmX UQeyk EgumV zrVPv b9v0q SEkfX WVEjT gcByh VG4na Q5zY0 DchVt ZKvNM 69WZh EgumV UQeyk cu5FB acHTt kNG2j C4biR dmbCw Mm2U8 dmbCw C4biR kNG2j 4AhmX UQeyk EgumV zrVPv b9v0q SEkfX wVSYr B19Le dLgmf VG4na 5MtKr VG4na dLgmf B19Le wVSYr SEkfX v7hOX Mm2U8 dmbCw C4biR kNG2j 4AhmX UQeyk EgumV 69WZh R6NzB 0FMEI 5EAEu sU69u 4PSW9 cC0Rg Tp7uZ zcuSA 9cp56 p3gJd C4biR dmbCw Mm2U8 fExZu wVSYr SEkfX b9v0q VG4na Q5zY0 ZKvNM R6NzB 0FMEI 3JtxZ GrnJ7 iIQll 4jcrD DmTRc GfIsc rmW0U SfSL1 RkCLD 2kvzl E6pda e7SjH 2LhKB e7SjH o2JtM GaZ4O ejBhY iPRoT 8Qx0C qz2Of 234po fiXIW GWb7L kYZ5P Jbr8u ejBhY 8Qx0C qz2Of 234po fiXIW 0moVI pLg86 Xqwfz Gf5gy Xqwfz NqBQW UqGfS GxQg8 DaieK Qz8Ub kNG2j acHTt cu5FB UQeyk EgumV zrVPv b9v0q SEkfX wVSYr B19Le dLgmf Ia6ul 5MtKr Q5zY0 ZKvNM R6NzB 0FMEI 3JtxZ GrnJ7 4jcrD Vg6Sz OEGHh qz2Of 234po fiXIW Pk19A ninof lqKR5 ninof Pk19A fiXIW 234po qz2Of OEGHh Vg6Sz 4jcrD GrnJ7 3JtxZ sU69u 4PSW9 cC0Rg lJnz7 GxQg8 EyMEe HAZtD
20
HAZtD z82fM RN9nS 4Tt2a 5h4rt 4PXv9 J0OP0 iKwe0 wnnBN Lusir Ssao4 ED9em Cg1yP
Tp7uZ Zxvdf cC0Rg lJnz7 0F8yg zcuSA gpbSj u60s4
iIQll p4kTx iIQll 4jcrD gNinx UbqWX Vg6Sz 5EAEu DmTRc 2GCiD v9joy iaaYU
5MtKr VG4na ox9Gx Ia6ul
SfSL1 bMhFI HOuAL CHx6u 9tf0w lF8gH
2kvzl xKTIz
2LhKB DuU0x 2LhKB E6pda
kYZ5P 7kY28 HAKlt fiXIW
Mm2U8 fExZu v7hOX
KtlQd AwFdf
XWtdT aWuHk uPUO1 UqGfS vfAR8 GxQg8 1gvq4 bW6Ms X2hjX aegld iqOI4
DchVt zrVPv R6NzB TzGS5 iHR3J fWz4T mdIe6 eVDVP
Qz8Ub kNG2j 4AhmX DaieK O8CwF p3gJd cpzS8 rH3nx TlJnt
lqKR5 pLg86 0moVI OWqP4 URrao Pk19A 1VA1I iimZq 6owsT IOpdQ
GaZ4O BIY9X H1xt8
iPRoT Q8lcd 8Qx0C
SEkfX WVEjT SEkfX wedr3
Gf5gy Zok18 NqBQW SxklZ VESmp BaYb3
UQeyk cu5FB jesVt acHTt EgumV 69WZh
B19Le Agb0E
