location1 location180 location179 location178 location177 location174 location173 location172 location169 location168 location167 location164 location163 location162 location159 location158 location157 location154 location153 location152 location149 location148 location147 location144 location143 location142 location139 location138 location137 location134 location133 location132 location129 location128 location127 location124 location123 location122 location119 location118 location117 location114 location113 location112 location40 location112 location115 location118 location121 location124 location127 location130 location133 location136 location139 location142 location145 location148 location151 location154 location157 location160 location163 location166 location169 location172 location175 location178 location179 location180 location1 location101 location100 location103 location102 location105 location104 location107 location106 location109 location108 location111 location114 location117 location120 location123 location126 location129 location132 location135 location138 location141 location144 location147 location150 location153 location156 location159 location162 location165 location168 location171 location174 location177 location178 location179 location180 location1 location101 location102 location99 location96 location99 location102 location105 location108 location111 location114 location117 location120 location123 location126 location129 location132 location135 location138 location141 location144 location147 location150 location153 location156 location159 location162 location165 location168 location171 location174 location177 location178 location179 location180 location1 location4 location7 location76 location79 location82 location85 location88 location91 location90 location93 location94 location97 location100 location103 location106 location109 location112 location115 location118 location121 location124 location127 location130 location133 location136 location139 location142 location145 location148 location151 location154 location157 location160 location163 location166 location169 location172 location175 location178 location179 location180 location1 location4 location3 location26 location29 location32 location35 location38 location41 location44 location47 location50 location53 location52 location55 location116 location119 location122 location125 location128 location131 location134 location137 location140 location143 location146 location149 location152 location155 location158 location161 location164 location167 location170 location173 location176 location179 location180 location1 location101 location104 location107 location110 location111 location112 location40 location43 location73 location70 location73 location118 location121 location124 location127 location130 location133 location136 location139 location142 location145 location148 location151 location154 location157 location160 location163 location166 location169 location172 location175 location178 location179 location180 location1 location101 location104 location107 location110 location113 location116 location55 location83 location86 location17 location20 location23 location26 location29 location32 location35 location38 location41 location44 location47 location50 location11 location12 location13 location16 location116 location119 location122 location125 location128 location131 location134 location137 location140 location143 location146 location149 location152 location155 location158 location161 location164 location167 location170 location173 location176 location179 location180 location1
18
location1 location1 location15 location25 location31 location59 location65 location101 location113 location115 location117 location119 location121 location123 location125 location127 location129 location131 location133 location135 location137 location139 location141 location143 location145 location147 location149 location151 location153 location155 location157 location159 location161 location163 location165 location167 location169 location171 location173 location175 location177 location179
location7 location5 location7
location79 location33 location57 location63 location75 location77 location79
location85 location17 location81 location83 location85
location90 location87 location89 location91 location93
location94 location95 location97
location96 location99
location3 location3 location23
location100 location103
location102 location105
location29 location21 location27 location29
location104 location107
location106 location109
location108 location111
location40 location35 location37 location39 location41 location43
location13 location9 location13
location52 location11 location19 location45 location47 location49 location51 location53 location55
location70 location61 location67 location69 location71 location73
