Ilesa El PortVila Meizhou Pleasant Rhosllanerchrugog Jashpurnagar Sishui Sirsi Itacoatiara Valletta Bon Valletta Itacoatiara Sirsi Memmingen Tupelo Bang Shagamu Beidao Bhit West Sishui American Bavly American Houthalen Espoo Tiruppuvanam Mexborough Nizhniy Dongdu Rahat Dongdu Ghat Inawashiro Kyzylorda Inawashiro Sheoganj Bogovinje Tak Chamba GatesNorth Puerto Pune Puerto Foshan Bobigny Copperas Ksar Rosemount Portogruaro Great Tyoply Great Barras San Randudongkal Most GatesNorth Niort Voznesensk Clermont Voznesensk Aistala Bordj Otegen Bordj Malden Boli Andes Lakota Weimar Lakota Krymsk Ilesa
19
Ilesa Claremont Foshan Resplendor Bensheim Oberhausen Campobasso Ilesa GernikaLumo
Sirsi Sishui Sirsi Palafrugell Calauan Barracas Itacoatiara Ponta Dahlem
Pleasant Azrou Polohy Shaowu Davis PointeClaire Meizhou
Tupelo Milledgeville Tupelo Bang Memmingen Uran Puducherry
Bogovinje Bogovinje Tak Skalica MitryMory Mouscron Valday
Rahat Jagna Palm Sillanwali Tupiza Hermsdorf Alfenas
Ksar Brunswick New Copperas
Bon Valletta Landshut Guli Ramla An Viewpark Bon
Otegen Milagro
Tiruppuvanam Mexborough Tiruppuvanam Onex
Kyzylorda Brzeg Kyzylorda
Weimar Stuttgart
Bavly Bavly Gariadhar American DehiwalaMount WaltonontheNaze
Pune Shagamu Rutland Puerto Villaquilambre Oulmes
Clermont Niort Clermont
Tyoply Ada Tyoply Great
Jashpurnagar Malden Perth Zaozhuang Aurora Rhosllanerchrugog Magomeni Aleshtar Marburg Jashpurnagar LonsleSaunier Tharu
West Bobigny Sorsogon Lodwar
PortVila Talipparamba Aklera Sceaux Stupino Alexandria Chacabuco UlanUde Yingkou Ventimiglia Toledo PortVila Lille Jiangyan Paredes
