108 119 193 14 148 89 72 25 116 167 19 27 59 14 158 181 184 17 161 14 85 68 79 24 83 19 68 165 13 184 119 108
19
108 57 64 151 66 69 5 170 32
184 26 184 186 56 71
83 129 78 83 140 84 92
161 34 23 150 77
68 95 68 85
59 54 157 75 15 38 43 179
72 46 44 49
116 7 48 107 190 109 101
158 63 138 31 133 120
148 114 176 137 24 148 187 182 134 197 28
19 19 126 174
25 142 117 65
27 99 100
17 188 67 153 61 17
14 14 81 144 35 82 53
79 13 79 36
167 118 181 167
193 39 37 121 11 128 136 45 96 177 73 146 143
119 110 1 130
