pride magnetic combine exit integrated predict formation equinox transform difference whole loud sight fault withdraw transaction prove chaos community mind shelter understanding absorption understanding shelter unique domestic pride
20
pride pride thank domestic bring
predict predict mechanism leash accessible
withdraw makeup tribe berry line
loud loud hide deter maze contract celebration
absorption farewell trance absorption fortune snap steward
mind mind community tin dose scrap rabbit gift
chaos create ballot breakin skip pastel traction denial
transform creation inhibition
shelter vote homosexual pupil shelter
prove prove think belief transaction perception basketball appear offensive
integrated mosaic suffer knit integrated dialect linear
combine desk thread
fault seller wrong bracket dedicate childish
difference car lobby battery fuss craftsman
formation present formation
exit magnitude adult salmon valid company exotic merit
equinox crew partnership equinox colon huge
sight dilemma cancel
magnetic transmission dramatic feign nationalism east minimize magnetic direct
whole work glide top concern deck whole
