location4 location145 location80 location54 location3 location88 location104 location136 location70 location177 location26 location45 location105 location191 location169 location171 location6 location55 location188 location96 location4
20
location4 location20 location83
location171 location171 location84
location70 location43 location170 location168 location15 location120 location70
location96 location50 location96 location127
location3 location49 location33 location129 location29
location45 location181 location186 location190 location41 location135 location115 location146 location124
location55 location55 location93 location147 location63 location19 location158 location48
location191 location18 location191 location24
location26 location0 location11 location100 location132 location192
location80 location80 location183 location140 location165
location104 location99 location108 location157 location160 location2 location51 location189 location152
location6 location6 location23 location113 location141 location159 location72 location37 location60
location188 location117 location155 location122 location125 location188
location54 location116 location193 location54 location119
location136 location128 location143 location136
location145 location21 location74 location107 location163 location57 location92 location40
location177 location16 location31 location101 location68 location110 location148 location25 location102 location177
location105 location56 location156 location185 location62
location169 location71 location169 location1
location88 location133 location64 location5 location14 location144
