0 10 21 22 32 43 53 64 74 85 95 106 116 127 137 148 158 169 179 189 198 197 196 195 194 193 192 191 190 191 192 193 194 195 196 197 198 189 179 169 168 177 176 175 165 175 186 196 197 198 189 179 169 168 167 156 147 148 149 139 129 128 127 126 135 145 144 153 163 173 184 194 195 196 197 198 189 179 169 168 177 176 175 165 155 156 147 148 149 139 129 128 127 126 135 134 144 153 152 162 171 170 160 150 141 131 132 143 153 164 174 185 195 196 197 198 189 179 169 168 177 176 166 156 147 148 149 139 129 128 127 126 135 134 124 113 124 134 145 155 166 176 187 197 198 189 179 169 168 157 148 149 139 129 128 127 126 115 106 107 108 109 99 89 88 87 86 85 94 93 104 114 125 135 146 156 167 177 188 189 179 169 159 149 148 137 128 129 119 109 108 107 106 95 86 87 88 89 79 69 68 67 66 65 74 73 72 82 92 103 113 124 134 145 155 166 176 187 197 198 189 179 169 168 157 148 149 139 129 128 127 126 115 106 107 108 109 99 89 88 87 86 85 74 73 63 62 61 50 41 42 43 44 45 55 66 76 87 97 108 118 129 139 149 159 169 179 189 198 197 196 195 194 193 192 191 190 180 170 171 172 173 174 175 176 167 157 147 146 155 154 153 152 151 150 140 130 131 132 133 134 125 126 116 106 105 104 113 112 111 110 100 90 91 92 83 84 74 64 63 62 71 70 60 50 41 42 43 33 24 34 45 55 66 76 87 97 108 118 129 139 149 159 169 179 189 198 197 196 195 194 193 192 191 190 180 170 171 172 173 174 175 176 167 157 147 146 155 154 153 152 151 150 140 130 131 132 133 134 125 126 116 106 105 104 113 112 111 110 100 90 91 92 83 84 74 64 63 62 71 70 60 50 41 42 32 22 21 10 1 2 12 23 33 44 54 65 75 86 96 107 117 128 129 119 109 99 89 88 77 68 69 59 49 39 49 59 69 79 89 99 109 119 129 139 149 159 169 179 189 198 197 196 195 194 193 192 191 190 180 170 171 172 173 174 175 176 167 157 147 146 155 154 153 152 151 150 140 130 131 132 133 134 125 126 127 117 107 106 105 104 113 112 111 110 100 90 91 92 83 84 85 86 87 77 67 66 65 64 63 62 71 70 60 50 41 42 43 44 45 46 47 37 28 38 49 59 69 79 89 99 109 119 129 139 149 159 169 179 189 198 197 196 195 194 193 192 191 190 180 170 171 172 173 174 175 176 167 157 147 146 155 154 153 152 151 150 140 130 131 132 133 134 125 126 127 117 107 106 105 104 113 112 111 110 100 90 91 92 83 84 85 86 87 77 67 66 65 64 63 62 71 70 60 50 41 42 43 44 45 46 36 26 36 47 57 68 78 89 99 109 119 129 139 149 159 169 179 189 198 197 196 195 194 193 192 191 190 180 170 171 172 173 174 175 176 167 157 147 146 155 154 153 152 151 150 140 130 131 132 133 134 125 126 127 117 107 106 105 104 113 112 111 110 100 90 91 92 83 84 85 86 76 66 65 64 63 62 71 70 60 50 41 42 43 44 34 24 23 22 21 10 1 2 3 4 14 25 35 46 56 67 77 88 89 79 69 59 49 48 37 28 29 19 29 39 49 59 69 79 89 99 109 119 129 139 149 159 169 179 189 198 197 196 195 194 193 192 191 190 180 170 171 172 173 174 175 176 167 157 147 146 155 154 153 152 151 150 140 130 131 132 133 134 125 126 127 117 107 106 105 104 113 112 111 110 100 90 91 92 83 84 85 86 87 77 67 66 65 64 63 62 71 70 60 50 41 42 43 44 45 46 47 37 27 26 25 24 23 22 21 10 1 2 3 4 5 6 16 27 37 48 49 39 29 19 9 8 18 29 39 49 59 69 79 89 99 109 119 129 139 149 159 169 179 189 198 197 196 195 194 193 192 191 190 180 170 171 172 173 174 175 176 167 157 147 146 155 154 153 152 151 150 140 130 131 132 133 134 125 126 127 117 107 106 105 104 113 112 111 110 100 90 91 92 83 84 85 86 87 77 67 66 65 64 63 62 71 70 60 50 41 42 43 44 45 46 47 37 27 26 25 24 23 22 21 10 0
19
190 125 86 160 108 127 99 77 178 64 188 158 68 139 95 146 147 149 76 167 87 189 118 181 129 105 140 48 150 98 107 199 198 96 161 116 89 67
82 61 20 82 51 71 83 81 70 72
132 80 101 122 132 123 133 111
93 103 73 94 104
113 114 102
173 152 130 164 151 153 120 184 183
2 12 2
4 5 4
6 15 16
8 9 18 8 17
19 29
22 31 22 21
24 33 24
26 26
28 37
165 186 154 196 155 166 175 182 165 187 176
39 39
43 53 43 42
45 45
