BU AG GV FW CE CZ FB BL FZ FR DG AN DM EA EY HJ GF CX DV CG BX FV AS DM BH FD GQ GN FY CM AH EH AX GB FP CY GS AV EL AV CE FW FH FA EU HN GJ HN ER CB DS DD DI FI CG BX FV AS DW AZ DV FM BJ HE BS FS CM AH EH HI DI BH ED AD BU AG EZ DV DT EN GQ CR FG DJ BG GS EF DF HQ FR CF GM CI BO GD DX HN ER BL BU
20
BU BU FF DL BY HF
FZ FN FR FL EQ
AZ FG DQ GK AP GT
FD FD CD GQ AF BH HH GE
EA EO HG GP CS EV
BJ CV ET BQ
CY CY FP CA GS AR
EL EL AE AV CR FI
CM CM EK AT GO FY
CG DV CX DZ ES
BO CI HA
CB HC DJ BZ ER GY
HJ HJ DP BE BM CW EY
FA CT BF DE AY FS DU BG
FV BK EG HM GA BA
DG EC AN GN HP
GV DR BW FW CQ DM BN DT GH
GJ DS CK DX FU
CZ DI CZ EN FB GM DD
AX DK EH AQ CO AX
