l0 l39 h91 l45 l85 l52 l46 h79 h24 l60 l57 h83 l65 l68 h26 h44 h33 h6 h36 h28 l15 h30 l78 h33 h44 l52 l61 h68 h82 h45 h33 l0
20
l0 h0 h25 h46 h81
h83 h1 h2 h3 h61 h83 h89 h90 h94
h6 h6 h22 h58 h74 h75 h77
l52 h31 h48
h79 h10 h18 h32 h33 h35 h68 h79
h26 h26 h95
l60 h34 h49 h93 h96
h82 h8 h21 h41 h53 h54 h57 h64 h76 h82
l68 h20 h39 h55 h66 h72
h30 h30 h78
h28 h7 h17 h28 h45 h80 h85
l57 h4 h9 h13 h36 h50 h63 h97
l46 h12 h40 h43 h62 h65 h71 h86 h88
l45 h14 h15 h16 h19 h23 h29 h42 h51 h70
l65 h69
l39 h37 h52 h56 h73 h98 h99
h44 h44
h24 h11 h24 h92
l85 h5 h27 h87
h91 h38 h47 h59 h60 h67 h84 h91
