Mf966TmCJF9l0PTKetVd 26qGQxnCCbJ2EOhN7Gcj 0lQJttb9mqclt5GB6G6p FhyU3TGCVWgCcMMzAMS1 Man5mweIdA0oHezvIoTH SQhK0n9L9aixdJxvdeKd OUMbAfpzy5GRzgDEKokb vfUng4KWHMI1EW7MPH8O 0O3lDJvzYSiuZNzHimQX MgfIiwMElh8mtTDc3OTG jAzyDyaN1mD5Ei1RjCiO km12BN3CByUGmRV2tX7b hdzMlRPopi59kMOfpHEo bBJ5TDHtVrSIxXmQJ63J BPT5ZnXHY4PLKTlszS8H ksXyQQNO2sSJacUypI8V VqBuOSJBVqxMG4rldwQn lbdkv57MCZ97lfIXEhIW QMfugTdL8cMnu7owJzpL CxdADQl1Lh5mGQMAravk u4VGAkqq00Jhej3knMJI ksXyQQNO2sSJacUypI8V 7ArLVA3N0doHBQAlCDtl Mf966TmCJF9l0PTKetVd
20
Mf966TmCJF9l0PTKetVd aU4DeG46NC8vRU6N0ahg Xucw5TdPOzp0SQGWHjkE 1crXui4lUlMG7IuTFiXo dOWv4G57nxm9UArCvQlq tH0lbMmdJDVlC4Pr7uAb R87rV3jFUvYuE0RN4Z4a jZUUy27kZ3z2uIv0PGPy QZIvvAQe1weWyQjLrGi1
ksXyQQNO2sSJacUypI8V rzYdrZxXnbXlOjFVWVaR kGhQ3uDjcFA7MLP7UF4W lrLgTYF7nIsDkEYlxuHz
Man5mweIdA0oHezvIoTH KKiBHd9DTQAd6AZYxlK3 QMmklR1fA1rnjMsU1WMc bLojQFXmB5k6r0zKTWYe
u4VGAkqq00Jhej3knMJI 1wZce3qjltyIzzlL1Zfw Q4jkxyPtGKis0eXik3Gg byF5FvS6RJUrgCsP3o6T u4VGAkqq00Jhej3knMJI WQlZty1AKP9gLfjz0EYW BcvYB1mubFuRTbgMUsXg
jAzyDyaN1mD5Ei1RjCiO OGxA8YvD4WfIxOfmtWm4 4CVQrsejmjPmVL7elf2w jAzyDyaN1mD5Ei1RjCiO Y5ZKsuPbCDUQp5LjPNey flliQzyn5hSC8yLOMyYJ wtlCpdxHbUUmSY7DnD2u TBEGhhvsdStRJh2Eqkyf
lbdkv57MCZ97lfIXEhIW JWE9kJZ3fUSBbRtkVScl Hpniux0SkkA6CliHWNDc AjMqEYKq0eELwsiEhQNE IwnN6xRahpjWnxZTYR2F ydEppVwK15UN0USyP00U
0lQJttb9mqclt5GB6G6p YrtjNlKZcZnAXu7owFPA zDq8bGYKiSYw3c53IWfw Crbc9OlCoJ9dTIJXXsjb TmdW4dU59umpgT9XX8G3
vfUng4KWHMI1EW7MPH8O PLyQF48YPXs4LxxIxWHM 2bMCdMiNzTpm8a2kNe9G p6bp9pYgtaGo4Q50DQAM iRg3oRlKsAtLuOm5tUrC WZxeHszJ2ShfYgJs53YV NtZncVsU7O40k1BXousH
hdzMlRPopi59kMOfpHEo wNmo9den9k6ySqzO7o0M cAkwFDH7tSQkP40ewGcD Ic20PkDM6xxefUTvJEIQ 56ePYTmTGzdOHfvnLEPd ZDA7k1XMUYTsnmCfuUtR
0O3lDJvzYSiuZNzHimQX TkZ4LHIfwKap48xdp8m2 Yw0z9L8p6xIk7hgYCgVd 0O3lDJvzYSiuZNzHimQX 7ArLVA3N0doHBQAlCDtl
VqBuOSJBVqxMG4rldwQn VqBuOSJBVqxMG4rldwQn HKK5Jm9eHd0V7gvBWuw9 y3cL4LyhfEAlU1Jj1Xj6 HhITLZSwERe6osGRUBXt mGfIqoDGGajPXw9RvY8S
bBJ5TDHtVrSIxXmQJ63J NvfSRypj4POoHWC3jDz3 bBJ5TDHtVrSIxXmQJ63J fsCdklolnC3ndvzFtyM3
QMfugTdL8cMnu7owJzpL S0PhmGw8tyUPzxvRSE5R CLNCAWQgYnzuvt7RChAf b2icxuMf1zEyF7ImMEzE GfTqQpqjWivAFXbCN2BL 1aGCWVuyE8DRxIV204ZW
OUMbAfpzy5GRzgDEKokb BLgd9OLqnPIJY5LCIxDK ZPAxEbVjKWTr0cDqLbA0 sSdPSXUotKahf03SRnBn W1IcDWCQWwTCriXsjtm4
26qGQxnCCbJ2EOhN7Gcj GzkbHop7cJv0CvjQalTE 7c4FoaFf1TJetsLZUEok 5ebtvAsyAh8vEmm1Z3wm JfWSVxbK8iOEPzK7FV9x KCy3uvDFe4h3kwRgxFiX RrBlUMzlEzdRa5S1pyiF VaRx19QfIOvUT5pZyulj
SQhK0n9L9aixdJxvdeKd ul7ierPjffkmvfh4Ylme UvtGaTsTes8Gs4gE8ya3 CHHJQHxp9VQGraviPBS2 SQhK0n9L9aixdJxvdeKd e2usEAoRX2qu6mneHOxg
BPT5ZnXHY4PLKTlszS8H CxdADQl1Lh5mGQMAravk czjPVxJvSz9DoMc0Y7Vv aH2XDl7CjGFhEP3bbYjH wyZ3Q4gHyaxpdYdezyjU OyOgefgJfgx6VwEfudZn
MgfIiwMElh8mtTDc3OTG trOoQ3enuOI8GUJqwAMC JfzkldRR1w0Y52KBg47D pxBA1Tii62WPeRWcccVp
FhyU3TGCVWgCcMMzAMS1 kVdbGuYm0jD2q8vsLFHY Ad4iMaOuAofXNjJzNKWl XfWllIgv9lA6ZwGuKvLt BCVfaQnOCgLubJ23r8nF eA2uctxdjBuXDZUrmUHy 4mRiy2s23Ljl4N4CqEav
km12BN3CByUGmRV2tX7b 3Yod5nNtIcKNmTtNQ3xH km12BN3CByUGmRV2tX7b a6uUA0TEdnZwD1b73O9r N7mkTpLI9Mgh0txBOflw acwLCbshqBQuYbTzAPRI 4mdSIFCsq2HySOzm2H4M
