L0 L57 L98 L101 L122 L111 L112 L119 L196 L16 L171 L144 L152 L153 L152 L144 L107 L94 L88 L187 L47 L70 L81 L105 L81 L70 L91 L178 L179 L192 L191 L77 L49 L97 L38 L124 L20 L71 L197 L149 L139 L140 L45 L140 L139 L104 L43 L184 L2 L68 L31 L48 L157 L87 L167 L166 L84 L166 L137 L135 L23 L135 L137 L166 L167 L98 L101 L59 L101 L98 L33 L52 L111 L122 L27 L0
20
L0 L118 L73 L33 L176 L163 L116 L30 L27 L31
L157 L157
L23 L24 L23 L96 L164 L55 L110 L10 L26
L88 L94 L95
L178 L13 L41 L132 L178
L98 L98 L57 L50 L149 L14
L112 L119 L29 L192 L141 L113 L112 L82 L194
L45 L188 L58 L64 L106 L46
L47 L54 L68 L12 L47 L135
L153 L39 L142 L153 L3 L49
L84 L84 L147 L8 L53
L105 L61 L175 L81 L127 L109 L104
L124 L75 L125 L38 L165 L168 L102
L16 L18 L1 L196 L62 L48
L59 L59
L139 L130 L74 L139
L52 L199 L146 L52
L122 L197 L160 L123 L121 L2 L20
L144 L7 L144 L80 L107 L97 L143 L65 L152 L69
L77 L177 L60 L77 L145 L138
